2026-03-04T10:58:10.5917799Z Current runner version: '2.331.0'
2026-03-04T10:58:10.5952126Z ##[group]Runner Image Provisioner
2026-03-04T10:58:10.5954350Z Hosted Compute Agent
2026-03-04T10:58:10.5955255Z Version: 20260213.493
2026-03-04T10:58:10.5956118Z Commit: 5c115507f6dd24b8de37d8bbe0bb4509d0cc0fa3
2026-03-04T10:58:10.5957812Z Build Date: 2026-02-13T00:28:41Z
2026-03-04T10:58:10.5959273Z Worker ID: {bc78d8bc-2703-4f5b-9074-e64a8cfc0f9d}
2026-03-04T10:58:10.5960418Z Azure Region: centralus
2026-03-04T10:58:10.5961338Z ##[endgroup]
2026-03-04T10:58:10.5963320Z ##[group]Operating System
2026-03-04T10:58:10.5964234Z Microsoft Windows Server 2025
2026-03-04T10:58:10.5965172Z 10.0.26100
2026-03-04T10:58:10.5965857Z Datacenter
2026-03-04T10:58:10.5966652Z ##[endgroup]
2026-03-04T10:58:10.5967423Z ##[group]Runner Image
2026-03-04T10:58:10.5968259Z Image: windows-2025
2026-03-04T10:58:10.5969004Z Version: 20260225.38.2
2026-03-04T10:58:10.5971316Z Included Software: https://github.com/actions/runner-images/blob/win25/20260225.38/images/windows/Windows2025-Readme.md
2026-03-04T10:58:10.5973791Z Image Release: https://github.com/actions/runner-images/releases/tag/win25%2F20260225.38
2026-03-04T10:58:10.5975419Z ##[endgroup]
2026-03-04T10:58:10.5977104Z ##[group]GITHUB_TOKEN Permissions
2026-03-04T10:58:10.5980811Z Contents: read
2026-03-04T10:58:10.5981653Z Metadata: read
2026-03-04T10:58:10.5982346Z Packages: read
2026-03-04T10:58:10.5982989Z ##[endgroup]
2026-03-04T10:58:10.5985984Z Secret source: Actions
2026-03-04T10:58:10.5987219Z Prepare workflow directory
2026-03-04T10:58:10.6509527Z Prepare all required actions
2026-03-04T10:58:10.6569990Z Getting action download info
2026-03-04T10:58:11.1257869Z Download action repository 'actions/checkout@v4' (SHA:34e114876b0b11c390a56381ad16ebd13914f8d5)
2026-03-04T10:58:11.2729480Z Download action repository 'actions/setup-python@v5' (SHA:a26af69be951a213d495a4c3e4e4022e16d87065)
2026-03-04T10:58:11.4479117Z Download action repository 'actions/upload-artifact@v4' (SHA:ea165f8d65b6e75b540449e92b4886f43607fa02)
2026-03-04T10:58:11.8792448Z Complete job name: test-windows (3.12)
2026-03-04T10:58:12.0381545Z ##[group]Run actions/checkout@v4
2026-03-04T10:58:12.0383160Z with:
2026-03-04T10:58:12.0383825Z   repository: egorKara/integrator
2026-03-04T10:58:12.0384897Z   token: ***
2026-03-04T10:58:12.0385518Z   ssh-strict: true
2026-03-04T10:58:12.0386172Z   ssh-user: git
2026-03-04T10:58:12.0386823Z   persist-credentials: true
2026-03-04T10:58:12.0387569Z   clean: true
2026-03-04T10:58:12.0388241Z   sparse-checkout-cone-mode: true
2026-03-04T10:58:12.0389061Z   fetch-depth: 1
2026-03-04T10:58:12.0390208Z   fetch-tags: false
2026-03-04T10:58:12.0390892Z   show-progress: true
2026-03-04T10:58:12.0391569Z   lfs: false
2026-03-04T10:58:12.0392170Z   submodules: false
2026-03-04T10:58:12.0392859Z   set-safe-directory: true
2026-03-04T10:58:12.0393867Z ##[endgroup]
2026-03-04T10:58:13.8921978Z Syncing repository: egorKara/integrator
2026-03-04T10:58:13.8923293Z ##[group]Getting Git version info
2026-03-04T10:58:13.8923698Z Working directory is 'D:\a\integrator\integrator'
2026-03-04T10:58:13.8927517Z [command]"C:\Program Files\Git\bin\git.exe" version
2026-03-04T10:58:13.8928255Z git version 2.53.0.windows.1
2026-03-04T10:58:13.8931202Z ##[endgroup]
2026-03-04T10:58:13.8935991Z Temporarily overriding HOME='D:\a\_temp\a44d3782-487b-40e8-bbab-b64979afbc45' before making global git config changes
2026-03-04T10:58:13.8937200Z Adding repository directory to the temporary git global config as a safe directory
2026-03-04T10:58:13.8938314Z [command]"C:\Program Files\Git\bin\git.exe" config --global --add safe.directory D:\a\integrator\integrator
2026-03-04T10:58:13.8940411Z Deleting the contents of 'D:\a\integrator\integrator'
2026-03-04T10:58:13.8941468Z ##[group]Initializing the repository
2026-03-04T10:58:13.8942338Z [command]"C:\Program Files\Git\bin\git.exe" init D:\a\integrator\integrator
2026-03-04T10:58:13.8943264Z Initialized empty Git repository in D:/a/integrator/integrator/.git/
2026-03-04T10:58:13.8947795Z [command]"C:\Program Files\Git\bin\git.exe" remote add origin https://github.com/egorKara/integrator
2026-03-04T10:58:13.8950003Z ##[endgroup]
2026-03-04T10:58:13.8952068Z ##[group]Disabling automatic garbage collection
2026-03-04T10:58:13.8952957Z [command]"C:\Program Files\Git\bin\git.exe" config --local gc.auto 0
2026-03-04T10:58:13.8954671Z ##[endgroup]
2026-03-04T10:58:13.8955358Z ##[group]Setting up auth
2026-03-04T10:58:13.8956269Z [command]"C:\Program Files\Git\bin\git.exe" config --local --name-only --get-regexp core\.sshCommand
2026-03-04T10:58:13.8959261Z [command]"C:\Program Files\Git\bin\git.exe" submodule foreach --recursive "sh -c \"git config --local --name-only --get-regexp 'core\.sshCommand' && git config --local --unset-all 'core.sshCommand' || :\""
2026-03-04T10:58:15.4383564Z [command]"C:\Program Files\Git\bin\git.exe" config --local --name-only --get-regexp http\.https\:\/\/github\.com\/\.extraheader
2026-03-04T10:58:15.4722042Z [command]"C:\Program Files\Git\bin\git.exe" submodule foreach --recursive "sh -c \"git config --local --name-only --get-regexp 'http\.https\:\/\/github\.com\/\.extraheader' && git config --local --unset-all 'http.https://github.com/.extraheader' || :\""
2026-03-04T10:58:16.0941882Z [command]"C:\Program Files\Git\bin\git.exe" config --local --name-only --get-regexp ^includeIf\.gitdir:
2026-03-04T10:58:16.1277021Z [command]"C:\Program Files\Git\bin\git.exe" submodule foreach --recursive "git config --local --show-origin --name-only --get-regexp remote.origin.url"
2026-03-04T10:58:16.7394273Z [command]"C:\Program Files\Git\bin\git.exe" config --local http.https://github.com/.extraheader "AUTHORIZATION: basic ***"
2026-03-04T10:58:16.7719233Z ##[endgroup]
2026-03-04T10:58:16.7720333Z ##[group]Fetching the repository
2026-03-04T10:58:16.7736383Z [command]"C:\Program Files\Git\bin\git.exe" -c protocol.version=2 fetch --no-tags --prune --no-recurse-submodules --depth=1 origin +e9c7e17286f5b6c7b9d05313e87b9314a3d637ae:refs/remotes/origin/main
2026-03-04T10:58:18.1917965Z From https://github.com/egorKara/integrator
2026-03-04T10:58:18.1918982Z  * [new ref]         e9c7e17286f5b6c7b9d05313e87b9314a3d637ae -> origin/main
2026-03-04T10:58:18.2452308Z ##[endgroup]
2026-03-04T10:58:18.2462300Z ##[group]Determining the checkout info
2026-03-04T10:58:18.2463327Z ##[endgroup]
2026-03-04T10:58:18.2468873Z [command]"C:\Program Files\Git\bin\git.exe" sparse-checkout disable
2026-03-04T10:58:18.3096566Z [command]"C:\Program Files\Git\bin\git.exe" config --local --unset-all extensions.worktreeConfig
2026-03-04T10:58:18.3523522Z ##[group]Checking out the ref
2026-03-04T10:58:18.3551051Z [command]"C:\Program Files\Git\bin\git.exe" checkout --progress --force -B main refs/remotes/origin/main
2026-03-04T10:58:18.5045873Z Switched to a new branch 'main'
2026-03-04T10:58:18.5077296Z branch 'main' set up to track 'origin/main'.
2026-03-04T10:58:18.5141357Z ##[endgroup]
2026-03-04T10:58:18.5678384Z [command]"C:\Program Files\Git\bin\git.exe" log -1 --format=%H
2026-03-04T10:58:18.6010249Z e9c7e17286f5b6c7b9d05313e87b9314a3d637ae
2026-03-04T10:58:18.6493445Z ##[group]Run actions/setup-python@v5
2026-03-04T10:58:18.6493787Z with:
2026-03-04T10:58:18.6493978Z   python-version: 3.12
2026-03-04T10:58:18.6494180Z   cache: pip
2026-03-04T10:58:18.6494345Z   check-latest: false
2026-03-04T10:58:18.6494655Z   token: ***
2026-03-04T10:58:18.6494835Z   update-environment: true
2026-03-04T10:58:18.6495055Z   allow-prereleases: false
2026-03-04T10:58:18.6495282Z   freethreaded: false
2026-03-04T10:58:18.6495456Z ##[endgroup]
2026-03-04T10:58:18.9234536Z ##[group]Installed versions
2026-03-04T10:58:18.9842944Z Successfully set up CPython (3.12.10)
2026-03-04T10:58:18.9843942Z ##[endgroup]
2026-03-04T10:58:24.4992218Z pip cache is not found
2026-03-04T10:58:24.5385333Z ##[group]Run python -m pip install --upgrade pip
2026-03-04T10:58:24.5386221Z [36;1mpython -m pip install --upgrade pip[0m
2026-03-04T10:58:24.5386786Z [36;1mpython -m pip install -r requirements.dev.lock.txt[0m
2026-03-04T10:58:24.5388189Z [36;1mpython -m pip install -e .[0m
2026-03-04T10:58:24.6245353Z shell: C:\Program Files\PowerShell\7\pwsh.EXE -command ". '{0}'"
2026-03-04T10:58:24.6245784Z env:
2026-03-04T10:58:24.6246672Z   pythonLocation: C:\hostedtoolcache\windows\Python\3.12.10\x64
2026-03-04T10:58:24.6247389Z   PKG_CONFIG_PATH: C:\hostedtoolcache\windows\Python\3.12.10\x64/lib/pkgconfig
2026-03-04T10:58:24.6247863Z   Python_ROOT_DIR: C:\hostedtoolcache\windows\Python\3.12.10\x64
2026-03-04T10:58:24.6248302Z   Python2_ROOT_DIR: C:\hostedtoolcache\windows\Python\3.12.10\x64
2026-03-04T10:58:24.6248724Z   Python3_ROOT_DIR: C:\hostedtoolcache\windows\Python\3.12.10\x64
2026-03-04T10:58:24.6249048Z ##[endgroup]
2026-03-04T10:58:34.7479355Z Requirement already satisfied: pip in C:\hostedtoolcache\windows\Python\3.12.10\x64\Lib\site-packages (26.0.1)
2026-03-04T10:58:37.5016032Z Collecting build==1.3.0 (from -r requirements.dev.lock.txt (line 1))
2026-03-04T10:58:37.8109718Z   Downloading build-1.3.0-py3-none-any.whl.metadata (5.6 kB)
2026-03-04T10:58:38.3949295Z Collecting coverage==7.13.4 (from -r requirements.dev.lock.txt (line 2))
2026-03-04T10:58:38.4127076Z   Downloading coverage-7.13.4-cp312-cp312-win_amd64.whl.metadata (8.7 kB)
2026-03-04T10:58:38.6247811Z Collecting mypy==1.19.1 (from -r requirements.dev.lock.txt (line 3))
2026-03-04T10:58:38.6460181Z   Downloading mypy-1.19.1-cp312-cp312-win_amd64.whl.metadata (2.3 kB)
2026-03-04T10:58:38.7830911Z Collecting pre-commit==3.7.0 (from -r requirements.dev.lock.txt (line 4))
2026-03-04T10:58:38.8067082Z   Downloading pre_commit-3.7.0-py2.py3-none-any.whl.metadata (1.3 kB)
2026-03-04T10:58:39.2902592Z Collecting ruff==0.15.1 (from -r requirements.dev.lock.txt (line 5))
2026-03-04T10:58:39.3088473Z   Downloading ruff-0.15.1-py3-none-win_amd64.whl.metadata (26 kB)
2026-03-04T10:58:39.4715055Z Collecting twine==6.1.0 (from -r requirements.dev.lock.txt (line 6))
2026-03-04T10:58:39.4912145Z   Downloading twine-6.1.0-py3-none-any.whl.metadata (3.7 kB)
2026-03-04T10:58:39.5399388Z Requirement already satisfied: packaging>=19.1 in C:\hostedtoolcache\windows\Python\3.12.10\x64\Lib\site-packages (from build==1.3.0->-r requirements.dev.lock.txt (line 1)) (26.0)
2026-03-04T10:58:39.5866368Z Collecting pyproject_hooks (from build==1.3.0->-r requirements.dev.lock.txt (line 1))
2026-03-04T10:58:39.6057767Z   Downloading pyproject_hooks-1.2.0-py3-none-any.whl.metadata (1.3 kB)
2026-03-04T10:58:39.6374975Z Requirement already satisfied: colorama in C:\hostedtoolcache\windows\Python\3.12.10\x64\Lib\site-packages (from build==1.3.0->-r requirements.dev.lock.txt (line 1)) (0.4.6)
2026-03-04T10:58:39.6991972Z Collecting typing_extensions>=4.6.0 (from mypy==1.19.1->-r requirements.dev.lock.txt (line 3))
2026-03-04T10:58:39.7167401Z   Downloading typing_extensions-4.15.0-py3-none-any.whl.metadata (3.3 kB)
2026-03-04T10:58:39.8263551Z Collecting mypy_extensions>=1.0.0 (from mypy==1.19.1->-r requirements.dev.lock.txt (line 3))
2026-03-04T10:58:39.8573624Z   Downloading mypy_extensions-1.1.0-py3-none-any.whl.metadata (1.1 kB)
2026-03-04T10:58:39.9725959Z Collecting pathspec>=0.9.0 (from mypy==1.19.1->-r requirements.dev.lock.txt (line 3))
2026-03-04T10:58:39.9904830Z   Downloading pathspec-1.0.4-py3-none-any.whl.metadata (13 kB)
2026-03-04T10:58:40.1905275Z Collecting librt>=0.6.2 (from mypy==1.19.1->-r requirements.dev.lock.txt (line 3))
2026-03-04T10:58:40.2115879Z   Downloading librt-0.8.1-cp312-cp312-win_amd64.whl.metadata (1.4 kB)
2026-03-04T10:58:40.3151219Z Collecting cfgv>=2.0.0 (from pre-commit==3.7.0->-r requirements.dev.lock.txt (line 4))
2026-03-04T10:58:40.3355899Z   Downloading cfgv-3.5.0-py2.py3-none-any.whl.metadata (8.9 kB)
2026-03-04T10:58:40.4808456Z Collecting identify>=1.0.0 (from pre-commit==3.7.0->-r requirements.dev.lock.txt (line 4))
2026-03-04T10:58:40.4978483Z   Downloading identify-2.6.17-py2.py3-none-any.whl.metadata (4.4 kB)
2026-03-04T10:58:40.5823722Z Collecting nodeenv>=0.11.1 (from pre-commit==3.7.0->-r requirements.dev.lock.txt (line 4))
2026-03-04T10:58:40.5999132Z   Downloading nodeenv-1.10.0-py2.py3-none-any.whl.metadata (24 kB)
2026-03-04T10:58:40.7106575Z Collecting pyyaml>=5.1 (from pre-commit==3.7.0->-r requirements.dev.lock.txt (line 4))
2026-03-04T10:58:40.7382690Z   Downloading pyyaml-6.0.3-cp312-cp312-win_amd64.whl.metadata (2.4 kB)
2026-03-04T10:58:40.8933857Z Collecting virtualenv>=20.10.0 (from pre-commit==3.7.0->-r requirements.dev.lock.txt (line 4))
2026-03-04T10:58:40.9112783Z   Downloading virtualenv-21.1.0-py3-none-any.whl.metadata (3.5 kB)
2026-03-04T10:58:41.0306350Z Collecting readme-renderer>=35.0 (from twine==6.1.0->-r requirements.dev.lock.txt (line 6))
2026-03-04T10:58:41.0478113Z   Downloading readme_renderer-44.0-py3-none-any.whl.metadata (2.8 kB)
2026-03-04T10:58:41.1510160Z Collecting requests>=2.20 (from twine==6.1.0->-r requirements.dev.lock.txt (line 6))
2026-03-04T10:58:41.1688594Z   Downloading requests-2.32.5-py3-none-any.whl.metadata (4.9 kB)
2026-03-04T10:58:41.2934697Z Collecting requests-toolbelt!=0.9.0,>=0.8.0 (from twine==6.1.0->-r requirements.dev.lock.txt (line 6))
2026-03-04T10:58:41.3109036Z   Downloading requests_toolbelt-1.0.0-py2.py3-none-any.whl.metadata (14 kB)
2026-03-04T10:58:42.1810461Z Collecting urllib3>=1.26.0 (from twine==6.1.0->-r requirements.dev.lock.txt (line 6))
2026-03-04T10:58:43.1974261Z   Downloading urllib3-2.6.3-py3-none-any.whl.metadata (6.9 kB)
2026-03-04T10:58:43.1975147Z Collecting keyring>=15.1 (from twine==6.1.0->-r requirements.dev.lock.txt (line 6))
2026-03-04T10:58:43.1976030Z   Downloading keyring-25.7.0-py3-none-any.whl.metadata (21 kB)
2026-03-04T10:58:43.1976855Z Collecting rfc3986>=1.4.0 (from twine==6.1.0->-r requirements.dev.lock.txt (line 6))
2026-03-04T10:58:43.1977751Z   Downloading rfc3986-2.0.0-py2.py3-none-any.whl.metadata (6.6 kB)
2026-03-04T10:58:43.1978675Z Collecting rich>=12.0.0 (from twine==6.1.0->-r requirements.dev.lock.txt (line 6))
2026-03-04T10:58:43.1979491Z   Downloading rich-14.3.3-py3-none-any.whl.metadata (18 kB)
2026-03-04T10:58:43.1980236Z Collecting id (from twine==6.1.0->-r requirements.dev.lock.txt (line 6))
2026-03-04T10:58:43.1980976Z   Downloading id-1.6.1-py3-none-any.whl.metadata (5.1 kB)
2026-03-04T10:58:43.1981875Z Collecting pywin32-ctypes>=0.2.0 (from keyring>=15.1->twine==6.1.0->-r requirements.dev.lock.txt (line 6))
2026-03-04T10:58:43.1982900Z   Downloading pywin32_ctypes-0.2.3-py3-none-any.whl.metadata (3.9 kB)
2026-03-04T10:58:43.1983872Z Collecting jaraco.classes (from keyring>=15.1->twine==6.1.0->-r requirements.dev.lock.txt (line 6))
2026-03-04T10:58:43.1984867Z   Downloading jaraco.classes-3.4.0-py3-none-any.whl.metadata (2.6 kB)
2026-03-04T10:58:43.1985898Z Collecting jaraco.functools (from keyring>=15.1->twine==6.1.0->-r requirements.dev.lock.txt (line 6))
2026-03-04T10:58:43.1986928Z   Downloading jaraco_functools-4.4.0-py3-none-any.whl.metadata (3.0 kB)
2026-03-04T10:58:43.1987933Z Collecting jaraco.context (from keyring>=15.1->twine==6.1.0->-r requirements.dev.lock.txt (line 6))
2026-03-04T10:58:43.1991508Z   Downloading jaraco_context-6.1.0-py3-none-any.whl.metadata (4.3 kB)
2026-03-04T10:58:43.1992535Z Collecting nh3>=0.2.14 (from readme-renderer>=35.0->twine==6.1.0->-r requirements.dev.lock.txt (line 6))
2026-03-04T10:58:43.1993493Z   Downloading nh3-0.3.3-cp38-abi3-win_amd64.whl.metadata (2.0 kB)
2026-03-04T10:58:43.1994472Z Collecting docutils>=0.21.2 (from readme-renderer>=35.0->twine==6.1.0->-r requirements.dev.lock.txt (line 6))
2026-03-04T10:58:43.1995493Z   Downloading docutils-0.22.4-py3-none-any.whl.metadata (15 kB)
2026-03-04T10:58:43.1996486Z Collecting Pygments>=2.5.1 (from readme-renderer>=35.0->twine==6.1.0->-r requirements.dev.lock.txt (line 6))
2026-03-04T10:58:43.1998681Z   Downloading pygments-2.19.2-py3-none-any.whl.metadata (2.5 kB)
2026-03-04T10:58:43.2174221Z Collecting charset_normalizer<4,>=2 (from requests>=2.20->twine==6.1.0->-r requirements.dev.lock.txt (line 6))
2026-03-04T10:58:43.2355633Z   Downloading charset_normalizer-3.4.4-cp312-cp312-win_amd64.whl.metadata (38 kB)
2026-03-04T10:58:43.3334255Z Collecting idna<4,>=2.5 (from requests>=2.20->twine==6.1.0->-r requirements.dev.lock.txt (line 6))
2026-03-04T10:58:43.3503432Z   Downloading idna-3.11-py3-none-any.whl.metadata (8.4 kB)
2026-03-04T10:58:43.4334932Z Collecting certifi>=2017.4.17 (from requests>=2.20->twine==6.1.0->-r requirements.dev.lock.txt (line 6))
2026-03-04T10:58:43.4518868Z   Downloading certifi-2026.2.25-py3-none-any.whl.metadata (2.5 kB)
2026-03-04T10:58:43.5561806Z Collecting markdown-it-py>=2.2.0 (from rich>=12.0.0->twine==6.1.0->-r requirements.dev.lock.txt (line 6))
2026-03-04T10:58:43.5751577Z   Downloading markdown_it_py-4.0.0-py3-none-any.whl.metadata (7.3 kB)
2026-03-04T10:58:43.6656783Z Collecting mdurl~=0.1 (from markdown-it-py>=2.2.0->rich>=12.0.0->twine==6.1.0->-r requirements.dev.lock.txt (line 6))
2026-03-04T10:58:43.6899979Z   Downloading mdurl-0.1.2-py3-none-any.whl.metadata (1.6 kB)
2026-03-04T10:58:43.7819076Z Collecting distlib<1,>=0.3.7 (from virtualenv>=20.10.0->pre-commit==3.7.0->-r requirements.dev.lock.txt (line 4))
2026-03-04T10:58:43.8028545Z   Downloading distlib-0.4.0-py2.py3-none-any.whl.metadata (5.2 kB)
2026-03-04T10:58:43.8984619Z Collecting filelock<4,>=3.24.2 (from virtualenv>=20.10.0->pre-commit==3.7.0->-r requirements.dev.lock.txt (line 4))
2026-03-04T10:58:43.9170109Z   Downloading filelock-3.25.0-py3-none-any.whl.metadata (2.0 kB)
2026-03-04T10:58:43.9690337Z Requirement already satisfied: platformdirs<5,>=3.9.1 in C:\hostedtoolcache\windows\Python\3.12.10\x64\Lib\site-packages (from virtualenv>=20.10.0->pre-commit==3.7.0->-r requirements.dev.lock.txt (line 4)) (4.9.2)
2026-03-04T10:58:44.0390054Z Collecting python-discovery>=1 (from virtualenv>=20.10.0->pre-commit==3.7.0->-r requirements.dev.lock.txt (line 4))
2026-03-04T10:58:44.0559646Z   Downloading python_discovery-1.1.0-py3-none-any.whl.metadata (4.0 kB)
2026-03-04T10:58:44.2084802Z Collecting more-itertools (from jaraco.classes->keyring>=15.1->twine==6.1.0->-r requirements.dev.lock.txt (line 6))
2026-03-04T10:58:44.2290941Z   Downloading more_itertools-10.8.0-py3-none-any.whl.metadata (39 kB)
2026-03-04T10:58:44.2907730Z Downloading build-1.3.0-py3-none-any.whl (23 kB)
2026-03-04T10:58:44.3426337Z Downloading coverage-7.13.4-cp312-cp312-win_amd64.whl (222 kB)
2026-03-04T10:58:44.4502747Z Downloading mypy-1.19.1-cp312-cp312-win_amd64.whl (10.1 MB)
2026-03-04T10:58:44.6235819Z    ---------------------------------------- 10.1/10.1 MB 63.2 MB/s  0:00:00
2026-03-04T10:58:44.6414665Z Downloading pre_commit-3.7.0-py2.py3-none-any.whl (204 kB)
2026-03-04T10:58:44.7065186Z Downloading ruff-0.15.1-py3-none-win_amd64.whl (11.6 MB)
2026-03-04T10:58:44.8025740Z    ---------------------------------------- 11.6/11.6 MB 120.6 MB/s  0:00:00
2026-03-04T10:58:44.8190844Z Downloading twine-6.1.0-py3-none-any.whl (40 kB)
2026-03-04T10:58:44.8708759Z Downloading cfgv-3.5.0-py2.py3-none-any.whl (7.4 kB)
2026-03-04T10:58:45.0310375Z Downloading identify-2.6.17-py2.py3-none-any.whl (99 kB)
2026-03-04T10:58:45.0893727Z Downloading keyring-25.7.0-py3-none-any.whl (39 kB)
2026-03-04T10:58:45.1664473Z Downloading librt-0.8.1-cp312-cp312-win_amd64.whl (62 kB)
2026-03-04T10:58:45.2220142Z Downloading mypy_extensions-1.1.0-py3-none-any.whl (5.0 kB)
2026-03-04T10:58:45.2769955Z Downloading nodeenv-1.10.0-py2.py3-none-any.whl (23 kB)
2026-03-04T10:58:45.3560896Z Downloading pathspec-1.0.4-py3-none-any.whl (55 kB)
2026-03-04T10:58:45.4153231Z Downloading pywin32_ctypes-0.2.3-py3-none-any.whl (30 kB)
2026-03-04T10:58:45.5047723Z Downloading pyyaml-6.0.3-cp312-cp312-win_amd64.whl (154 kB)
2026-03-04T10:58:45.5605954Z Downloading readme_renderer-44.0-py3-none-any.whl (13 kB)
2026-03-04T10:58:45.6177694Z Downloading docutils-0.22.4-py3-none-any.whl (633 kB)
2026-03-04T10:58:45.6726418Z    ---------------------------------------- 633.2/633.2 kB 7.9 MB/s  0:00:00
2026-03-04T10:58:45.6899096Z Downloading nh3-0.3.3-cp38-abi3-win_amd64.whl (631 kB)
2026-03-04T10:58:46.7339962Z    ---------------------------------------- 631.2/631.2 kB 352.4 kB/s  0:00:01
2026-03-04T10:58:46.7517758Z Downloading pygments-2.19.2-py3-none-any.whl (1.2 MB)
2026-03-04T10:58:46.8244812Z    ---------------------------------------- 1.2/1.2 MB 12.3 MB/s  0:00:00
2026-03-04T10:58:46.8413931Z Downloading requests-2.32.5-py3-none-any.whl (64 kB)
2026-03-04T10:58:46.9015176Z Downloading charset_normalizer-3.4.4-cp312-cp312-win_amd64.whl (107 kB)
2026-03-04T10:58:46.9628790Z Downloading idna-3.11-py3-none-any.whl (71 kB)
2026-03-04T10:58:47.0276785Z Downloading urllib3-2.6.3-py3-none-any.whl (131 kB)
2026-03-04T10:58:47.1075974Z Downloading certifi-2026.2.25-py3-none-any.whl (153 kB)
2026-03-04T10:58:47.1725614Z Downloading requests_toolbelt-1.0.0-py2.py3-none-any.whl (54 kB)
2026-03-04T10:58:47.2465024Z Downloading rfc3986-2.0.0-py2.py3-none-any.whl (31 kB)
2026-03-04T10:58:47.3294428Z Downloading rich-14.3.3-py3-none-any.whl (310 kB)
2026-03-04T10:58:47.3823030Z Downloading markdown_it_py-4.0.0-py3-none-any.whl (87 kB)
2026-03-04T10:58:47.4446355Z Downloading mdurl-0.1.2-py3-none-any.whl (10.0 kB)
2026-03-04T10:58:47.5179577Z Downloading typing_extensions-4.15.0-py3-none-any.whl (44 kB)
2026-03-04T10:58:47.5746251Z Downloading virtualenv-21.1.0-py3-none-any.whl (5.8 MB)
2026-03-04T10:58:47.6684076Z    ---------------------------------------- 5.8/5.8 MB 59.2 MB/s  0:00:00
2026-03-04T10:58:47.6859869Z Downloading distlib-0.4.0-py2.py3-none-any.whl (469 kB)
2026-03-04T10:58:47.7516064Z Downloading filelock-3.25.0-py3-none-any.whl (26 kB)
2026-03-04T10:58:47.8159912Z Downloading python_discovery-1.1.0-py3-none-any.whl (30 kB)
2026-03-04T10:58:47.8707165Z Downloading id-1.6.1-py3-none-any.whl (14 kB)
2026-03-04T10:58:47.9242204Z Downloading jaraco.classes-3.4.0-py3-none-any.whl (6.8 kB)
2026-03-04T10:58:47.9725937Z Downloading jaraco_context-6.1.0-py3-none-any.whl (7.1 kB)
2026-03-04T10:58:48.0257204Z Downloading jaraco_functools-4.4.0-py3-none-any.whl (10 kB)
2026-03-04T10:58:48.1177093Z Downloading more_itertools-10.8.0-py3-none-any.whl (69 kB)
2026-03-04T10:58:48.1879312Z Downloading pyproject_hooks-1.2.0-py3-none-any.whl (10 kB)
2026-03-04T10:58:48.4468001Z Installing collected packages: distlib, urllib3, typing_extensions, ruff, rfc3986, pyyaml, pywin32-ctypes, pyproject_hooks, Pygments, pathspec, nodeenv, nh3, mypy_extensions, more-itertools, mdurl, librt, jaraco.context, idna, identify, filelock, docutils, coverage, charset_normalizer, cfgv, certifi, requests, readme-renderer, python-discovery, mypy, markdown-it-py, jaraco.functools, jaraco.classes, id, build, virtualenv, rich, requests-toolbelt, keyring, twine, pre-commit
2026-03-04T10:59:07.8831596Z 
2026-03-04T10:59:07.8880991Z Successfully installed Pygments-2.19.2 build-1.3.0 certifi-2026.2.25 cfgv-3.5.0 charset_normalizer-3.4.4 coverage-7.13.4 distlib-0.4.0 docutils-0.22.4 filelock-3.25.0 id-1.6.1 identify-2.6.17 idna-3.11 jaraco.classes-3.4.0 jaraco.context-6.1.0 jaraco.functools-4.4.0 keyring-25.7.0 librt-0.8.1 markdown-it-py-4.0.0 mdurl-0.1.2 more-itertools-10.8.0 mypy-1.19.1 mypy_extensions-1.1.0 nh3-0.3.3 nodeenv-1.10.0 pathspec-1.0.4 pre-commit-3.7.0 pyproject_hooks-1.2.0 python-discovery-1.1.0 pywin32-ctypes-0.2.3 pyyaml-6.0.3 readme-renderer-44.0 requests-2.32.5 requests-toolbelt-1.0.0 rfc3986-2.0.0 rich-14.3.3 ruff-0.15.1 twine-6.1.0 typing_extensions-4.15.0 urllib3-2.6.3 virtualenv-21.1.0
2026-03-04T10:59:09.4067145Z Obtaining file:///D:/a/integrator/integrator
2026-03-04T10:59:09.4106217Z   Installing build dependencies: started
2026-03-04T10:59:13.1221002Z   Installing build dependencies: finished with status 'done'
2026-03-04T10:59:13.1251042Z   Checking if build backend supports build_editable: started
2026-03-04T10:59:13.6637469Z   Checking if build backend supports build_editable: finished with status 'done'
2026-03-04T10:59:13.6666498Z   Getting requirements to build editable: started
2026-03-04T10:59:14.5919588Z   Getting requirements to build editable: finished with status 'done'
2026-03-04T10:59:14.5953955Z   Preparing editable metadata (pyproject.toml): started
2026-03-04T10:59:14.9687131Z   Preparing editable metadata (pyproject.toml): finished with status 'done'
2026-03-04T10:59:14.9768907Z Building wheels for collected packages: integrator
2026-03-04T10:59:14.9802785Z   Building editable for integrator (pyproject.toml): started
2026-03-04T10:59:15.5081392Z   Building editable for integrator (pyproject.toml): finished with status 'done'
2026-03-04T10:59:15.5143570Z   Created wheel for integrator: filename=integrator-0.2.0-0.editable-py3-none-any.whl size=5145 sha256=05ac90d12c0f84bef4b13840bfdf3c924ea1e92d4413e2b0305a6d06b1e0fbc1
2026-03-04T10:59:15.5145949Z   Stored in directory: C:\Users\runneradmin\AppData\Local\Temp\pip-ephem-wheel-cache-05_and2q\wheels\1f\b3\9e\5f9a2da63dfd41c93cb21293bd97f78737feb5f4e7d2384b8c
2026-03-04T10:59:15.5182394Z Successfully built integrator
2026-03-04T10:59:15.5635400Z Installing collected packages: integrator
2026-03-04T10:59:15.6325385Z Successfully installed integrator-0.2.0
2026-03-04T10:59:16.7469957Z ##[group]Run New-Item -ItemType Directory -Force -Path reports | Out-Null
2026-03-04T10:59:16.7470546Z [36;1mNew-Item -ItemType Directory -Force -Path reports | Out-Null[0m
2026-03-04T10:59:16.7471099Z [36;1mpython guardrails.py --strict --json --scan-tracked --write-report reports/guardrails.json[0m
2026-03-04T10:59:16.7541996Z shell: C:\Program Files\PowerShell\7\pwsh.EXE -command ". '{0}'"
2026-03-04T10:59:16.7542375Z env:
2026-03-04T10:59:16.7542625Z   pythonLocation: C:\hostedtoolcache\windows\Python\3.12.10\x64
2026-03-04T10:59:16.7543069Z   PKG_CONFIG_PATH: C:\hostedtoolcache\windows\Python\3.12.10\x64/lib/pkgconfig
2026-03-04T10:59:16.7543510Z   Python_ROOT_DIR: C:\hostedtoolcache\windows\Python\3.12.10\x64
2026-03-04T10:59:16.7543902Z   Python2_ROOT_DIR: C:\hostedtoolcache\windows\Python\3.12.10\x64
2026-03-04T10:59:16.7544273Z   Python3_ROOT_DIR: C:\hostedtoolcache\windows\Python\3.12.10\x64
2026-03-04T10:59:16.7544578Z ##[endgroup]
2026-03-04T10:59:17.7338662Z {"kind": "guardrails_report", "repo_root": "D:\\a\\integrator\\integrator", "strict": true, "ok": false, "errors": [{"name": "vault_root", "status": "fail", "detail": "missing: D:\\a\\integrator\\integrator\\vault", "severity": "error"}, {"name": "vault_projects", "status": "fail", "detail": "missing: D:\\a\\integrator\\integrator\\vault\\Projects", "severity": "error"}, {"name": "localai_root", "status": "fail", "detail": "missing: D:\\a\\integrator\\integrator\\LocalAI", "severity": "error"}, {"name": "algotrading_root", "status": "fail", "detail": "missing: D:\\a\\integrator\\integrator\\vault\\Projects\\AlgoTrading", "severity": "error"}, {"name": "project_rules_index", "status": "fail", "detail": "missing: D:\\a\\integrator\\integrator\\vault\\Projects", "severity": "error"}], "warnings": [{"name": "localai_rules", "status": "warn", "detail": "D:\\a\\integrator\\integrator\\LocalAI\\assistant\\.trae\\rules\\project_rules.md; D:\\a\\integrator\\integrator\\LocalAI\\assistant\\README.md", "severity": "warning"}], "checks": [{"name": "repo_root", "status": "ok", "detail": "D:\\a\\integrator\\integrator", "severity": "info"}, {"name": "vault_root", "status": "fail", "detail": "missing: D:\\a\\integrator\\integrator\\vault", "severity": "error"}, {"name": "vault_projects", "status": "fail", "detail": "missing: D:\\a\\integrator\\integrator\\vault\\Projects", "severity": "error"}, {"name": "localai_root", "status": "fail", "detail": "missing: D:\\a\\integrator\\integrator\\LocalAI", "severity": "error"}, {"name": "algotrading_root", "status": "fail", "detail": "missing: D:\\a\\integrator\\integrator\\vault\\Projects\\AlgoTrading", "severity": "error"}, {"name": "project_rules_index", "status": "fail", "detail": "missing: D:\\a\\integrator\\integrator\\vault\\Projects", "severity": "error"}, {"name": "localai_rules", "status": "warn", "detail": "D:\\a\\integrator\\integrator\\LocalAI\\assistant\\.trae\\rules\\project_rules.md; D:\\a\\integrator\\integrator\\LocalAI\\assistant\\README.md", "severity": "warning"}, {"name": "absolute_user_paths", "status": "ok", "detail": "no C:\\Users\\ hardcoded paths in scanned files", "severity": "info"}, {"name": "secret_scan_errors", "status": "ok", "detail": "no high-confidence secrets detected", "severity": "info"}, {"name": "secret_scan_warnings", "status": "ok", "detail": "no generic secret patterns detected", "severity": "info"}, {"name": "secret_scan_tracked_errors", "status": "ok", "detail": "no high-confidence secrets detected", "severity": "info"}, {"name": "secret_scan_tracked_warnings", "status": "ok", "detail": "no generic secret patterns detected", "severity": "info"}, {"name": "risky_automation_commands", "status": "ok", "detail": "no high-risk destructive/network-disabling commands detected", "severity": "info"}, {"name": "ci_guardrails_hook", "status": "ok", "detail": "guardrails integrated in CI", "severity": "info"}], "scanned_files": 111}
2026-03-04T10:59:17.8122816Z ##[error]Process completed with exit code 1.
2026-03-04T10:59:17.8382708Z Post job cleanup.
2026-03-04T10:59:18.1438549Z [command]"C:\Program Files\Git\bin\git.exe" version
2026-03-04T10:59:18.1882250Z git version 2.53.0.windows.1
2026-03-04T10:59:18.2051622Z Temporarily overriding HOME='D:\a\_temp\2ce8f38e-d577-42cb-a50a-2f9b2ac82eba' before making global git config changes
2026-03-04T10:59:18.2063881Z Adding repository directory to the temporary git global config as a safe directory
2026-03-04T10:59:18.2072247Z [command]"C:\Program Files\Git\bin\git.exe" config --global --add safe.directory D:\a\integrator\integrator
2026-03-04T10:59:18.2498168Z [command]"C:\Program Files\Git\bin\git.exe" config --local --name-only --get-regexp core\.sshCommand
2026-03-04T10:59:18.2839768Z [command]"C:\Program Files\Git\bin\git.exe" submodule foreach --recursive "sh -c \"git config --local --name-only --get-regexp 'core\.sshCommand' && git config --local --unset-all 'core.sshCommand' || :\""
2026-03-04T10:59:18.9676598Z [command]"C:\Program Files\Git\bin\git.exe" config --local --name-only --get-regexp http\.https\:\/\/github\.com\/\.extraheader
2026-03-04T10:59:18.9978228Z http.https://github.com/.extraheader
2026-03-04T10:59:19.0029558Z [command]"C:\Program Files\Git\bin\git.exe" config --local --unset-all http.https://github.com/.extraheader
2026-03-04T10:59:19.0368023Z [command]"C:\Program Files\Git\bin\git.exe" submodule foreach --recursive "sh -c \"git config --local --name-only --get-regexp 'http\.https\:\/\/github\.com\/\.extraheader' && git config --local --unset-all 'http.https://github.com/.extraheader' || :\""
2026-03-04T10:59:19.7271898Z [command]"C:\Program Files\Git\bin\git.exe" config --local --name-only --get-regexp ^includeIf\.gitdir:
2026-03-04T10:59:19.7273832Z [command]"C:\Program Files\Git\bin\git.exe" submodule foreach --recursive "git config --local --show-origin --name-only --get-regexp remote.origin.url"
2026-03-04T10:59:20.2560369Z Cleaning up orphan processes
