2026-03-04T11:10:16.3276358Z Current runner version: '2.331.0'
2026-03-04T11:10:16.3311055Z ##[group]Runner Image Provisioner
2026-03-04T11:10:16.3312105Z Hosted Compute Agent
2026-03-04T11:10:16.3312961Z Version: 20260213.493
2026-03-04T11:10:16.3313837Z Commit: 5c115507f6dd24b8de37d8bbe0bb4509d0cc0fa3
2026-03-04T11:10:16.3314843Z Build Date: 2026-02-13T00:28:41Z
2026-03-04T11:10:16.3316996Z Worker ID: {7216ecb1-804b-4b09-b840-817d84e7388e}
2026-03-04T11:10:16.3318013Z Azure Region: eastus2
2026-03-04T11:10:16.3318768Z ##[endgroup]
2026-03-04T11:10:16.3320766Z ##[group]Operating System
2026-03-04T11:10:16.3321735Z Microsoft Windows Server 2025
2026-03-04T11:10:16.3322553Z 10.0.26100
2026-03-04T11:10:16.3323220Z Datacenter
2026-03-04T11:10:16.3323909Z ##[endgroup]
2026-03-04T11:10:16.3324584Z ##[group]Runner Image
2026-03-04T11:10:16.3325497Z Image: windows-2025
2026-03-04T11:10:16.3326220Z Version: 20260225.38.2
2026-03-04T11:10:16.3328324Z Included Software: https://github.com/actions/runner-images/blob/win25/20260225.38/images/windows/Windows2025-Readme.md
2026-03-04T11:10:16.3330804Z Image Release: https://github.com/actions/runner-images/releases/tag/win25%2F20260225.38
2026-03-04T11:10:16.3353246Z ##[endgroup]
2026-03-04T11:10:16.3355304Z ##[group]GITHUB_TOKEN Permissions
2026-03-04T11:10:16.3357950Z Contents: read
2026-03-04T11:10:16.3358757Z Metadata: read
2026-03-04T11:10:16.3359645Z Packages: read
2026-03-04T11:10:16.3360416Z ##[endgroup]
2026-03-04T11:10:16.3363440Z Secret source: Actions
2026-03-04T11:10:16.3364530Z Prepare workflow directory
2026-03-04T11:10:16.3917944Z Prepare all required actions
2026-03-04T11:10:16.3973669Z Getting action download info
2026-03-04T11:10:16.6966736Z Download action repository 'actions/checkout@v4' (SHA:34e114876b0b11c390a56381ad16ebd13914f8d5)
2026-03-04T11:10:16.8601058Z Download action repository 'actions/setup-python@v5' (SHA:a26af69be951a213d495a4c3e4e4022e16d87065)
2026-03-04T11:10:17.0136347Z Download action repository 'actions/upload-artifact@v4' (SHA:ea165f8d65b6e75b540449e92b4886f43607fa02)
2026-03-04T11:10:17.3904667Z Complete job name: test-windows (3.12)
2026-03-04T11:10:17.5448239Z ##[group]Run actions/checkout@v4
2026-03-04T11:10:17.5449626Z with:
2026-03-04T11:10:17.5450320Z   repository: egorKara/integrator
2026-03-04T11:10:17.5451537Z   token: ***
2026-03-04T11:10:17.5452194Z   ssh-strict: true
2026-03-04T11:10:17.5452849Z   ssh-user: git
2026-03-04T11:10:17.5453528Z   persist-credentials: true
2026-03-04T11:10:17.5454288Z   clean: true
2026-03-04T11:10:17.5454941Z   sparse-checkout-cone-mode: true
2026-03-04T11:10:17.5455791Z   fetch-depth: 1
2026-03-04T11:10:17.5456478Z   fetch-tags: false
2026-03-04T11:10:17.5457533Z   show-progress: true
2026-03-04T11:10:17.5458305Z   lfs: false
2026-03-04T11:10:17.5458936Z   submodules: false
2026-03-04T11:10:17.5459624Z   set-safe-directory: true
2026-03-04T11:10:17.5460721Z ##[endgroup]
2026-03-04T11:10:19.6409078Z Syncing repository: egorKara/integrator
2026-03-04T11:10:19.6411082Z ##[group]Getting Git version info
2026-03-04T11:10:19.6411986Z Working directory is 'D:\a\integrator\integrator'
2026-03-04T11:10:19.6413462Z [command]"C:\Program Files\Git\bin\git.exe" version
2026-03-04T11:10:19.6414160Z git version 2.53.0.windows.1
2026-03-04T11:10:19.6416853Z ##[endgroup]
2026-03-04T11:10:19.6422140Z Temporarily overriding HOME='D:\a\_temp\ad594586-c30c-461d-9a0a-49659ff66ab0' before making global git config changes
2026-03-04T11:10:19.6423349Z Adding repository directory to the temporary git global config as a safe directory
2026-03-04T11:10:19.6424479Z [command]"C:\Program Files\Git\bin\git.exe" config --global --add safe.directory D:\a\integrator\integrator
2026-03-04T11:10:19.6426562Z Deleting the contents of 'D:\a\integrator\integrator'
2026-03-04T11:10:19.6427569Z ##[group]Initializing the repository
2026-03-04T11:10:19.6428417Z [command]"C:\Program Files\Git\bin\git.exe" init D:\a\integrator\integrator
2026-03-04T11:10:19.6429365Z Initialized empty Git repository in D:/a/integrator/integrator/.git/
2026-03-04T11:10:19.6434058Z [command]"C:\Program Files\Git\bin\git.exe" remote add origin https://github.com/egorKara/integrator
2026-03-04T11:10:19.6436174Z ##[endgroup]
2026-03-04T11:10:19.6437055Z ##[group]Disabling automatic garbage collection
2026-03-04T11:10:19.6437861Z [command]"C:\Program Files\Git\bin\git.exe" config --local gc.auto 0
2026-03-04T11:10:19.6440873Z ##[endgroup]
2026-03-04T11:10:19.6441688Z ##[group]Setting up auth
2026-03-04T11:10:19.6442577Z [command]"C:\Program Files\Git\bin\git.exe" config --local --name-only --get-regexp core\.sshCommand
2026-03-04T11:10:19.6444913Z [command]"C:\Program Files\Git\bin\git.exe" submodule foreach --recursive "sh -c \"git config --local --name-only --get-regexp 'core\.sshCommand' && git config --local --unset-all 'core.sshCommand' || :\""
2026-03-04T11:10:19.8924743Z [command]"C:\Program Files\Git\bin\git.exe" config --local --name-only --get-regexp http\.https\:\/\/github\.com\/\.extraheader
2026-03-04T11:10:19.9246138Z [command]"C:\Program Files\Git\bin\git.exe" submodule foreach --recursive "sh -c \"git config --local --name-only --get-regexp 'http\.https\:\/\/github\.com\/\.extraheader' && git config --local --unset-all 'http.https://github.com/.extraheader' || :\""
2026-03-04T11:10:20.6097661Z [command]"C:\Program Files\Git\bin\git.exe" config --local --name-only --get-regexp ^includeIf\.gitdir:
2026-03-04T11:10:20.6423833Z [command]"C:\Program Files\Git\bin\git.exe" submodule foreach --recursive "git config --local --show-origin --name-only --get-regexp remote.origin.url"
2026-03-04T11:10:21.2439103Z [command]"C:\Program Files\Git\bin\git.exe" config --local http.https://github.com/.extraheader "AUTHORIZATION: basic ***"
2026-03-04T11:10:21.2856518Z ##[endgroup]
2026-03-04T11:10:21.2857541Z ##[group]Fetching the repository
2026-03-04T11:10:21.2880309Z [command]"C:\Program Files\Git\bin\git.exe" -c protocol.version=2 fetch --no-tags --prune --no-recurse-submodules --depth=1 origin +33d56e73c982de7fc541d054aee8c21961e46e1f:refs/remotes/origin/main
2026-03-04T11:10:22.3257342Z From https://github.com/egorKara/integrator
2026-03-04T11:10:22.3258644Z  * [new ref]         33d56e73c982de7fc541d054aee8c21961e46e1f -> origin/main
2026-03-04T11:10:22.3626630Z ##[endgroup]
2026-03-04T11:10:22.3637033Z ##[group]Determining the checkout info
2026-03-04T11:10:22.3639542Z ##[endgroup]
2026-03-04T11:10:22.3643051Z [command]"C:\Program Files\Git\bin\git.exe" sparse-checkout disable
2026-03-04T11:10:22.4115376Z [command]"C:\Program Files\Git\bin\git.exe" config --local --unset-all extensions.worktreeConfig
2026-03-04T11:10:22.4452158Z ##[group]Checking out the ref
2026-03-04T11:10:22.4540983Z [command]"C:\Program Files\Git\bin\git.exe" checkout --progress --force -B main refs/remotes/origin/main
2026-03-04T11:10:22.5721832Z Switched to a new branch 'main'
2026-03-04T11:10:22.5747006Z branch 'main' set up to track 'origin/main'.
2026-03-04T11:10:22.5800016Z ##[endgroup]
2026-03-04T11:10:22.6243881Z [command]"C:\Program Files\Git\bin\git.exe" log -1 --format=%H
2026-03-04T11:10:22.6560515Z 33d56e73c982de7fc541d054aee8c21961e46e1f
2026-03-04T11:10:22.7041869Z ##[group]Run actions/setup-python@v5
2026-03-04T11:10:22.7042227Z with:
2026-03-04T11:10:22.7042420Z   python-version: 3.12
2026-03-04T11:10:22.7042624Z   cache: pip
2026-03-04T11:10:22.7042793Z   check-latest: false
2026-03-04T11:10:22.7043149Z   token: ***
2026-03-04T11:10:22.7043327Z   update-environment: true
2026-03-04T11:10:22.7043571Z   allow-prereleases: false
2026-03-04T11:10:22.7043807Z   freethreaded: false
2026-03-04T11:10:22.7044033Z ##[endgroup]
2026-03-04T11:10:22.9406308Z ##[group]Installed versions
2026-03-04T11:10:23.6693886Z Successfully set up CPython (3.12.10)
2026-03-04T11:10:23.6696031Z ##[endgroup]
2026-03-04T11:10:25.5725339Z pip cache is not found
2026-03-04T11:10:25.6003456Z ##[group]Run python -m pip install --upgrade pip
2026-03-04T11:10:25.6003907Z [36;1mpython -m pip install --upgrade pip[0m
2026-03-04T11:10:25.6004272Z [36;1mpython -m pip install -r requirements.dev.lock.txt[0m
2026-03-04T11:10:25.6005274Z [36;1mpython -m pip install -e .[0m
2026-03-04T11:10:25.6823141Z shell: C:\Program Files\PowerShell\7\pwsh.EXE -command ". '{0}'"
2026-03-04T11:10:25.6824195Z env:
2026-03-04T11:10:25.6824711Z   pythonLocation: C:\hostedtoolcache\windows\Python\3.12.10\x64
2026-03-04T11:10:25.6825864Z   PKG_CONFIG_PATH: C:\hostedtoolcache\windows\Python\3.12.10\x64/lib/pkgconfig
2026-03-04T11:10:25.6826933Z   Python_ROOT_DIR: C:\hostedtoolcache\windows\Python\3.12.10\x64
2026-03-04T11:10:25.6827733Z   Python2_ROOT_DIR: C:\hostedtoolcache\windows\Python\3.12.10\x64
2026-03-04T11:10:25.6828344Z   Python3_ROOT_DIR: C:\hostedtoolcache\windows\Python\3.12.10\x64
2026-03-04T11:10:25.6828805Z ##[endgroup]
2026-03-04T11:10:32.0069354Z Requirement already satisfied: pip in C:\hostedtoolcache\windows\Python\3.12.10\x64\Lib\site-packages (26.0.1)
2026-03-04T11:10:34.3420332Z Collecting build==1.3.0 (from -r requirements.dev.lock.txt (line 1))
2026-03-04T11:10:34.5902329Z   Downloading build-1.3.0-py3-none-any.whl.metadata (5.6 kB)
2026-03-04T11:10:35.0958037Z Collecting coverage==7.13.4 (from -r requirements.dev.lock.txt (line 2))
2026-03-04T11:10:35.1057511Z   Downloading coverage-7.13.4-cp312-cp312-win_amd64.whl.metadata (8.7 kB)
2026-03-04T11:10:35.2516724Z Collecting mypy==1.19.1 (from -r requirements.dev.lock.txt (line 3))
2026-03-04T11:10:35.2654569Z   Downloading mypy-1.19.1-cp312-cp312-win_amd64.whl.metadata (2.3 kB)
2026-03-04T11:10:35.3604823Z Collecting pre-commit==3.7.0 (from -r requirements.dev.lock.txt (line 4))
2026-03-04T11:10:35.3697681Z   Downloading pre_commit-3.7.0-py2.py3-none-any.whl.metadata (1.3 kB)
2026-03-04T11:10:35.7685053Z Collecting ruff==0.15.1 (from -r requirements.dev.lock.txt (line 5))
2026-03-04T11:10:35.7783200Z   Downloading ruff-0.15.1-py3-none-win_amd64.whl.metadata (26 kB)
2026-03-04T11:10:35.8563975Z Collecting twine==6.1.0 (from -r requirements.dev.lock.txt (line 6))
2026-03-04T11:10:35.8658285Z   Downloading twine-6.1.0-py3-none-any.whl.metadata (3.7 kB)
2026-03-04T11:10:35.8851372Z Requirement already satisfied: packaging>=19.1 in C:\hostedtoolcache\windows\Python\3.12.10\x64\Lib\site-packages (from build==1.3.0->-r requirements.dev.lock.txt (line 1)) (26.0)
2026-03-04T11:10:35.9097308Z Collecting pyproject_hooks (from build==1.3.0->-r requirements.dev.lock.txt (line 1))
2026-03-04T11:10:35.9179580Z   Downloading pyproject_hooks-1.2.0-py3-none-any.whl.metadata (1.3 kB)
2026-03-04T11:10:35.9357227Z Requirement already satisfied: colorama in C:\hostedtoolcache\windows\Python\3.12.10\x64\Lib\site-packages (from build==1.3.0->-r requirements.dev.lock.txt (line 1)) (0.4.6)
2026-03-04T11:10:35.9676604Z Collecting typing_extensions>=4.6.0 (from mypy==1.19.1->-r requirements.dev.lock.txt (line 3))
2026-03-04T11:10:35.9791673Z   Downloading typing_extensions-4.15.0-py3-none-any.whl.metadata (3.3 kB)
2026-03-04T11:10:36.0216573Z Collecting mypy_extensions>=1.0.0 (from mypy==1.19.1->-r requirements.dev.lock.txt (line 3))
2026-03-04T11:10:36.0311941Z   Downloading mypy_extensions-1.1.0-py3-none-any.whl.metadata (1.1 kB)
2026-03-04T11:10:36.0738154Z Collecting pathspec>=0.9.0 (from mypy==1.19.1->-r requirements.dev.lock.txt (line 3))
2026-03-04T11:10:36.0820600Z   Downloading pathspec-1.0.4-py3-none-any.whl.metadata (13 kB)
2026-03-04T11:10:36.2124475Z Collecting librt>=0.6.2 (from mypy==1.19.1->-r requirements.dev.lock.txt (line 3))
2026-03-04T11:10:36.2217004Z   Downloading librt-0.8.1-cp312-cp312-win_amd64.whl.metadata (1.4 kB)
2026-03-04T11:10:36.2686746Z Collecting cfgv>=2.0.0 (from pre-commit==3.7.0->-r requirements.dev.lock.txt (line 4))
2026-03-04T11:10:36.2767962Z   Downloading cfgv-3.5.0-py2.py3-none-any.whl.metadata (8.9 kB)
2026-03-04T11:10:36.3496159Z Collecting identify>=1.0.0 (from pre-commit==3.7.0->-r requirements.dev.lock.txt (line 4))
2026-03-04T11:10:36.3582161Z   Downloading identify-2.6.17-py2.py3-none-any.whl.metadata (4.4 kB)
2026-03-04T11:10:36.4016212Z Collecting nodeenv>=0.11.1 (from pre-commit==3.7.0->-r requirements.dev.lock.txt (line 4))
2026-03-04T11:10:36.4113862Z   Downloading nodeenv-1.10.0-py2.py3-none-any.whl.metadata (24 kB)
2026-03-04T11:10:36.4888559Z Collecting pyyaml>=5.1 (from pre-commit==3.7.0->-r requirements.dev.lock.txt (line 4))
2026-03-04T11:10:36.4973951Z   Downloading pyyaml-6.0.3-cp312-cp312-win_amd64.whl.metadata (2.4 kB)
2026-03-04T11:10:36.5656189Z Collecting virtualenv>=20.10.0 (from pre-commit==3.7.0->-r requirements.dev.lock.txt (line 4))
2026-03-04T11:10:36.5744373Z   Downloading virtualenv-21.1.0-py3-none-any.whl.metadata (3.5 kB)
2026-03-04T11:10:36.6190190Z Collecting readme-renderer>=35.0 (from twine==6.1.0->-r requirements.dev.lock.txt (line 6))
2026-03-04T11:10:36.6278309Z   Downloading readme_renderer-44.0-py3-none-any.whl.metadata (2.8 kB)
2026-03-04T11:10:36.7058266Z Collecting requests>=2.20 (from twine==6.1.0->-r requirements.dev.lock.txt (line 6))
2026-03-04T11:10:36.7172353Z   Downloading requests-2.32.5-py3-none-any.whl.metadata (4.9 kB)
2026-03-04T11:10:36.7591676Z Collecting requests-toolbelt!=0.9.0,>=0.8.0 (from twine==6.1.0->-r requirements.dev.lock.txt (line 6))
2026-03-04T11:10:36.7677313Z   Downloading requests_toolbelt-1.0.0-py2.py3-none-any.whl.metadata (14 kB)
2026-03-04T11:10:36.8235215Z Collecting urllib3>=1.26.0 (from twine==6.1.0->-r requirements.dev.lock.txt (line 6))
2026-03-04T11:10:36.8319423Z   Downloading urllib3-2.6.3-py3-none-any.whl.metadata (6.9 kB)
2026-03-04T11:10:36.8921076Z Collecting keyring>=15.1 (from twine==6.1.0->-r requirements.dev.lock.txt (line 6))
2026-03-04T11:10:36.9009211Z   Downloading keyring-25.7.0-py3-none-any.whl.metadata (21 kB)
2026-03-04T11:10:37.8486735Z Collecting rfc3986>=1.4.0 (from twine==6.1.0->-r requirements.dev.lock.txt (line 6))
2026-03-04T11:10:37.8488331Z   Downloading rfc3986-2.0.0-py2.py3-none-any.whl.metadata (6.6 kB)
2026-03-04T11:10:37.8489396Z Collecting rich>=12.0.0 (from twine==6.1.0->-r requirements.dev.lock.txt (line 6))
2026-03-04T11:10:37.8490357Z   Downloading rich-14.3.3-py3-none-any.whl.metadata (18 kB)
2026-03-04T11:10:37.8491237Z Collecting id (from twine==6.1.0->-r requirements.dev.lock.txt (line 6))
2026-03-04T11:10:37.8492017Z   Downloading id-1.6.1-py3-none-any.whl.metadata (5.1 kB)
2026-03-04T11:10:37.8493053Z Collecting pywin32-ctypes>=0.2.0 (from keyring>=15.1->twine==6.1.0->-r requirements.dev.lock.txt (line 6))
2026-03-04T11:10:37.8494284Z   Downloading pywin32_ctypes-0.2.3-py3-none-any.whl.metadata (3.9 kB)
2026-03-04T11:10:37.8495409Z Collecting jaraco.classes (from keyring>=15.1->twine==6.1.0->-r requirements.dev.lock.txt (line 6))
2026-03-04T11:10:37.8496605Z   Downloading jaraco.classes-3.4.0-py3-none-any.whl.metadata (2.6 kB)
2026-03-04T11:10:37.8497799Z Collecting jaraco.functools (from keyring>=15.1->twine==6.1.0->-r requirements.dev.lock.txt (line 6))
2026-03-04T11:10:37.8498824Z   Downloading jaraco_functools-4.4.0-py3-none-any.whl.metadata (3.0 kB)
2026-03-04T11:10:37.8499803Z Collecting jaraco.context (from keyring>=15.1->twine==6.1.0->-r requirements.dev.lock.txt (line 6))
2026-03-04T11:10:37.8501164Z   Downloading jaraco_context-6.1.0-py3-none-any.whl.metadata (4.3 kB)
2026-03-04T11:10:37.8502140Z Collecting nh3>=0.2.14 (from readme-renderer>=35.0->twine==6.1.0->-r requirements.dev.lock.txt (line 6))
2026-03-04T11:10:37.8503072Z   Downloading nh3-0.3.3-cp38-abi3-win_amd64.whl.metadata (2.0 kB)
2026-03-04T11:10:37.8504359Z Collecting docutils>=0.21.2 (from readme-renderer>=35.0->twine==6.1.0->-r requirements.dev.lock.txt (line 6))
2026-03-04T11:10:37.8505390Z   Downloading docutils-0.22.4-py3-none-any.whl.metadata (15 kB)
2026-03-04T11:10:37.8506382Z Collecting Pygments>=2.5.1 (from readme-renderer>=35.0->twine==6.1.0->-r requirements.dev.lock.txt (line 6))
2026-03-04T11:10:37.8508214Z   Downloading pygments-2.19.2-py3-none-any.whl.metadata (2.5 kB)
2026-03-04T11:10:37.8509197Z Collecting charset_normalizer<4,>=2 (from requests>=2.20->twine==6.1.0->-r requirements.dev.lock.txt (line 6))
2026-03-04T11:10:37.8510483Z   Downloading charset_normalizer-3.4.4-cp312-cp312-win_amd64.whl.metadata (38 kB)
2026-03-04T11:10:37.8511469Z Collecting idna<4,>=2.5 (from requests>=2.20->twine==6.1.0->-r requirements.dev.lock.txt (line 6))
2026-03-04T11:10:37.8512285Z   Downloading idna-3.11-py3-none-any.whl.metadata (8.4 kB)
2026-03-04T11:10:37.8513120Z Collecting certifi>=2017.4.17 (from requests>=2.20->twine==6.1.0->-r requirements.dev.lock.txt (line 6))
2026-03-04T11:10:37.8514041Z   Downloading certifi-2026.2.25-py3-none-any.whl.metadata (2.5 kB)
2026-03-04T11:10:37.8514930Z Collecting markdown-it-py>=2.2.0 (from rich>=12.0.0->twine==6.1.0->-r requirements.dev.lock.txt (line 6))
2026-03-04T11:10:37.8515875Z   Downloading markdown_it_py-4.0.0-py3-none-any.whl.metadata (7.3 kB)
2026-03-04T11:10:38.8655517Z Collecting mdurl~=0.1 (from markdown-it-py>=2.2.0->rich>=12.0.0->twine==6.1.0->-r requirements.dev.lock.txt (line 6))
2026-03-04T11:10:38.8656498Z   Downloading mdurl-0.1.2-py3-none-any.whl.metadata (1.6 kB)
2026-03-04T11:10:38.8657115Z Collecting distlib<1,>=0.3.7 (from virtualenv>=20.10.0->pre-commit==3.7.0->-r requirements.dev.lock.txt (line 4))
2026-03-04T11:10:38.8657727Z   Downloading distlib-0.4.0-py2.py3-none-any.whl.metadata (5.2 kB)
2026-03-04T11:10:38.8658343Z Collecting filelock<4,>=3.24.2 (from virtualenv>=20.10.0->pre-commit==3.7.0->-r requirements.dev.lock.txt (line 4))
2026-03-04T11:10:38.8658913Z   Downloading filelock-3.25.0-py3-none-any.whl.metadata (2.0 kB)
2026-03-04T11:10:38.8659830Z Requirement already satisfied: platformdirs<5,>=3.9.1 in C:\hostedtoolcache\windows\Python\3.12.10\x64\Lib\site-packages (from virtualenv>=20.10.0->pre-commit==3.7.0->-r requirements.dev.lock.txt (line 4)) (4.9.2)
2026-03-04T11:10:38.8660887Z Collecting python-discovery>=1 (from virtualenv>=20.10.0->pre-commit==3.7.0->-r requirements.dev.lock.txt (line 4))
2026-03-04T11:10:38.8661498Z   Downloading python_discovery-1.1.0-py3-none-any.whl.metadata (4.0 kB)
2026-03-04T11:10:38.8662097Z Collecting more-itertools (from jaraco.classes->keyring>=15.1->twine==6.1.0->-r requirements.dev.lock.txt (line 6))
2026-03-04T11:10:38.8662695Z   Downloading more_itertools-10.8.0-py3-none-any.whl.metadata (39 kB)
2026-03-04T11:10:38.8663067Z Downloading build-1.3.0-py3-none-any.whl (23 kB)
2026-03-04T11:10:38.8663407Z Downloading coverage-7.13.4-cp312-cp312-win_amd64.whl (222 kB)
2026-03-04T11:10:38.8664049Z Downloading mypy-1.19.1-cp312-cp312-win_amd64.whl (10.1 MB)
2026-03-04T11:10:38.8664413Z    ---------------------------------------- 10.1/10.1 MB 89.6 MB/s  0:00:00
2026-03-04T11:10:38.8664814Z Downloading pre_commit-3.7.0-py2.py3-none-any.whl (204 kB)
2026-03-04T11:10:38.8665166Z Downloading ruff-0.15.1-py3-none-win_amd64.whl (11.6 MB)
2026-03-04T11:10:38.8665512Z    ---------------------------------------- 11.6/11.6 MB 182.9 MB/s  0:00:00
2026-03-04T11:10:38.8665848Z Downloading twine-6.1.0-py3-none-any.whl (40 kB)
2026-03-04T11:10:38.8666332Z Downloading cfgv-3.5.0-py2.py3-none-any.whl (7.4 kB)
2026-03-04T11:10:38.8666674Z Downloading identify-2.6.17-py2.py3-none-any.whl (99 kB)
2026-03-04T11:10:38.8666995Z Downloading keyring-25.7.0-py3-none-any.whl (39 kB)
2026-03-04T11:10:38.8667766Z Downloading librt-0.8.1-cp312-cp312-win_amd64.whl (62 kB)
2026-03-04T11:10:38.8668755Z Downloading mypy_extensions-1.1.0-py3-none-any.whl (5.0 kB)
2026-03-04T11:10:38.8669691Z Downloading nodeenv-1.10.0-py2.py3-none-any.whl (23 kB)
2026-03-04T11:10:38.8670310Z Downloading pathspec-1.0.4-py3-none-any.whl (55 kB)
2026-03-04T11:10:38.8670916Z Downloading pywin32_ctypes-0.2.3-py3-none-any.whl (30 kB)
2026-03-04T11:10:38.8671300Z Downloading pyyaml-6.0.3-cp312-cp312-win_amd64.whl (154 kB)
2026-03-04T11:10:38.8671657Z Downloading readme_renderer-44.0-py3-none-any.whl (13 kB)
2026-03-04T11:10:38.8672246Z Downloading docutils-0.22.4-py3-none-any.whl (633 kB)
2026-03-04T11:10:38.8672611Z    ---------------------------------------- 633.2/633.2 kB 24.7 MB/s  0:00:00
2026-03-04T11:10:38.8672967Z Downloading nh3-0.3.3-cp38-abi3-win_amd64.whl (631 kB)
2026-03-04T11:10:38.8674618Z    ---------------------------------------- 631.2/631.2 kB 24.6 MB/s  0:00:00
2026-03-04T11:10:38.8675830Z Downloading pygments-2.19.2-py3-none-any.whl (1.2 MB)
2026-03-04T11:10:38.8676544Z    ---------------------------------------- 1.2/1.2 MB 60.2 MB/s  0:00:00
2026-03-04T11:10:38.8677170Z Downloading requests-2.32.5-py3-none-any.whl (64 kB)
2026-03-04T11:10:38.8678121Z Downloading charset_normalizer-3.4.4-cp312-cp312-win_amd64.whl (107 kB)
2026-03-04T11:10:38.8679083Z Downloading idna-3.11-py3-none-any.whl (71 kB)
2026-03-04T11:10:38.8679627Z Downloading urllib3-2.6.3-py3-none-any.whl (131 kB)
2026-03-04T11:10:38.8680507Z Downloading certifi-2026.2.25-py3-none-any.whl (153 kB)
2026-03-04T11:10:38.8913780Z Downloading requests_toolbelt-1.0.0-py2.py3-none-any.whl (54 kB)
2026-03-04T11:10:38.9153615Z Downloading rfc3986-2.0.0-py2.py3-none-any.whl (31 kB)
2026-03-04T11:10:38.9378330Z Downloading rich-14.3.3-py3-none-any.whl (310 kB)
2026-03-04T11:10:38.9690808Z Downloading markdown_it_py-4.0.0-py3-none-any.whl (87 kB)
2026-03-04T11:10:38.9945539Z Downloading mdurl-0.1.2-py3-none-any.whl (10.0 kB)
2026-03-04T11:10:39.0171307Z Downloading typing_extensions-4.15.0-py3-none-any.whl (44 kB)
2026-03-04T11:10:39.0379104Z Downloading virtualenv-21.1.0-py3-none-any.whl (5.8 MB)
2026-03-04T11:10:39.0894057Z    ---------------------------------------- 5.8/5.8 MB 118.4 MB/s  0:00:00
2026-03-04T11:10:39.0992605Z Downloading distlib-0.4.0-py2.py3-none-any.whl (469 kB)
2026-03-04T11:10:39.1242547Z Downloading filelock-3.25.0-py3-none-any.whl (26 kB)
2026-03-04T11:10:39.1469599Z Downloading python_discovery-1.1.0-py3-none-any.whl (30 kB)
2026-03-04T11:10:39.1723117Z Downloading id-1.6.1-py3-none-any.whl (14 kB)
2026-03-04T11:10:39.1944385Z Downloading jaraco.classes-3.4.0-py3-none-any.whl (6.8 kB)
2026-03-04T11:10:39.2178702Z Downloading jaraco_context-6.1.0-py3-none-any.whl (7.1 kB)
2026-03-04T11:10:39.2431977Z Downloading jaraco_functools-4.4.0-py3-none-any.whl (10 kB)
2026-03-04T11:10:39.2641449Z Downloading more_itertools-10.8.0-py3-none-any.whl (69 kB)
2026-03-04T11:10:39.2892094Z Downloading pyproject_hooks-1.2.0-py3-none-any.whl (10 kB)
2026-03-04T11:10:39.6195863Z Installing collected packages: distlib, urllib3, typing_extensions, ruff, rfc3986, pyyaml, pywin32-ctypes, pyproject_hooks, Pygments, pathspec, nodeenv, nh3, mypy_extensions, more-itertools, mdurl, librt, jaraco.context, idna, identify, filelock, docutils, coverage, charset_normalizer, cfgv, certifi, requests, readme-renderer, python-discovery, mypy, markdown-it-py, jaraco.functools, jaraco.classes, id, build, virtualenv, rich, requests-toolbelt, keyring, twine, pre-commit
2026-03-04T11:10:52.0904869Z 
2026-03-04T11:10:52.0953738Z Successfully installed Pygments-2.19.2 build-1.3.0 certifi-2026.2.25 cfgv-3.5.0 charset_normalizer-3.4.4 coverage-7.13.4 distlib-0.4.0 docutils-0.22.4 filelock-3.25.0 id-1.6.1 identify-2.6.17 idna-3.11 jaraco.classes-3.4.0 jaraco.context-6.1.0 jaraco.functools-4.4.0 keyring-25.7.0 librt-0.8.1 markdown-it-py-4.0.0 mdurl-0.1.2 more-itertools-10.8.0 mypy-1.19.1 mypy_extensions-1.1.0 nh3-0.3.3 nodeenv-1.10.0 pathspec-1.0.4 pre-commit-3.7.0 pyproject_hooks-1.2.0 python-discovery-1.1.0 pywin32-ctypes-0.2.3 pyyaml-6.0.3 readme-renderer-44.0 requests-2.32.5 requests-toolbelt-1.0.0 rfc3986-2.0.0 rich-14.3.3 ruff-0.15.1 twine-6.1.0 typing_extensions-4.15.0 urllib3-2.6.3 virtualenv-21.1.0
2026-03-04T11:10:53.5036969Z Obtaining file:///D:/a/integrator/integrator
2026-03-04T11:10:53.5071479Z   Installing build dependencies: started
2026-03-04T11:10:56.6090989Z   Installing build dependencies: finished with status 'done'
2026-03-04T11:10:57.6200017Z   Checking if build backend supports build_editable: started
2026-03-04T11:10:57.6201936Z   Checking if build backend supports build_editable: finished with status 'done'
2026-03-04T11:10:57.6202897Z   Getting requirements to build editable: started
2026-03-04T11:10:57.8851265Z   Getting requirements to build editable: finished with status 'done'
2026-03-04T11:10:57.8884908Z   Preparing editable metadata (pyproject.toml): started
2026-03-04T11:10:58.2197059Z   Preparing editable metadata (pyproject.toml): finished with status 'done'
2026-03-04T11:10:58.2275276Z Building wheels for collected packages: integrator
2026-03-04T11:10:58.2308647Z   Building editable for integrator (pyproject.toml): started
2026-03-04T11:10:58.7594675Z   Building editable for integrator (pyproject.toml): finished with status 'done'
2026-03-04T11:10:58.7631439Z   Created wheel for integrator: filename=integrator-0.2.0-0.editable-py3-none-any.whl size=5223 sha256=3d18f8473410d4b1e92fc4c655f0f7305d5ce8cedff244ef39bd745bea5b1563
2026-03-04T11:10:58.7633876Z   Stored in directory: C:\Users\runneradmin\AppData\Local\Temp\pip-ephem-wheel-cache-ak1x3yhh\wheels\1f\b3\9e\5f9a2da63dfd41c93cb21293bd97f78737feb5f4e7d2384b8c
2026-03-04T11:10:58.7669814Z Successfully built integrator
2026-03-04T11:10:59.6497778Z Installing collected packages: integrator
2026-03-04T11:10:59.6499503Z Successfully installed integrator-0.2.0
2026-03-04T11:10:59.7645207Z ##[group]Run New-Item -ItemType Directory -Force -Path reports | Out-Null
2026-03-04T11:10:59.7645804Z [36;1mNew-Item -ItemType Directory -Force -Path reports | Out-Null[0m
2026-03-04T11:10:59.7646471Z [36;1mpython guardrails.py --strict --skip-root-checks --json --scan-tracked --write-report reports/guardrails.json[0m
2026-03-04T11:10:59.7713703Z shell: C:\Program Files\PowerShell\7\pwsh.EXE -command ". '{0}'"
2026-03-04T11:10:59.7714064Z env:
2026-03-04T11:10:59.7714336Z   pythonLocation: C:\hostedtoolcache\windows\Python\3.12.10\x64
2026-03-04T11:10:59.7714840Z   PKG_CONFIG_PATH: C:\hostedtoolcache\windows\Python\3.12.10\x64/lib/pkgconfig
2026-03-04T11:10:59.7715329Z   Python_ROOT_DIR: C:\hostedtoolcache\windows\Python\3.12.10\x64
2026-03-04T11:10:59.7715763Z   Python2_ROOT_DIR: C:\hostedtoolcache\windows\Python\3.12.10\x64
2026-03-04T11:10:59.7716187Z   Python3_ROOT_DIR: C:\hostedtoolcache\windows\Python\3.12.10\x64
2026-03-04T11:10:59.7716528Z ##[endgroup]
2026-03-04T11:11:00.6976837Z {"kind": "guardrails_report", "repo_root": "D:\\a\\integrator\\integrator", "strict": true, "ok": true, "errors": [], "warnings": [], "checks": [{"name": "absolute_user_paths", "status": "ok", "detail": "no C:\\Users\\ hardcoded paths in scanned files", "severity": "info"}, {"name": "secret_scan_errors", "status": "ok", "detail": "no high-confidence secrets detected", "severity": "info"}, {"name": "secret_scan_warnings", "status": "ok", "detail": "no generic secret patterns detected", "severity": "info"}, {"name": "secret_scan_tracked_errors", "status": "ok", "detail": "no high-confidence secrets detected", "severity": "info"}, {"name": "secret_scan_tracked_warnings", "status": "ok", "detail": "no generic secret patterns detected", "severity": "info"}, {"name": "risky_automation_commands", "status": "ok", "detail": "no high-risk destructive/network-disabling commands detected", "severity": "info"}, {"name": "ci_guardrails_hook", "status": "ok", "detail": "guardrails integrated in CI", "severity": "info"}], "scanned_files": 111}
2026-03-04T11:11:00.7848806Z ##[group]Run python -m ruff check .
2026-03-04T11:11:00.7849172Z [36;1mpython -m ruff check .[0m
2026-03-04T11:11:00.7917085Z shell: C:\Program Files\PowerShell\7\pwsh.EXE -command ". '{0}'"
2026-03-04T11:11:00.7917416Z env:
2026-03-04T11:11:00.7917671Z   pythonLocation: C:\hostedtoolcache\windows\Python\3.12.10\x64
2026-03-04T11:11:00.7918137Z   PKG_CONFIG_PATH: C:\hostedtoolcache\windows\Python\3.12.10\x64/lib/pkgconfig
2026-03-04T11:11:00.7918605Z   Python_ROOT_DIR: C:\hostedtoolcache\windows\Python\3.12.10\x64
2026-03-04T11:11:00.7919012Z   Python2_ROOT_DIR: C:\hostedtoolcache\windows\Python\3.12.10\x64
2026-03-04T11:11:00.7919402Z   Python3_ROOT_DIR: C:\hostedtoolcache\windows\Python\3.12.10\x64
2026-03-04T11:11:00.7919716Z ##[endgroup]
2026-03-04T11:11:01.2287098Z All checks passed!
2026-03-04T11:11:01.3665766Z ##[group]Run python -m mypy .
2026-03-04T11:11:01.3666492Z [36;1mpython -m mypy .[0m
2026-03-04T11:11:01.3735754Z shell: C:\Program Files\PowerShell\7\pwsh.EXE -command ". '{0}'"
2026-03-04T11:11:01.3736088Z env:
2026-03-04T11:11:01.3736325Z   pythonLocation: C:\hostedtoolcache\windows\Python\3.12.10\x64
2026-03-04T11:11:01.3736784Z   PKG_CONFIG_PATH: C:\hostedtoolcache\windows\Python\3.12.10\x64/lib/pkgconfig
2026-03-04T11:11:01.3737236Z   Python_ROOT_DIR: C:\hostedtoolcache\windows\Python\3.12.10\x64
2026-03-04T11:11:01.3737633Z   Python2_ROOT_DIR: C:\hostedtoolcache\windows\Python\3.12.10\x64
2026-03-04T11:11:01.3738034Z   Python3_ROOT_DIR: C:\hostedtoolcache\windows\Python\3.12.10\x64
2026-03-04T11:11:01.3738339Z ##[endgroup]
2026-03-04T11:11:05.9083549Z Success: no issues found in 90 source files
2026-03-04T11:11:06.0733089Z ##[group]Run python -m unittest discover -s tests -p "test*.py"
2026-03-04T11:11:06.0733846Z [36;1mpython -m unittest discover -s tests -p "test*.py"[0m
2026-03-04T11:11:06.0845708Z shell: C:\Program Files\PowerShell\7\pwsh.EXE -command ". '{0}'"
2026-03-04T11:11:06.0846285Z env:
2026-03-04T11:11:06.0846686Z   pythonLocation: C:\hostedtoolcache\windows\Python\3.12.10\x64
2026-03-04T11:11:06.0847369Z   PKG_CONFIG_PATH: C:\hostedtoolcache\windows\Python\3.12.10\x64/lib/pkgconfig
2026-03-04T11:11:06.0847832Z   Python_ROOT_DIR: C:\hostedtoolcache\windows\Python\3.12.10\x64
2026-03-04T11:11:06.0848238Z   Python2_ROOT_DIR: C:\hostedtoolcache\windows\Python\3.12.10\x64
2026-03-04T11:11:06.0848621Z   Python3_ROOT_DIR: C:\hostedtoolcache\windows\Python\3.12.10\x64
2026-03-04T11:11:06.0848907Z ##[endgroup]
2026-03-04T11:11:09.7537384Z Python 3.12.10
2026-03-04T11:11:10.0423639Z .........................................F.......................................................................................................................E..................................
2026-03-04T11:11:10.0424757Z ======================================================================
2026-03-04T11:11:10.0425688Z error	invalid_repo_slug	bad-slug
2026-03-04T11:11:10.0427820Z {"kind": "github_snapshot", "repo": "egorKara/integrator", "state": "open", "token_present": false, "issues": {"ok": false, "status": 500, "error": "e", "items": []}, "pulls": {"ok": false, "status": 500, "error": "e", "items": []}}
2026-03-04T11:11:10.0437776Z ERROR: test_cmd_moex_writes_video_canon_artifacts (test_setup_tslab_algotrading.SetupTslabAlgoTradingTests.test_cmd_moex_writes_video_canon_artifacts)
2026-03-04T11:11:10.0441034Z {"kind": "github_snapshot", "timestamp": "20260304_111107", "repo": "egorKara/integrator", "state": "open", "token_present": true, "issues_open_count": 1, "pulls_open_count": 1, "issues": [{"number": 1, "title": "Issue", "state": "open", "updated_at": "2026-01-01", "html_url": "u1"}], "pulls": [{"number": 3, "title": "PR", "state": "open", "draft": false, "updated_at": "2026-01-02", "html_url": "u3"}], "artifacts": {"report": "C:\\Users\\runneradmin\\AppData\\Local\\Temp\\tmp06jnqmlf\\reports\\snap.json"}}
2026-03-04T11:11:10.0449285Z {"kind": "quality_summary", "cwd": "C:\\Users\\RUNNER~1\\AppData\\Local\\Temp\\tmpf0uvqtfz", "tools": {"python": {"executable": "C:\\hostedtoolcache\\windows\\Python\\3.12.10\\x64\\python.exe", "version": "3.12.10", "version_full": "3.12.10 (tags/v3.12.10:0cc8128, Apr  8 2025, 12:21:36) [MSC v.1943 64 bit (AMD64)]"}, "git": {"code": 0, "out": "ok", "err": ""}, "ruff": {"code": 0, "out": "ok", "err": ""}, "mypy": {"code": 0, "out": "ok", "err": ""}, "coverage": {"code": 0, "out": "ok", "err": ""}}, "gates": {}, "artifacts": {"coverage_xml": "C:\\Users\\runneradmin\\AppData\\Local\\Temp\\tmpf0uvqtfz\\reports\\coverage.xml", "security_gitleaks_json": "C:\\Users\\runneradmin\\AppData\\Local\\Temp\\tmpf0uvqtfz\\reports\\gitleaks.json", "security_gitleaks_sarif": "C:\\Users\\runneradmin\\AppData\\Local\\Temp\\tmpf0uvqtfz\\results.sarif", "security_pip_audit_requirements_json": "C:\\Users\\runneradmin\\AppData\\Local\\Temp\\tmpf0uvqtfz\\reports\\pip-audit-requirements.json", "security_pip_audit_operator_json": "C:\\Users\\runneradmin\\AppData\\Local\\Temp\\tmpf0uvqtfz\\reports\\pip-audit-operator.json"}}
2026-03-04T11:11:10.0456500Z ----------------------------------------------------------------------
2026-03-04T11:11:10.0458794Z {"kind": "incident_new", "id": "2026-02-22_demo", "title": "Demo", "severity": "p1", "status": "open", "date": "2026-02-22", "artifacts": {"incident_md": "C:\\Users\\runneradmin\\AppData\\Local\\Temp\\tmpmoxav1q7\\docs\\incidents\\2026-02-22_demo.md", "index_md": "C:\\Users\\runneradmin\\AppData\\Local\\Temp\\tmpmoxav1q7\\docs\\INCIDENTS.md"}, "index_updated": true}
2026-03-04T11:11:10.0460951Z Traceback (most recent call last):
2026-03-04T11:11:10.0469378Z {"kind": "perf_baseline", "date": "2026-02-22", "cwd": "C:\\Users\\RUNNER~1\\AppData\\Local\\Temp\\tmpe4l7r___", "args": {"roots": ["."], "max_depth": 4, "jobs": 16, "report_max_depth": 2, "repeat": 1}, "measures": {"projects_list": {"summary": {"repeat": 1, "min_ms": 100.0, "median_ms": 100.0, "p95_ms": 100.0, "max_ms": 100.0, "any_failed": false}, "runs": [{"code": 0, "ms": 100.0, "out": "", "err": ""}]}, "status": {"summary": {"repeat": 1, "min_ms": 100.0, "median_ms": 100.0, "p95_ms": 100.0, "max_ms": 100.0, "any_failed": false}, "runs": [{"code": 0, "ms": 100.0, "out": "", "err": ""}]}, "report_json": {"summary": {"repeat": 1, "min_ms": 99.99999999999997, "median_ms": 99.99999999999997, "p95_ms": 99.99999999999997, "max_ms": 99.99999999999997, "any_failed": false}, "runs": [{"code": 0, "ms": 99.99999999999997, "out": "", "err": ""}]}, "doctor": {"summary": {"repeat": 1, "min_ms": 100.00000000000003, "median_ms": 100.00000000000003, "p95_ms": 100.00000000000003, "max_ms": 100.00000000000003, "any_failed": false}, "runs": [{"code": 0, "ms": 100.00000000000003, "out": "", "err": ""}]}}, "artifacts": {"report": "C:\\Users\\runneradmin\\AppData\\Local\\Temp\\tmpe4l7r___\\reports\\perf.json"}}
2026-03-04T11:11:10.0482170Z   File "D:\a\integrator\integrator\tests\test_setup_tslab_algotrading.py", line 94, in test_cmd_moex_writes_video_canon_artifacts
2026-03-04T11:11:10.0483859Z a	D:\a\integrator\integrator\tests\.tmp_case_8bad2b327984400889371413e4581f44\a	test
2026-03-04T11:11:10.0484692Z     rc = mod._cmd_moex(args)
2026-03-04T11:11:10.0485462Z   C:\hostedtoolcache\windows\Python\3.12.10\x64\python.exe -m unittest discover -s tests -p test*.py -q
2026-03-04T11:11:10.0486282Z          ^^^^^^^^^^^^^^^^^^^
2026-03-04T11:11:10.0486888Z b	D:\a\integrator\integrator\tests\.tmp_case_8bad2b327984400889371413e4581f44\b	test
2026-03-04T11:11:10.0487948Z   File "D:\a\integrator\integrator\scripts\setup_tslab_algotrading.py", line 401, in _cmd_moex
2026-03-04T11:11:10.0489030Z   C:\hostedtoolcache\windows\Python\3.12.10\x64\python.exe -m unittest discover -s tests -p test*.py -q
2026-03-04T11:11:10.0489921Z     print(json.dumps(payload, ensure_ascii=False))
2026-03-04T11:11:10.0490641Z a	D:\a\integrator\integrator\tests\.tmp_case_c8277447fa054bb0b60ff57e6f9b7bda\a	test
2026-03-04T11:11:10.0491666Z   File "C:\hostedtoolcache\windows\Python\3.12.10\x64\Lib\encodings\cp1252.py", line 19, in encode
2026-03-04T11:11:10.0492733Z   C:\hostedtoolcache\windows\Python\3.12.10\x64\python.exe -m unittest discover -s tests -p test*.py -q
2026-03-04T11:11:10.0493715Z     return codecs.charmap_encode(input,self.errors,encoding_table)[0]
2026-03-04T11:11:10.0494533Z            ^^^^^^^^^^^^^^^^^^^^^^^^^^^^^^^^^^^^^^^^^^^^^^^^^^^^^^^
2026-03-04T11:11:10.0495450Z UnicodeEncodeError: 'charmap' codec can't encode characters in position 673-681: character maps to <undefined>
2026-03-04T11:11:10.0496252Z 
2026-03-04T11:11:10.0496552Z ======================================================================
2026-03-04T11:11:10.0497427Z FAIL: test_resolve_git_dir_dir_and_file (test_git_ops.GitOpsTests.test_resolve_git_dir_dir_and_file)
2026-03-04T11:11:10.0498331Z ----------------------------------------------------------------------
2026-03-04T11:11:10.0498949Z Traceback (most recent call last):
2026-03-04T11:11:10.0499893Z   File "D:\a\integrator\integrator\tests\test_git_ops.py", line 31, in test_resolve_git_dir_dir_and_file
2026-03-04T11:11:10.0501797Z     self.assertEqual(_resolve_git_dir(root), real)
2026-03-04T11:11:10.0503130Z AssertionError: WindowsPath('C:/Users/runneradmin/AppData/Local/Temp/tmpoowu8d23/.real_git') != WindowsPath('C:/Users/RUNNER~1/AppData/Local/Temp/tmpoowu8d23/.real_git')
2026-03-04T11:11:10.0504528Z 
2026-03-04T11:11:10.0504894Z ----------------------------------------------------------------------
2026-03-04T11:11:10.0505493Z Ran 196 tests in 3.192s
2026-03-04T11:11:10.0505837Z 
2026-03-04T11:11:10.0506099Z FAILED (failures=1, errors=1)
2026-03-04T11:11:10.1783152Z ##[error]Process completed with exit code 1.
2026-03-04T11:11:10.2033221Z Post job cleanup.
2026-03-04T11:11:11.3152710Z [command]"C:\Program Files\Git\bin\git.exe" version
2026-03-04T11:11:11.3153998Z git version 2.53.0.windows.1
2026-03-04T11:11:11.3157135Z Temporarily overriding HOME='D:\a\_temp\99438dae-000b-4c2b-bdb6-25972b8488c5' before making global git config changes
2026-03-04T11:11:11.3158663Z Adding repository directory to the temporary git global config as a safe directory
2026-03-04T11:11:11.3159680Z [command]"C:\Program Files\Git\bin\git.exe" config --global --add safe.directory D:\a\integrator\integrator
2026-03-04T11:11:11.3161187Z [command]"C:\Program Files\Git\bin\git.exe" config --local --name-only --get-regexp core\.sshCommand
2026-03-04T11:11:11.3163281Z [command]"C:\Program Files\Git\bin\git.exe" submodule foreach --recursive "sh -c \"git config --local --name-only --get-regexp 'core\.sshCommand' && git config --local --unset-all 'core.sshCommand' || :\""
2026-03-04T11:11:11.3165554Z [command]"C:\Program Files\Git\bin\git.exe" config --local --name-only --get-regexp http\.https\:\/\/github\.com\/\.extraheader
2026-03-04T11:11:11.3166477Z http.https://github.com/.extraheader
2026-03-04T11:11:11.3167725Z [command]"C:\Program Files\Git\bin\git.exe" config --local --unset-all http.https://github.com/.extraheader
2026-03-04T11:11:11.3170303Z [command]"C:\Program Files\Git\bin\git.exe" submodule foreach --recursive "sh -c \"git config --local --name-only --get-regexp 'http\.https\:\/\/github\.com\/\.extraheader' && git config --local --unset-all 'http.https://github.com/.extraheader' || :\""
2026-03-04T11:11:12.3147765Z [command]"C:\Program Files\Git\bin\git.exe" config --local --name-only --get-regexp ^includeIf\.gitdir:
2026-03-04T11:11:12.3149607Z [command]"C:\Program Files\Git\bin\git.exe" submodule foreach --recursive "git config --local --show-origin --name-only --get-regexp remote.origin.url"
2026-03-04T11:11:12.5008187Z Cleaning up orphan processes
