2026-03-04T11:14:50.8893232Z Current runner version: '2.331.0'
2026-03-04T11:14:50.8958066Z ##[group]Runner Image Provisioner
2026-03-04T11:14:50.8959218Z Hosted Compute Agent
2026-03-04T11:14:50.8980542Z Version: 20260213.493
2026-03-04T11:14:50.8981693Z Commit: 5c115507f6dd24b8de37d8bbe0bb4509d0cc0fa3
2026-03-04T11:14:50.8983048Z Build Date: 2026-02-13T00:28:41Z
2026-03-04T11:14:50.8984131Z Worker ID: {3e4a612e-435f-4e1e-ae29-f591e05a272e}
2026-03-04T11:14:50.8985428Z Azure Region: westus3
2026-03-04T11:14:50.8986344Z ##[endgroup]
2026-03-04T11:14:50.8988554Z ##[group]Operating System
2026-03-04T11:14:50.8989635Z Ubuntu
2026-03-04T11:14:50.8990540Z 24.04.3
2026-03-04T11:14:50.8991323Z LTS
2026-03-04T11:14:50.8992091Z ##[endgroup]
2026-03-04T11:14:50.8993103Z ##[group]Runner Image
2026-03-04T11:14:50.8994036Z Image: ubuntu-24.04
2026-03-04T11:14:50.8994912Z Version: 20260224.36.1
2026-03-04T11:14:50.8997000Z Included Software: https://github.com/actions/runner-images/blob/ubuntu24/20260224.36/images/ubuntu/Ubuntu2404-Readme.md
2026-03-04T11:14:50.8999823Z Image Release: https://github.com/actions/runner-images/releases/tag/ubuntu24%2F20260224.36
2026-03-04T11:14:50.9021837Z ##[endgroup]
2026-03-04T11:14:50.9023948Z ##[group]GITHUB_TOKEN Permissions
2026-03-04T11:14:50.9027059Z Contents: read
2026-03-04T11:14:50.9028042Z Metadata: read
2026-03-04T11:14:50.9028966Z Packages: read
2026-03-04T11:14:50.9029874Z ##[endgroup]
2026-03-04T11:14:50.9032670Z Secret source: Actions
2026-03-04T11:14:50.9034486Z Prepare workflow directory
2026-03-04T11:14:50.9544710Z Prepare all required actions
2026-03-04T11:14:50.9629878Z Getting action download info
2026-03-04T11:14:51.4217012Z Download action repository 'actions/checkout@v4' (SHA:34e114876b0b11c390a56381ad16ebd13914f8d5)
2026-03-04T11:14:51.5851747Z Download action repository 'actions/setup-python@v5' (SHA:a26af69be951a213d495a4c3e4e4022e16d87065)
2026-03-04T11:14:51.6761704Z Download action repository 'actions/upload-artifact@v4' (SHA:ea165f8d65b6e75b540449e92b4886f43607fa02)
2026-03-04T11:14:51.9455958Z Complete job name: test-matrix (3.11)
2026-03-04T11:14:52.0312942Z ##[group]Run actions/checkout@v4
2026-03-04T11:14:52.0314293Z with:
2026-03-04T11:14:52.0315063Z   repository: egorKara/integrator
2026-03-04T11:14:52.0316317Z   token: ***
2026-03-04T11:14:52.0317127Z   ssh-strict: true
2026-03-04T11:14:52.0317900Z   ssh-user: git
2026-03-04T11:14:52.0318690Z   persist-credentials: true
2026-03-04T11:14:52.0319588Z   clean: true
2026-03-04T11:14:52.0320765Z   sparse-checkout-cone-mode: true
2026-03-04T11:14:52.0321782Z   fetch-depth: 1
2026-03-04T11:14:52.0322548Z   fetch-tags: false
2026-03-04T11:14:52.0323351Z   show-progress: true
2026-03-04T11:14:52.0324147Z   lfs: false
2026-03-04T11:14:52.0324892Z   submodules: false
2026-03-04T11:14:52.0325716Z   set-safe-directory: true
2026-03-04T11:14:52.0326907Z ##[endgroup]
2026-03-04T11:14:52.1546823Z Syncing repository: egorKara/integrator
2026-03-04T11:14:52.1554591Z ##[group]Getting Git version info
2026-03-04T11:14:52.1557229Z Working directory is '/home/runner/work/integrator/integrator'
2026-03-04T11:14:52.1561628Z [command]/usr/bin/git version
2026-03-04T11:14:52.1668648Z git version 2.53.0
2026-03-04T11:14:52.1700477Z ##[endgroup]
2026-03-04T11:14:52.1715756Z Temporarily overriding HOME='/home/runner/work/_temp/b719d0c4-a8c2-4d60-a677-64edc4808f76' before making global git config changes
2026-03-04T11:14:52.1722631Z Adding repository directory to the temporary git global config as a safe directory
2026-03-04T11:14:52.1737481Z [command]/usr/bin/git config --global --add safe.directory /home/runner/work/integrator/integrator
2026-03-04T11:14:52.1787056Z Deleting the contents of '/home/runner/work/integrator/integrator'
2026-03-04T11:14:52.1791427Z ##[group]Initializing the repository
2026-03-04T11:14:52.1797434Z [command]/usr/bin/git init /home/runner/work/integrator/integrator
2026-03-04T11:14:52.1930339Z hint: Using 'master' as the name for the initial branch. This default branch name
2026-03-04T11:14:52.1933739Z hint: will change to "main" in Git 3.0. To configure the initial branch name
2026-03-04T11:14:52.1937290Z hint: to use in all of your new repositories, which will suppress this warning,
2026-03-04T11:14:52.1939908Z hint: call:
2026-03-04T11:14:52.1941393Z hint:
2026-03-04T11:14:52.1943217Z hint: 	git config --global init.defaultBranch <name>
2026-03-04T11:14:52.1945280Z hint:
2026-03-04T11:14:52.1947134Z hint: Names commonly chosen instead of 'master' are 'main', 'trunk' and
2026-03-04T11:14:52.1950610Z hint: 'development'. The just-created branch can be renamed via this command:
2026-03-04T11:14:52.1953143Z hint:
2026-03-04T11:14:52.1954555Z hint: 	git branch -m <name>
2026-03-04T11:14:52.1956154Z hint:
2026-03-04T11:14:52.1958146Z hint: Disable this message with "git config set advice.defaultBranchName false"
2026-03-04T11:14:52.1962192Z Initialized empty Git repository in /home/runner/work/integrator/integrator/.git/
2026-03-04T11:14:52.1967222Z [command]/usr/bin/git remote add origin https://github.com/egorKara/integrator
2026-03-04T11:14:52.2013192Z ##[endgroup]
2026-03-04T11:14:52.2015612Z ##[group]Disabling automatic garbage collection
2026-03-04T11:14:52.2017640Z [command]/usr/bin/git config --local gc.auto 0
2026-03-04T11:14:52.2051933Z ##[endgroup]
2026-03-04T11:14:52.2054914Z ##[group]Setting up auth
2026-03-04T11:14:52.2057343Z [command]/usr/bin/git config --local --name-only --get-regexp core\.sshCommand
2026-03-04T11:14:52.2095850Z [command]/usr/bin/git submodule foreach --recursive sh -c "git config --local --name-only --get-regexp 'core\.sshCommand' && git config --local --unset-all 'core.sshCommand' || :"
2026-03-04T11:14:52.2488851Z [command]/usr/bin/git config --local --name-only --get-regexp http\.https\:\/\/github\.com\/\.extraheader
2026-03-04T11:14:52.2526347Z [command]/usr/bin/git submodule foreach --recursive sh -c "git config --local --name-only --get-regexp 'http\.https\:\/\/github\.com\/\.extraheader' && git config --local --unset-all 'http.https://github.com/.extraheader' || :"
2026-03-04T11:14:52.2778026Z [command]/usr/bin/git config --local --name-only --get-regexp ^includeIf\.gitdir:
2026-03-04T11:14:52.2814021Z [command]/usr/bin/git submodule foreach --recursive git config --local --show-origin --name-only --get-regexp remote.origin.url
2026-03-04T11:14:52.3079636Z [command]/usr/bin/git config --local http.https://github.com/.extraheader AUTHORIZATION: basic ***
2026-03-04T11:14:52.3119331Z ##[endgroup]
2026-03-04T11:14:52.3122367Z ##[group]Fetching the repository
2026-03-04T11:14:52.3131543Z [command]/usr/bin/git -c protocol.version=2 fetch --no-tags --prune --no-recurse-submodules --depth=1 origin +420012b89edf660bd435261801843f99142466b4:refs/remotes/origin/main
2026-03-04T11:14:52.9922657Z From https://github.com/egorKara/integrator
2026-03-04T11:14:52.9923536Z  * [new ref]         420012b89edf660bd435261801843f99142466b4 -> origin/main
2026-03-04T11:14:52.9959917Z ##[endgroup]
2026-03-04T11:14:52.9961400Z ##[group]Determining the checkout info
2026-03-04T11:14:52.9962723Z ##[endgroup]
2026-03-04T11:14:52.9968246Z [command]/usr/bin/git sparse-checkout disable
2026-03-04T11:14:53.0018194Z [command]/usr/bin/git config --local --unset-all extensions.worktreeConfig
2026-03-04T11:14:53.0066075Z ##[group]Checking out the ref
2026-03-04T11:14:53.0072489Z [command]/usr/bin/git checkout --progress --force -B main refs/remotes/origin/main
2026-03-04T11:14:53.0348004Z Switched to a new branch 'main'
2026-03-04T11:14:53.0354735Z branch 'main' set up to track 'origin/main'.
2026-03-04T11:14:53.0362786Z ##[endgroup]
2026-03-04T11:14:53.0413442Z [command]/usr/bin/git log -1 --format=%H
2026-03-04T11:14:53.0449438Z 420012b89edf660bd435261801843f99142466b4
2026-03-04T11:14:53.0784219Z ##[group]Run actions/setup-python@v5
2026-03-04T11:14:53.0784720Z with:
2026-03-04T11:14:53.0785107Z   python-version: 3.11
2026-03-04T11:14:53.0785505Z   cache: pip
2026-03-04T11:14:53.0785863Z   check-latest: false
2026-03-04T11:14:53.0786425Z   token: ***
2026-03-04T11:14:53.0786805Z   update-environment: true
2026-03-04T11:14:53.0787235Z   allow-prereleases: false
2026-03-04T11:14:53.0787975Z   freethreaded: false
2026-03-04T11:14:53.0788357Z ##[endgroup]
2026-03-04T11:14:53.2751932Z ##[group]Installed versions
2026-03-04T11:14:53.2859950Z Successfully set up CPython (3.11.14)
2026-03-04T11:14:53.2861739Z ##[endgroup]
2026-03-04T11:14:53.3683851Z [command]/opt/hostedtoolcache/Python/3.11.14/x64/bin/pip cache dir
2026-03-04T11:15:00.1312798Z /home/runner/.cache/pip
2026-03-04T11:15:00.4201452Z Cache hit for: setup-python-Linux-x64-24.04-Ubuntu-python-3.11.14-pip-e4048e7133219542cb601e67c3ef9cacc1260af79212e41fe1f0d9c6694f0fc4
2026-03-04T11:15:01.6701735Z Received 31651732 of 35846036 (88.3%), 30.2 MBs/sec
2026-03-04T11:15:01.8669813Z Received 35846036 of 35846036 (100.0%), 28.6 MBs/sec
2026-03-04T11:15:01.8673755Z Cache Size: ~34 MB (35846036 B)
2026-03-04T11:15:01.8714170Z [command]/usr/bin/tar -xf /home/runner/work/_temp/6483b5ae-2082-42cd-a462-e05ab06ffb84/cache.tzst -P -C /home/runner/work/integrator/integrator --use-compress-program unzstd
2026-03-04T11:15:01.9539177Z Cache restored successfully
2026-03-04T11:15:01.9638968Z Cache restored from key: setup-python-Linux-x64-24.04-Ubuntu-python-3.11.14-pip-e4048e7133219542cb601e67c3ef9cacc1260af79212e41fe1f0d9c6694f0fc4
2026-03-04T11:15:01.9774618Z ##[group]Run python -m pip install --upgrade pip
2026-03-04T11:15:01.9775051Z [36;1mpython -m pip install --upgrade pip[0m
2026-03-04T11:15:01.9775438Z [36;1mpython -m pip install -r requirements.dev.lock.txt[0m
2026-03-04T11:15:01.9775781Z [36;1mpython -m pip install -e .[0m
2026-03-04T11:15:01.9832828Z shell: /usr/bin/bash -e {0}
2026-03-04T11:15:01.9833080Z env:
2026-03-04T11:15:01.9833349Z   pythonLocation: /opt/hostedtoolcache/Python/3.11.14/x64
2026-03-04T11:15:01.9833800Z   PKG_CONFIG_PATH: /opt/hostedtoolcache/Python/3.11.14/x64/lib/pkgconfig
2026-03-04T11:15:01.9834225Z   Python_ROOT_DIR: /opt/hostedtoolcache/Python/3.11.14/x64
2026-03-04T11:15:01.9834584Z   Python2_ROOT_DIR: /opt/hostedtoolcache/Python/3.11.14/x64
2026-03-04T11:15:01.9834947Z   Python3_ROOT_DIR: /opt/hostedtoolcache/Python/3.11.14/x64
2026-03-04T11:15:01.9835331Z   LD_LIBRARY_PATH: /opt/hostedtoolcache/Python/3.11.14/x64/lib
2026-03-04T11:15:01.9835628Z ##[endgroup]
2026-03-04T11:15:04.5286572Z Requirement already satisfied: pip in /opt/hostedtoolcache/Python/3.11.14/x64/lib/python3.11/site-packages (26.0.1)
2026-03-04T11:15:05.6146046Z Collecting build==1.3.0 (from -r requirements.dev.lock.txt (line 1))
2026-03-04T11:15:05.6903419Z   Downloading build-1.3.0-py3-none-any.whl.metadata (5.6 kB)
2026-03-04T11:15:06.0253349Z Collecting coverage==7.13.4 (from -r requirements.dev.lock.txt (line 2))
2026-03-04T11:15:06.0277512Z   Using cached coverage-7.13.4-cp311-cp311-manylinux1_x86_64.manylinux_2_28_x86_64.manylinux_2_5_x86_64.whl.metadata (8.5 kB)
2026-03-04T11:15:06.1222755Z Collecting mypy==1.19.1 (from -r requirements.dev.lock.txt (line 3))
2026-03-04T11:15:06.1240743Z   Using cached mypy-1.19.1-cp311-cp311-manylinux2014_x86_64.manylinux_2_17_x86_64.manylinux_2_28_x86_64.whl.metadata (2.2 kB)
2026-03-04T11:15:06.1691120Z Collecting pre-commit==3.7.0 (from -r requirements.dev.lock.txt (line 4))
2026-03-04T11:15:06.1794722Z   Downloading pre_commit-3.7.0-py2.py3-none-any.whl.metadata (1.3 kB)
2026-03-04T11:15:06.4843716Z Collecting ruff==0.15.1 (from -r requirements.dev.lock.txt (line 5))
2026-03-04T11:15:06.4955252Z   Downloading ruff-0.15.1-py3-none-manylinux_2_17_x86_64.manylinux2014_x86_64.whl.metadata (26 kB)
2026-03-04T11:15:06.5294349Z Collecting twine==6.1.0 (from -r requirements.dev.lock.txt (line 6))
2026-03-04T11:15:06.5403732Z   Downloading twine-6.1.0-py3-none-any.whl.metadata (3.7 kB)
2026-03-04T11:15:06.5636518Z Collecting packaging>=19.1 (from build==1.3.0->-r requirements.dev.lock.txt (line 1))
2026-03-04T11:15:06.5651147Z   Using cached packaging-26.0-py3-none-any.whl.metadata (3.3 kB)
2026-03-04T11:15:06.5797054Z Collecting pyproject_hooks (from build==1.3.0->-r requirements.dev.lock.txt (line 1))
2026-03-04T11:15:06.5897516Z   Downloading pyproject_hooks-1.2.0-py3-none-any.whl.metadata (1.3 kB)
2026-03-04T11:15:06.6115742Z Collecting typing_extensions>=4.6.0 (from mypy==1.19.1->-r requirements.dev.lock.txt (line 3))
2026-03-04T11:15:06.6130412Z   Using cached typing_extensions-4.15.0-py3-none-any.whl.metadata (3.3 kB)
2026-03-04T11:15:06.6273538Z Collecting mypy_extensions>=1.0.0 (from mypy==1.19.1->-r requirements.dev.lock.txt (line 3))
2026-03-04T11:15:06.6287385Z   Using cached mypy_extensions-1.1.0-py3-none-any.whl.metadata (1.1 kB)
2026-03-04T11:15:06.6470026Z Collecting pathspec>=0.9.0 (from mypy==1.19.1->-r requirements.dev.lock.txt (line 3))
2026-03-04T11:15:06.6485246Z   Using cached pathspec-1.0.4-py3-none-any.whl.metadata (13 kB)
2026-03-04T11:15:06.7654290Z Collecting librt>=0.6.2 (from mypy==1.19.1->-r requirements.dev.lock.txt (line 3))
2026-03-04T11:15:06.7669894Z   Using cached librt-0.8.1-cp311-cp311-manylinux2014_x86_64.manylinux_2_17_x86_64.manylinux_2_28_x86_64.whl.metadata (1.3 kB)
2026-03-04T11:15:06.7842486Z Collecting cfgv>=2.0.0 (from pre-commit==3.7.0->-r requirements.dev.lock.txt (line 4))
2026-03-04T11:15:06.7859037Z   Using cached cfgv-3.5.0-py2.py3-none-any.whl.metadata (8.9 kB)
2026-03-04T11:15:06.8334851Z Collecting identify>=1.0.0 (from pre-commit==3.7.0->-r requirements.dev.lock.txt (line 4))
2026-03-04T11:15:06.8436181Z   Downloading identify-2.6.17-py2.py3-none-any.whl.metadata (4.4 kB)
2026-03-04T11:15:06.8641192Z Collecting nodeenv>=0.11.1 (from pre-commit==3.7.0->-r requirements.dev.lock.txt (line 4))
2026-03-04T11:15:06.8658045Z   Using cached nodeenv-1.10.0-py2.py3-none-any.whl.metadata (24 kB)
2026-03-04T11:15:06.9046465Z Collecting pyyaml>=5.1 (from pre-commit==3.7.0->-r requirements.dev.lock.txt (line 4))
2026-03-04T11:15:06.9061893Z   Using cached pyyaml-6.0.3-cp311-cp311-manylinux2014_x86_64.manylinux_2_17_x86_64.manylinux_2_28_x86_64.whl.metadata (2.4 kB)
2026-03-04T11:15:06.9430558Z Collecting virtualenv>=20.10.0 (from pre-commit==3.7.0->-r requirements.dev.lock.txt (line 4))
2026-03-04T11:15:06.9446406Z   Using cached virtualenv-21.1.0-py3-none-any.whl.metadata (3.5 kB)
2026-03-04T11:15:06.9633007Z Collecting readme-renderer>=35.0 (from twine==6.1.0->-r requirements.dev.lock.txt (line 6))
2026-03-04T11:15:06.9732846Z   Downloading readme_renderer-44.0-py3-none-any.whl.metadata (2.8 kB)
2026-03-04T11:15:07.0009084Z Collecting requests>=2.20 (from twine==6.1.0->-r requirements.dev.lock.txt (line 6))
2026-03-04T11:15:07.0110861Z   Downloading requests-2.32.5-py3-none-any.whl.metadata (4.9 kB)
2026-03-04T11:15:07.0321257Z Collecting requests-toolbelt!=0.9.0,>=0.8.0 (from twine==6.1.0->-r requirements.dev.lock.txt (line 6))
2026-03-04T11:15:07.0425170Z   Downloading requests_toolbelt-1.0.0-py2.py3-none-any.whl.metadata (14 kB)
2026-03-04T11:15:07.0713522Z Collecting urllib3>=1.26.0 (from twine==6.1.0->-r requirements.dev.lock.txt (line 6))
2026-03-04T11:15:07.0816587Z   Downloading urllib3-2.6.3-py3-none-any.whl.metadata (6.9 kB)
2026-03-04T11:15:07.1176339Z Collecting keyring>=15.1 (from twine==6.1.0->-r requirements.dev.lock.txt (line 6))
2026-03-04T11:15:07.1276539Z   Downloading keyring-25.7.0-py3-none-any.whl.metadata (21 kB)
2026-03-04T11:15:07.1498742Z Collecting rfc3986>=1.4.0 (from twine==6.1.0->-r requirements.dev.lock.txt (line 6))
2026-03-04T11:15:07.1605062Z   Downloading rfc3986-2.0.0-py2.py3-none-any.whl.metadata (6.6 kB)
2026-03-04T11:15:07.1976504Z Collecting rich>=12.0.0 (from twine==6.1.0->-r requirements.dev.lock.txt (line 6))
2026-03-04T11:15:07.2078050Z   Downloading rich-14.3.3-py3-none-any.whl.metadata (18 kB)
2026-03-04T11:15:07.2277149Z Collecting id (from twine==6.1.0->-r requirements.dev.lock.txt (line 6))
2026-03-04T11:15:07.2376872Z   Downloading id-1.6.1-py3-none-any.whl.metadata (5.1 kB)
2026-03-04T11:15:07.2592451Z Collecting SecretStorage>=3.2 (from keyring>=15.1->twine==6.1.0->-r requirements.dev.lock.txt (line 6))
2026-03-04T11:15:07.2694728Z   Downloading secretstorage-3.5.0-py3-none-any.whl.metadata (4.0 kB)
2026-03-04T11:15:07.2888811Z Collecting jeepney>=0.4.2 (from keyring>=15.1->twine==6.1.0->-r requirements.dev.lock.txt (line 6))
2026-03-04T11:15:07.2988470Z   Downloading jeepney-0.9.0-py3-none-any.whl.metadata (1.2 kB)
2026-03-04T11:15:07.3301065Z Collecting importlib_metadata>=4.11.4 (from keyring>=15.1->twine==6.1.0->-r requirements.dev.lock.txt (line 6))
2026-03-04T11:15:07.3404713Z   Downloading importlib_metadata-8.7.1-py3-none-any.whl.metadata (4.7 kB)
2026-03-04T11:15:07.3604223Z Collecting jaraco.classes (from keyring>=15.1->twine==6.1.0->-r requirements.dev.lock.txt (line 6))
2026-03-04T11:15:07.3705087Z   Downloading jaraco.classes-3.4.0-py3-none-any.whl.metadata (2.6 kB)
2026-03-04T11:15:07.3943053Z Collecting jaraco.functools (from keyring>=15.1->twine==6.1.0->-r requirements.dev.lock.txt (line 6))
2026-03-04T11:15:07.4045887Z   Downloading jaraco_functools-4.4.0-py3-none-any.whl.metadata (3.0 kB)
2026-03-04T11:15:07.4250874Z Collecting jaraco.context (from keyring>=15.1->twine==6.1.0->-r requirements.dev.lock.txt (line 6))
2026-03-04T11:15:07.4351236Z   Downloading jaraco_context-6.1.0-py3-none-any.whl.metadata (4.3 kB)
2026-03-04T11:15:07.4593159Z Collecting zipp>=3.20 (from importlib_metadata>=4.11.4->keyring>=15.1->twine==6.1.0->-r requirements.dev.lock.txt (line 6))
2026-03-04T11:15:07.4693049Z   Downloading zipp-3.23.0-py3-none-any.whl.metadata (3.6 kB)
2026-03-04T11:15:07.5142429Z Collecting nh3>=0.2.14 (from readme-renderer>=35.0->twine==6.1.0->-r requirements.dev.lock.txt (line 6))
2026-03-04T11:15:07.5242795Z   Downloading nh3-0.3.3-cp38-abi3-manylinux_2_17_x86_64.manylinux2014_x86_64.whl.metadata (2.0 kB)
2026-03-04T11:15:07.5464034Z Collecting docutils>=0.21.2 (from readme-renderer>=35.0->twine==6.1.0->-r requirements.dev.lock.txt (line 6))
2026-03-04T11:15:07.5564310Z   Downloading docutils-0.22.4-py3-none-any.whl.metadata (15 kB)
2026-03-04T11:15:07.5818676Z Collecting Pygments>=2.5.1 (from readme-renderer>=35.0->twine==6.1.0->-r requirements.dev.lock.txt (line 6))
2026-03-04T11:15:07.5919837Z   Downloading pygments-2.19.2-py3-none-any.whl.metadata (2.5 kB)
2026-03-04T11:15:07.6787436Z Collecting charset_normalizer<4,>=2 (from requests>=2.20->twine==6.1.0->-r requirements.dev.lock.txt (line 6))
2026-03-04T11:15:07.6891691Z   Downloading charset_normalizer-3.4.4-cp311-cp311-manylinux2014_x86_64.manylinux_2_17_x86_64.manylinux_2_28_x86_64.whl.metadata (37 kB)
2026-03-04T11:15:07.7137216Z Collecting idna<4,>=2.5 (from requests>=2.20->twine==6.1.0->-r requirements.dev.lock.txt (line 6))
2026-03-04T11:15:07.7238344Z   Downloading idna-3.11-py3-none-any.whl.metadata (8.4 kB)
2026-03-04T11:15:07.7519563Z Collecting certifi>=2017.4.17 (from requests>=2.20->twine==6.1.0->-r requirements.dev.lock.txt (line 6))
2026-03-04T11:15:07.7621803Z   Downloading certifi-2026.2.25-py3-none-any.whl.metadata (2.5 kB)
2026-03-04T11:15:07.7930108Z Collecting markdown-it-py>=2.2.0 (from rich>=12.0.0->twine==6.1.0->-r requirements.dev.lock.txt (line 6))
2026-03-04T11:15:07.8036951Z   Downloading markdown_it_py-4.0.0-py3-none-any.whl.metadata (7.3 kB)
2026-03-04T11:15:07.8271487Z Collecting mdurl~=0.1 (from markdown-it-py>=2.2.0->rich>=12.0.0->twine==6.1.0->-r requirements.dev.lock.txt (line 6))
2026-03-04T11:15:07.8373158Z   Downloading mdurl-0.1.2-py3-none-any.whl.metadata (1.6 kB)
2026-03-04T11:15:08.0618876Z Collecting cryptography>=2.0 (from SecretStorage>=3.2->keyring>=15.1->twine==6.1.0->-r requirements.dev.lock.txt (line 6))
2026-03-04T11:15:08.0724144Z   Downloading cryptography-46.0.5-cp311-abi3-manylinux_2_34_x86_64.whl.metadata (5.7 kB)
2026-03-04T11:15:08.1720435Z Collecting cffi>=2.0.0 (from cryptography>=2.0->SecretStorage>=3.2->keyring>=15.1->twine==6.1.0->-r requirements.dev.lock.txt (line 6))
2026-03-04T11:15:08.1824233Z   Downloading cffi-2.0.0-cp311-cp311-manylinux2014_x86_64.manylinux_2_17_x86_64.whl.metadata (2.6 kB)
2026-03-04T11:15:08.2019655Z Collecting pycparser (from cffi>=2.0.0->cryptography>=2.0->SecretStorage>=3.2->keyring>=15.1->twine==6.1.0->-r requirements.dev.lock.txt (line 6))
2026-03-04T11:15:08.2120833Z   Downloading pycparser-3.0-py3-none-any.whl.metadata (8.2 kB)
2026-03-04T11:15:08.2307203Z Collecting distlib<1,>=0.3.7 (from virtualenv>=20.10.0->pre-commit==3.7.0->-r requirements.dev.lock.txt (line 4))
2026-03-04T11:15:08.2321529Z   Using cached distlib-0.4.0-py2.py3-none-any.whl.metadata (5.2 kB)
2026-03-04T11:15:08.2536545Z Collecting filelock<4,>=3.24.2 (from virtualenv>=20.10.0->pre-commit==3.7.0->-r requirements.dev.lock.txt (line 4))
2026-03-04T11:15:08.2637887Z   Downloading filelock-3.25.0-py3-none-any.whl.metadata (2.0 kB)
2026-03-04T11:15:08.2876448Z Collecting platformdirs<5,>=3.9.1 (from virtualenv>=20.10.0->pre-commit==3.7.0->-r requirements.dev.lock.txt (line 4))
2026-03-04T11:15:08.2889941Z   Using cached platformdirs-4.9.2-py3-none-any.whl.metadata (4.7 kB)
2026-03-04T11:15:08.3027999Z Collecting python-discovery>=1 (from virtualenv>=20.10.0->pre-commit==3.7.0->-r requirements.dev.lock.txt (line 4))
2026-03-04T11:15:08.3043944Z   Using cached python_discovery-1.1.0-py3-none-any.whl.metadata (4.0 kB)
2026-03-04T11:15:08.3343203Z Collecting more-itertools (from jaraco.classes->keyring>=15.1->twine==6.1.0->-r requirements.dev.lock.txt (line 6))
2026-03-04T11:15:08.3445402Z   Downloading more_itertools-10.8.0-py3-none-any.whl.metadata (39 kB)
2026-03-04T11:15:08.3645746Z Collecting backports.tarfile (from jaraco.context->keyring>=15.1->twine==6.1.0->-r requirements.dev.lock.txt (line 6))
2026-03-04T11:15:08.3747694Z   Downloading backports.tarfile-1.2.0-py3-none-any.whl.metadata (2.0 kB)
2026-03-04T11:15:08.3916152Z Downloading build-1.3.0-py3-none-any.whl (23 kB)
2026-03-04T11:15:08.3957401Z Using cached coverage-7.13.4-cp311-cp311-manylinux1_x86_64.manylinux_2_28_x86_64.manylinux_2_5_x86_64.whl (252 kB)
2026-03-04T11:15:08.3973453Z Using cached mypy-1.19.1-cp311-cp311-manylinux2014_x86_64.manylinux_2_17_x86_64.manylinux_2_28_x86_64.whl (13.4 MB)
2026-03-04T11:15:08.4172886Z Downloading pre_commit-3.7.0-py2.py3-none-any.whl (204 kB)
2026-03-04T11:15:08.4436704Z Downloading ruff-0.15.1-py3-none-manylinux_2_17_x86_64.manylinux2014_x86_64.whl (11.1 MB)
2026-03-04T11:15:08.5158491Z    ━━━━━━━━━━━━━━━━━━━━━━━━━━━━━━━━━━━━━━━━ 11.1/11.1 MB 161.5 MB/s  0:00:00
2026-03-04T11:15:08.5268146Z Downloading twine-6.1.0-py3-none-any.whl (40 kB)
2026-03-04T11:15:08.5307285Z Using cached cfgv-3.5.0-py2.py3-none-any.whl (7.4 kB)
2026-03-04T11:15:08.5409482Z Downloading identify-2.6.17-py2.py3-none-any.whl (99 kB)
2026-03-04T11:15:08.5538519Z Downloading keyring-25.7.0-py3-none-any.whl (39 kB)
2026-03-04T11:15:08.5668203Z Downloading importlib_metadata-8.7.1-py3-none-any.whl (27 kB)
2026-03-04T11:15:08.5796734Z Downloading jeepney-0.9.0-py3-none-any.whl (49 kB)
2026-03-04T11:15:08.5839609Z Using cached librt-0.8.1-cp311-cp311-manylinux2014_x86_64.manylinux_2_17_x86_64.manylinux_2_28_x86_64.whl (218 kB)
2026-03-04T11:15:08.5855799Z Using cached mypy_extensions-1.1.0-py3-none-any.whl (5.0 kB)
2026-03-04T11:15:08.5869298Z Using cached nodeenv-1.10.0-py2.py3-none-any.whl (23 kB)
2026-03-04T11:15:08.5883892Z Using cached packaging-26.0-py3-none-any.whl (74 kB)
2026-03-04T11:15:08.5898210Z Using cached pathspec-1.0.4-py3-none-any.whl (55 kB)
2026-03-04T11:15:08.5913145Z Using cached pyyaml-6.0.3-cp311-cp311-manylinux2014_x86_64.manylinux_2_17_x86_64.manylinux_2_28_x86_64.whl (806 kB)
2026-03-04T11:15:08.6023247Z Downloading readme_renderer-44.0-py3-none-any.whl (13 kB)
2026-03-04T11:15:08.6166922Z Downloading docutils-0.22.4-py3-none-any.whl (633 kB)
2026-03-04T11:15:08.6238759Z    ━━━━━━━━━━━━━━━━━━━━━━━━━━━━━━━━━━━━━━━━ 633.2/633.2 kB 82.0 MB/s  0:00:00
2026-03-04T11:15:08.6344630Z Downloading nh3-0.3.3-cp38-abi3-manylinux_2_17_x86_64.manylinux2014_x86_64.whl (811 kB)
2026-03-04T11:15:08.6419059Z    ━━━━━━━━━━━━━━━━━━━━━━━━━━━━━━━━━━━━━━━━ 811.5/811.5 kB 113.1 MB/s  0:00:00
2026-03-04T11:15:08.6525391Z Downloading pygments-2.19.2-py3-none-any.whl (1.2 MB)
2026-03-04T11:15:08.6624271Z    ━━━━━━━━━━━━━━━━━━━━━━━━━━━━━━━━━━━━━━━━ 1.2/1.2 MB 140.5 MB/s  0:00:00
2026-03-04T11:15:08.6728446Z Downloading requests-2.32.5-py3-none-any.whl (64 kB)
2026-03-04T11:15:08.6862473Z Downloading charset_normalizer-3.4.4-cp311-cp311-manylinux2014_x86_64.manylinux_2_17_x86_64.manylinux_2_28_x86_64.whl (151 kB)
2026-03-04T11:15:08.6994980Z Downloading idna-3.11-py3-none-any.whl (71 kB)
2026-03-04T11:15:08.7123450Z Downloading urllib3-2.6.3-py3-none-any.whl (131 kB)
2026-03-04T11:15:08.7254015Z Downloading certifi-2026.2.25-py3-none-any.whl (153 kB)
2026-03-04T11:15:08.7391785Z Downloading requests_toolbelt-1.0.0-py2.py3-none-any.whl (54 kB)
2026-03-04T11:15:08.7523240Z Downloading rfc3986-2.0.0-py2.py3-none-any.whl (31 kB)
2026-03-04T11:15:08.7667763Z Downloading rich-14.3.3-py3-none-any.whl (310 kB)
2026-03-04T11:15:08.7807983Z Downloading markdown_it_py-4.0.0-py3-none-any.whl (87 kB)
2026-03-04T11:15:08.7937494Z Downloading mdurl-0.1.2-py3-none-any.whl (10.0 kB)
2026-03-04T11:15:08.8066036Z Downloading secretstorage-3.5.0-py3-none-any.whl (15 kB)
2026-03-04T11:15:08.8200643Z Downloading cryptography-46.0.5-cp311-abi3-manylinux_2_34_x86_64.whl (4.5 MB)
2026-03-04T11:15:08.8412336Z    ━━━━━━━━━━━━━━━━━━━━━━━━━━━━━━━━━━━━━━━━ 4.5/4.5 MB 225.0 MB/s  0:00:00
2026-03-04T11:15:08.8518963Z Downloading cffi-2.0.0-cp311-cp311-manylinux2014_x86_64.manylinux_2_17_x86_64.whl (215 kB)
2026-03-04T11:15:08.8565745Z Using cached typing_extensions-4.15.0-py3-none-any.whl (44 kB)
2026-03-04T11:15:08.8580021Z Using cached virtualenv-21.1.0-py3-none-any.whl (5.8 MB)
2026-03-04T11:15:08.8635407Z Using cached distlib-0.4.0-py2.py3-none-any.whl (469 kB)
2026-03-04T11:15:08.8741038Z Downloading filelock-3.25.0-py3-none-any.whl (26 kB)
2026-03-04T11:15:08.8777633Z Using cached platformdirs-4.9.2-py3-none-any.whl (21 kB)
2026-03-04T11:15:08.8793059Z Using cached python_discovery-1.1.0-py3-none-any.whl (30 kB)
2026-03-04T11:15:08.8895635Z Downloading zipp-3.23.0-py3-none-any.whl (10 kB)
2026-03-04T11:15:08.9026554Z Downloading id-1.6.1-py3-none-any.whl (14 kB)
2026-03-04T11:15:08.9157699Z Downloading jaraco.classes-3.4.0-py3-none-any.whl (6.8 kB)
2026-03-04T11:15:08.9281612Z Downloading jaraco_context-6.1.0-py3-none-any.whl (7.1 kB)
2026-03-04T11:15:08.9403584Z Downloading backports.tarfile-1.2.0-py3-none-any.whl (30 kB)
2026-03-04T11:15:08.9531441Z Downloading jaraco_functools-4.4.0-py3-none-any.whl (10 kB)
2026-03-04T11:15:08.9657497Z Downloading more_itertools-10.8.0-py3-none-any.whl (69 kB)
2026-03-04T11:15:08.9783487Z Downloading pycparser-3.0-py3-none-any.whl (48 kB)
2026-03-04T11:15:08.9908026Z Downloading pyproject_hooks-1.2.0-py3-none-any.whl (10 kB)
2026-03-04T11:15:09.1311805Z Installing collected packages: distlib, zipp, urllib3, typing_extensions, ruff, rfc3986, pyyaml, pyproject_hooks, Pygments, pycparser, platformdirs, pathspec, packaging, nodeenv, nh3, mypy_extensions, more-itertools, mdurl, librt, jeepney, idna, identify, filelock, docutils, coverage, charset_normalizer, cfgv, certifi, backports.tarfile, requests, readme-renderer, python-discovery, mypy, markdown-it-py, jaraco.functools, jaraco.context, jaraco.classes, importlib_metadata, id, cffi, build, virtualenv, rich, requests-toolbelt, cryptography, SecretStorage, pre-commit, keyring, twine
2026-03-04T11:15:13.2487321Z 
2026-03-04T11:15:13.2516904Z Successfully installed Pygments-2.19.2 SecretStorage-3.5.0 backports.tarfile-1.2.0 build-1.3.0 certifi-2026.2.25 cffi-2.0.0 cfgv-3.5.0 charset_normalizer-3.4.4 coverage-7.13.4 cryptography-46.0.5 distlib-0.4.0 docutils-0.22.4 filelock-3.25.0 id-1.6.1 identify-2.6.17 idna-3.11 importlib_metadata-8.7.1 jaraco.classes-3.4.0 jaraco.context-6.1.0 jaraco.functools-4.4.0 jeepney-0.9.0 keyring-25.7.0 librt-0.8.1 markdown-it-py-4.0.0 mdurl-0.1.2 more-itertools-10.8.0 mypy-1.19.1 mypy_extensions-1.1.0 nh3-0.3.3 nodeenv-1.10.0 packaging-26.0 pathspec-1.0.4 platformdirs-4.9.2 pre-commit-3.7.0 pycparser-3.0 pyproject_hooks-1.2.0 python-discovery-1.1.0 pyyaml-6.0.3 readme-renderer-44.0 requests-2.32.5 requests-toolbelt-1.0.0 rfc3986-2.0.0 rich-14.3.3 ruff-0.15.1 twine-6.1.0 typing_extensions-4.15.0 urllib3-2.6.3 virtualenv-21.1.0 zipp-3.23.0
2026-03-04T11:15:14.2712081Z Obtaining file:///home/runner/work/integrator/integrator
2026-03-04T11:15:14.2729902Z   Installing build dependencies: started
2026-03-04T11:15:15.4505725Z   Installing build dependencies: finished with status 'done'
2026-03-04T11:15:15.4511837Z   Checking if build backend supports build_editable: started
2026-03-04T11:15:15.9108561Z   Checking if build backend supports build_editable: finished with status 'done'
2026-03-04T11:15:15.9116704Z   Getting requirements to build editable: started
2026-03-04T11:15:16.2449716Z   Getting requirements to build editable: finished with status 'done'
2026-03-04T11:15:16.2457880Z   Preparing editable metadata (pyproject.toml): started
2026-03-04T11:15:16.4268552Z   Preparing editable metadata (pyproject.toml): finished with status 'done'
2026-03-04T11:15:16.4309937Z Building wheels for collected packages: integrator
2026-03-04T11:15:16.4318006Z   Building editable for integrator (pyproject.toml): started
2026-03-04T11:15:16.6578744Z   Building editable for integrator (pyproject.toml): finished with status 'done'
2026-03-04T11:15:16.6591702Z   Created wheel for integrator: filename=integrator-0.2.0-0.editable-py3-none-any.whl size=5204 sha256=4dc2e258e2d8a42054c98c6861084199e7fd3f046075293055c7c4236e137a0b
2026-03-04T11:15:16.6594646Z   Stored in directory: /tmp/pip-ephem-wheel-cache-4c662kck/wheels/6d/08/8d/63754b8b955b458e5b30ff7c2072d76d001aeb983ce52a7a68
2026-03-04T11:15:16.6616519Z Successfully built integrator
2026-03-04T11:15:16.6935652Z Installing collected packages: integrator
2026-03-04T11:15:16.7033688Z Successfully installed integrator-0.2.0
2026-03-04T11:15:16.7654979Z ##[group]Run python -m ruff check .
2026-03-04T11:15:16.7655289Z [36;1mpython -m ruff check .[0m
2026-03-04T11:15:16.7704347Z shell: /usr/bin/bash -e {0}
2026-03-04T11:15:16.7704577Z env:
2026-03-04T11:15:16.7704822Z   pythonLocation: /opt/hostedtoolcache/Python/3.11.14/x64
2026-03-04T11:15:16.7705237Z   PKG_CONFIG_PATH: /opt/hostedtoolcache/Python/3.11.14/x64/lib/pkgconfig
2026-03-04T11:15:16.7705639Z   Python_ROOT_DIR: /opt/hostedtoolcache/Python/3.11.14/x64
2026-03-04T11:15:16.7705991Z   Python2_ROOT_DIR: /opt/hostedtoolcache/Python/3.11.14/x64
2026-03-04T11:15:16.7706360Z   Python3_ROOT_DIR: /opt/hostedtoolcache/Python/3.11.14/x64
2026-03-04T11:15:16.7706745Z   LD_LIBRARY_PATH: /opt/hostedtoolcache/Python/3.11.14/x64/lib
2026-03-04T11:15:16.7707058Z ##[endgroup]
2026-03-04T11:15:16.8315301Z All checks passed!
2026-03-04T11:15:16.8351293Z ##[group]Run python -m mypy .
2026-03-04T11:15:16.8351580Z [36;1mpython -m mypy .[0m
2026-03-04T11:15:16.8400646Z shell: /usr/bin/bash -e {0}
2026-03-04T11:15:16.8400950Z env:
2026-03-04T11:15:16.8401200Z   pythonLocation: /opt/hostedtoolcache/Python/3.11.14/x64
2026-03-04T11:15:16.8401611Z   PKG_CONFIG_PATH: /opt/hostedtoolcache/Python/3.11.14/x64/lib/pkgconfig
2026-03-04T11:15:16.8402037Z   Python_ROOT_DIR: /opt/hostedtoolcache/Python/3.11.14/x64
2026-03-04T11:15:16.8402404Z   Python2_ROOT_DIR: /opt/hostedtoolcache/Python/3.11.14/x64
2026-03-04T11:15:16.8402765Z   Python3_ROOT_DIR: /opt/hostedtoolcache/Python/3.11.14/x64
2026-03-04T11:15:16.8403129Z   LD_LIBRARY_PATH: /opt/hostedtoolcache/Python/3.11.14/x64/lib
2026-03-04T11:15:16.8403441Z ##[endgroup]
2026-03-04T11:15:20.3076368Z Success: no issues found in 90 source files
2026-03-04T11:15:20.3220109Z ##[group]Run python -m unittest discover -s tests -p "test*.py"
2026-03-04T11:15:20.3221052Z [36;1mpython -m unittest discover -s tests -p "test*.py"[0m
2026-03-04T11:15:20.3269910Z shell: /usr/bin/bash -e {0}
2026-03-04T11:15:20.3270139Z env:
2026-03-04T11:15:20.3270647Z   pythonLocation: /opt/hostedtoolcache/Python/3.11.14/x64
2026-03-04T11:15:20.3271065Z   PKG_CONFIG_PATH: /opt/hostedtoolcache/Python/3.11.14/x64/lib/pkgconfig
2026-03-04T11:15:20.3271478Z   Python_ROOT_DIR: /opt/hostedtoolcache/Python/3.11.14/x64
2026-03-04T11:15:20.3271836Z   Python2_ROOT_DIR: /opt/hostedtoolcache/Python/3.11.14/x64
2026-03-04T11:15:20.3272194Z   Python3_ROOT_DIR: /opt/hostedtoolcache/Python/3.11.14/x64
2026-03-04T11:15:20.3272552Z   LD_LIBRARY_PATH: /opt/hostedtoolcache/Python/3.11.14/x64/lib
2026-03-04T11:15:20.3272849Z ##[endgroup]
2026-03-04T11:15:22.3292156Z Python 3.11.14
2026-03-04T11:15:22.5416737Z .........................................................................................................F..........................................................................................
2026-03-04T11:15:22.5419647Z ======================================================================
2026-03-04T11:15:22.5421605Z FAIL: test_projects_list_limit_and_filter (test_projects.ProjectsTest.test_projects_list_limit_and_filter)
2026-03-04T11:15:22.5422437Z error	invalid_repo_slug	bad-slug
2026-03-04T11:15:22.5424382Z ----------------------------------------------------------------------
2026-03-04T11:15:22.5424980Z Traceback (most recent call last):
2026-03-04T11:15:22.5432274Z   File "/home/runner/work/integrator/integrator/tests/test_projects.py", line 522, in test_projects_list_limit_and_filter
2026-03-04T11:15:22.5433220Z     self.assertTrue(lines[0].startswith("bbb\t"))
2026-03-04T11:15:22.5433662Z AssertionError: False is not true
2026-03-04T11:15:22.5433925Z 
2026-03-04T11:15:22.5434127Z ----------------------------------------------------------------------
2026-03-04T11:15:22.5434591Z Ran 196 tests in 1.586s
2026-03-04T11:15:22.5434794Z 
2026-03-04T11:15:22.5434898Z FAILED (failures=1)
2026-03-04T11:15:22.5436878Z {"kind": "github_snapshot", "repo": "egorKara/integrator", "state": "open", "token_present": false, "issues": {"ok": false, "status": 500, "error": "e", "items": []}, "pulls": {"ok": false, "status": 500, "error": "e", "items": []}}
2026-03-04T11:15:22.5441418Z {"kind": "github_snapshot", "timestamp": "20260304_111521", "repo": "egorKara/integrator", "state": "open", "token_present": true, "issues_open_count": 1, "pulls_open_count": 1, "issues": [{"number": 1, "title": "Issue", "state": "open", "updated_at": "2026-01-01", "html_url": "u1"}], "pulls": [{"number": 3, "title": "PR", "state": "open", "draft": false, "updated_at": "2026-01-02", "html_url": "u3"}], "artifacts": {"report": "/tmp/tmpx33ac73y/reports/snap.json"}}
2026-03-04T11:15:22.5446979Z {"kind": "quality_summary", "cwd": "/tmp/tmpnmu46q5y", "tools": {"python": {"executable": "/opt/hostedtoolcache/Python/3.11.14/x64/bin/python", "version": "3.11.14", "version_full": "3.11.14 (main, Oct 10 2025, 01:03:14) [GCC 13.3.0]"}, "git": {"code": 0, "out": "ok", "err": ""}, "ruff": {"code": 0, "out": "ok", "err": ""}, "mypy": {"code": 0, "out": "ok", "err": ""}, "coverage": {"code": 0, "out": "ok", "err": ""}}, "gates": {}, "artifacts": {"coverage_xml": "/tmp/tmpnmu46q5y/reports/coverage.xml", "security_gitleaks_json": "/tmp/tmpnmu46q5y/reports/gitleaks.json", "security_gitleaks_sarif": "/tmp/tmpnmu46q5y/results.sarif", "security_pip_audit_requirements_json": "/tmp/tmpnmu46q5y/reports/pip-audit-requirements.json", "security_pip_audit_operator_json": "/tmp/tmpnmu46q5y/reports/pip-audit-operator.json"}}
2026-03-04T11:15:22.5451982Z {"kind": "incident_new", "id": "2026-02-22_demo", "title": "Demo", "severity": "p1", "status": "open", "date": "2026-02-22", "artifacts": {"incident_md": "/tmp/tmpalyn7j4f/docs/incidents/2026-02-22_demo.md", "index_md": "/tmp/tmpalyn7j4f/docs/INCIDENTS.md"}, "index_updated": true}
2026-03-04T11:15:22.5457803Z {"kind": "perf_baseline", "date": "2026-02-22", "cwd": "/tmp/tmphtjvxo9u", "args": {"roots": ["."], "max_depth": 4, "jobs": 16, "report_max_depth": 2, "repeat": 1}, "measures": {"projects_list": {"summary": {"repeat": 1, "min_ms": 100.0, "median_ms": 100.0, "p95_ms": 100.0, "max_ms": 100.0, "any_failed": false}, "runs": [{"code": 0, "ms": 100.0, "out": "", "err": ""}]}, "status": {"summary": {"repeat": 1, "min_ms": 100.0, "median_ms": 100.0, "p95_ms": 100.0, "max_ms": 100.0, "any_failed": false}, "runs": [{"code": 0, "ms": 100.0, "out": "", "err": ""}]}, "report_json": {"summary": {"repeat": 1, "min_ms": 99.99999999999997, "median_ms": 99.99999999999997, "p95_ms": 99.99999999999997, "max_ms": 99.99999999999997, "any_failed": false}, "runs": [{"code": 0, "ms": 99.99999999999997, "out": "", "err": ""}]}, "doctor": {"summary": {"repeat": 1, "min_ms": 100.00000000000003, "median_ms": 100.00000000000003, "p95_ms": 100.00000000000003, "max_ms": 100.00000000000003, "any_failed": false}, "runs": [{"code": 0, "ms": 100.00000000000003, "out": "", "err": ""}]}}, "artifacts": {"report": "/tmp/tmphtjvxo9u/reports/perf.json"}}
2026-03-04T11:15:22.5463297Z a	/home/runner/work/integrator/integrator/tests/.tmp_case_438d9bbdff6346edbb9eb16bd9d9a555/a	test
2026-03-04T11:15:22.5464240Z   /opt/hostedtoolcache/Python/3.11.14/x64/bin/python -m unittest discover -s tests -p test*.py -q
2026-03-04T11:15:22.5465167Z b	/home/runner/work/integrator/integrator/tests/.tmp_case_438d9bbdff6346edbb9eb16bd9d9a555/b	test
2026-03-04T11:15:22.5466089Z   /opt/hostedtoolcache/Python/3.11.14/x64/bin/python -m unittest discover -s tests -p test*.py -q
2026-03-04T11:15:22.5467012Z a	/home/runner/work/integrator/integrator/tests/.tmp_case_5703eecb868b4866bfb0947fbe8f6c17/a	test
2026-03-04T11:15:22.5467934Z   /opt/hostedtoolcache/Python/3.11.14/x64/bin/python -m unittest discover -s tests -p test*.py -q
2026-03-04T11:15:22.5475803Z {"kind": "tslab_setup_moex", "algo_root": "/tmp/tmp8yijl6k9/AlgoTrading", "offline_root": "/tmp/tmp8yijl6k9/AlgoTrading/TSLab/OfflineCSV/MOEX", "manifest": "/tmp/tmp8yijl6k9/AlgoTrading/TSLab/Manifests/offline_provider_moex.json", "runbook": "/tmp/tmp8yijl6k9/AlgoTrading/TSLab/Runbooks/TSLab_Offline_Provider_Quickstart.md", "config_path": "/tmp/tmp8yijl6k9/AlgoTrading/Configs/algotrading.json", "provider_name": "Finam_txt", "provider_type_label": "\u0422\u0435\u043a\u0441\u0442\u043e\u0432\u044b\u0435 \u0444\u0430\u0439\u043b\u044b", "provider_ui_settings": {"exchange": "", "digits": 4, "money_digits": 2, "price_step": 0.0, "lot_size": 1.0, "lot_step": 1.0, "currency": "Pt"}, "video_lesson_id": "2026-01-03 15-13-36", "video_notes": ["/tmp/tmp8yijl6k9/AlgoTrading/Notes/TSLab \u2014 \u043e\u0444\u0444\u043b\u0430\u0439\u043d \u043f\u043e\u0441\u0442\u0430\u0432\u0449\u0438\u043a \u0434\u0430\u043d\u043d\u044b\u0445 (\u0438\u0441\u0442\u043e\u0440\u0438\u044f) \u2014 \u0418\u043c\u044f \u0438 \u0422\u0438\u043f \u2014 2026-02-24.md", "/tmp/tmp8yijl6k9/AlgoTrading/Notes/TSLab \u2014 \u043e\u0444\u0444\u043b\u0430\u0439\u043d \u043f\u043e\u0441\u0442\u0430\u0432\u0449\u0438\u043a \u0434\u0430\u043d\u043d\u044b\u0445 (\u0438\u0441\u0442\u043e\u0440\u0438\u044f) \u2014 \u041d\u0430\u0441\u0442\u0440\u043e\u0439\u043a\u0438 (\u043f\u043e\u043b\u044f) \u2014 2026-02-24.md"], "files": [{"secid": "SBRF", "path": "/tmp/tmp8yijl6k9/AlgoTrading/TSLab/OfflineCSV/MOEX/SBRF_D1.csv", "status": "written", "bars": 1}], "warnings": [], "launch_tslab": false, "launch_ok": null, "launch_error": ""}
2026-03-04T11:15:22.5708359Z ##[error]Process completed with exit code 1.
2026-03-04T11:15:22.5816955Z Post job cleanup.
2026-03-04T11:15:22.6791075Z [command]/usr/bin/git version
2026-03-04T11:15:22.6834595Z git version 2.53.0
2026-03-04T11:15:22.6880559Z Temporarily overriding HOME='/home/runner/work/_temp/79adea0f-173e-4956-bf4a-df42823135d5' before making global git config changes
2026-03-04T11:15:22.6882220Z Adding repository directory to the temporary git global config as a safe directory
2026-03-04T11:15:22.6888199Z [command]/usr/bin/git config --global --add safe.directory /home/runner/work/integrator/integrator
2026-03-04T11:15:22.6936663Z [command]/usr/bin/git config --local --name-only --get-regexp core\.sshCommand
2026-03-04T11:15:22.6977302Z [command]/usr/bin/git submodule foreach --recursive sh -c "git config --local --name-only --get-regexp 'core\.sshCommand' && git config --local --unset-all 'core.sshCommand' || :"
2026-03-04T11:15:22.7242858Z [command]/usr/bin/git config --local --name-only --get-regexp http\.https\:\/\/github\.com\/\.extraheader
2026-03-04T11:15:22.7270489Z http.https://github.com/.extraheader
2026-03-04T11:15:22.7284404Z [command]/usr/bin/git config --local --unset-all http.https://github.com/.extraheader
2026-03-04T11:15:22.7322503Z [command]/usr/bin/git submodule foreach --recursive sh -c "git config --local --name-only --get-regexp 'http\.https\:\/\/github\.com\/\.extraheader' && git config --local --unset-all 'http.https://github.com/.extraheader' || :"
2026-03-04T11:15:22.7599616Z [command]/usr/bin/git config --local --name-only --get-regexp ^includeIf\.gitdir:
2026-03-04T11:15:22.7637129Z [command]/usr/bin/git submodule foreach --recursive git config --local --show-origin --name-only --get-regexp remote.origin.url
2026-03-04T11:15:22.7998240Z Cleaning up orphan processes
