2026-03-04T10:58:31.8007986Z Current runner version: '2.331.0'
2026-03-04T10:58:31.8046102Z ##[group]Runner Image Provisioner
2026-03-04T10:58:31.8047565Z Hosted Compute Agent
2026-03-04T10:58:31.8048455Z Version: 20260213.493
2026-03-04T10:58:31.8049504Z Commit: 5c115507f6dd24b8de37d8bbe0bb4509d0cc0fa3
2026-03-04T10:58:31.8051114Z Build Date: 2026-02-13T00:28:41Z
2026-03-04T10:58:31.8052276Z Worker ID: {df6fbac5-acb3-4b14-a281-fe68572f5fe8}
2026-03-04T10:58:31.8053450Z Azure Region: westus
2026-03-04T10:58:31.8054517Z ##[endgroup]
2026-03-04T10:58:31.8056922Z ##[group]Operating System
2026-03-04T10:58:31.8057878Z Ubuntu
2026-03-04T10:58:31.8058824Z 24.04.3
2026-03-04T10:58:31.8059587Z LTS
2026-03-04T10:58:31.8060783Z ##[endgroup]
2026-03-04T10:58:31.8061756Z ##[group]Runner Image
2026-03-04T10:58:31.8062754Z Image: ubuntu-24.04
2026-03-04T10:58:31.8063614Z Version: 20260224.36.1
2026-03-04T10:58:31.8065899Z Included Software: https://github.com/actions/runner-images/blob/ubuntu24/20260224.36/images/ubuntu/Ubuntu2404-Readme.md
2026-03-04T10:58:31.8068546Z Image Release: https://github.com/actions/runner-images/releases/tag/ubuntu24%2F20260224.36
2026-03-04T10:58:31.8070580Z ##[endgroup]
2026-03-04T10:58:31.8072523Z ##[group]GITHUB_TOKEN Permissions
2026-03-04T10:58:31.8075810Z Contents: read
2026-03-04T10:58:31.8076711Z Metadata: read
2026-03-04T10:58:31.8077737Z Packages: read
2026-03-04T10:58:31.8078560Z ##[endgroup]
2026-03-04T10:58:31.8082338Z Secret source: Actions
2026-03-04T10:58:31.8083534Z Prepare workflow directory
2026-03-04T10:58:31.8590925Z Prepare all required actions
2026-03-04T10:58:31.8631364Z Getting action download info
2026-03-04T10:58:32.3335646Z Download action repository 'actions/checkout@v4' (SHA:34e114876b0b11c390a56381ad16ebd13914f8d5)
2026-03-04T10:58:32.4900827Z Download action repository 'actions/setup-python@v5' (SHA:a26af69be951a213d495a4c3e4e4022e16d87065)
2026-03-04T10:58:32.5846547Z Download action repository 'actions/upload-artifact@v4' (SHA:ea165f8d65b6e75b540449e92b4886f43607fa02)
2026-03-04T10:58:32.8883505Z Complete job name: test-matrix (3.12)
2026-03-04T10:58:32.9639831Z ##[group]Run actions/checkout@v4
2026-03-04T10:58:32.9640888Z with:
2026-03-04T10:58:32.9641308Z   repository: egorKara/integrator
2026-03-04T10:58:32.9642022Z   token: ***
2026-03-04T10:58:32.9642405Z   ssh-strict: true
2026-03-04T10:58:32.9642795Z   ssh-user: git
2026-03-04T10:58:32.9643197Z   persist-credentials: true
2026-03-04T10:58:32.9643646Z   clean: true
2026-03-04T10:58:32.9644045Z   sparse-checkout-cone-mode: true
2026-03-04T10:58:32.9644518Z   fetch-depth: 1
2026-03-04T10:58:32.9644902Z   fetch-tags: false
2026-03-04T10:58:32.9645300Z   show-progress: true
2026-03-04T10:58:32.9645703Z   lfs: false
2026-03-04T10:58:32.9646069Z   submodules: false
2026-03-04T10:58:32.9646480Z   set-safe-directory: true
2026-03-04T10:58:32.9647139Z ##[endgroup]
2026-03-04T10:58:33.0879690Z Syncing repository: egorKara/integrator
2026-03-04T10:58:33.0882639Z ##[group]Getting Git version info
2026-03-04T10:58:33.0883838Z Working directory is '/home/runner/work/integrator/integrator'
2026-03-04T10:58:33.0887590Z [command]/usr/bin/git version
2026-03-04T10:58:33.0955403Z git version 2.53.0
2026-03-04T10:58:33.0987467Z ##[endgroup]
2026-03-04T10:58:33.1004467Z Temporarily overriding HOME='/home/runner/work/_temp/4aa558c1-1770-406b-8bf3-132fa75d639d' before making global git config changes
2026-03-04T10:58:33.1011754Z Adding repository directory to the temporary git global config as a safe directory
2026-03-04T10:58:33.1027811Z [command]/usr/bin/git config --global --add safe.directory /home/runner/work/integrator/integrator
2026-03-04T10:58:33.1076898Z Deleting the contents of '/home/runner/work/integrator/integrator'
2026-03-04T10:58:33.1082381Z ##[group]Initializing the repository
2026-03-04T10:58:33.1088078Z [command]/usr/bin/git init /home/runner/work/integrator/integrator
2026-03-04T10:58:33.1208072Z hint: Using 'master' as the name for the initial branch. This default branch name
2026-03-04T10:58:33.1209812Z hint: will change to "main" in Git 3.0. To configure the initial branch name
2026-03-04T10:58:33.1212322Z hint: to use in all of your new repositories, which will suppress this warning,
2026-03-04T10:58:33.1213978Z hint: call:
2026-03-04T10:58:33.1214878Z hint:
2026-03-04T10:58:33.1216418Z hint: 	git config --global init.defaultBranch <name>
2026-03-04T10:58:33.1217587Z hint:
2026-03-04T10:58:33.1218656Z hint: Names commonly chosen instead of 'master' are 'main', 'trunk' and
2026-03-04T10:58:33.1220571Z hint: 'development'. The just-created branch can be renamed via this command:
2026-03-04T10:58:33.1221845Z hint:
2026-03-04T10:58:33.1222555Z hint: 	git branch -m <name>
2026-03-04T10:58:33.1223293Z hint:
2026-03-04T10:58:33.1224301Z hint: Disable this message with "git config set advice.defaultBranchName false"
2026-03-04T10:58:33.1226430Z Initialized empty Git repository in /home/runner/work/integrator/integrator/.git/
2026-03-04T10:58:33.1232397Z [command]/usr/bin/git remote add origin https://github.com/egorKara/integrator
2026-03-04T10:58:33.1272424Z ##[endgroup]
2026-03-04T10:58:33.1273609Z ##[group]Disabling automatic garbage collection
2026-03-04T10:58:33.1277204Z [command]/usr/bin/git config --local gc.auto 0
2026-03-04T10:58:33.1314724Z ##[endgroup]
2026-03-04T10:58:33.1315922Z ##[group]Setting up auth
2026-03-04T10:58:33.1323120Z [command]/usr/bin/git config --local --name-only --get-regexp core\.sshCommand
2026-03-04T10:58:33.1362876Z [command]/usr/bin/git submodule foreach --recursive sh -c "git config --local --name-only --get-regexp 'core\.sshCommand' && git config --local --unset-all 'core.sshCommand' || :"
2026-03-04T10:58:33.1745074Z [command]/usr/bin/git config --local --name-only --get-regexp http\.https\:\/\/github\.com\/\.extraheader
2026-03-04T10:58:33.1782919Z [command]/usr/bin/git submodule foreach --recursive sh -c "git config --local --name-only --get-regexp 'http\.https\:\/\/github\.com\/\.extraheader' && git config --local --unset-all 'http.https://github.com/.extraheader' || :"
2026-03-04T10:58:33.2046392Z [command]/usr/bin/git config --local --name-only --get-regexp ^includeIf\.gitdir:
2026-03-04T10:58:33.2094885Z [command]/usr/bin/git submodule foreach --recursive git config --local --show-origin --name-only --get-regexp remote.origin.url
2026-03-04T10:58:33.2367932Z [command]/usr/bin/git config --local http.https://github.com/.extraheader AUTHORIZATION: basic ***
2026-03-04T10:58:33.2411881Z ##[endgroup]
2026-03-04T10:58:33.2413976Z ##[group]Fetching the repository
2026-03-04T10:58:33.2422498Z [command]/usr/bin/git -c protocol.version=2 fetch --no-tags --prune --no-recurse-submodules --depth=1 origin +e9c7e17286f5b6c7b9d05313e87b9314a3d637ae:refs/remotes/origin/main
2026-03-04T10:58:33.7607535Z From https://github.com/egorKara/integrator
2026-03-04T10:58:33.7755456Z  * [new ref]         e9c7e17286f5b6c7b9d05313e87b9314a3d637ae -> origin/main
2026-03-04T10:58:33.7759886Z ##[endgroup]
2026-03-04T10:58:33.7762224Z ##[group]Determining the checkout info
2026-03-04T10:58:33.7764536Z ##[endgroup]
2026-03-04T10:58:33.7766055Z [command]/usr/bin/git sparse-checkout disable
2026-03-04T10:58:33.7773700Z [command]/usr/bin/git config --local --unset-all extensions.worktreeConfig
2026-03-04T10:58:33.7787430Z ##[group]Checking out the ref
2026-03-04T10:58:33.7792155Z [command]/usr/bin/git checkout --progress --force -B main refs/remotes/origin/main
2026-03-04T10:58:33.7996050Z Switched to a new branch 'main'
2026-03-04T10:58:33.8000621Z branch 'main' set up to track 'origin/main'.
2026-03-04T10:58:33.8009190Z ##[endgroup]
2026-03-04T10:58:33.8052834Z [command]/usr/bin/git log -1 --format=%H
2026-03-04T10:58:33.8080190Z e9c7e17286f5b6c7b9d05313e87b9314a3d637ae
2026-03-04T10:58:33.8422832Z ##[group]Run actions/setup-python@v5
2026-03-04T10:58:33.8423945Z with:
2026-03-04T10:58:33.8424657Z   python-version: 3.12
2026-03-04T10:58:33.8425490Z   cache: pip
2026-03-04T10:58:33.8426220Z   check-latest: false
2026-03-04T10:58:33.8427351Z   token: ***
2026-03-04T10:58:33.8428112Z   update-environment: true
2026-03-04T10:58:33.8429033Z   allow-prereleases: false
2026-03-04T10:58:33.8430185Z   freethreaded: false
2026-03-04T10:58:33.8431153Z ##[endgroup]
2026-03-04T10:58:34.0703875Z ##[group]Installed versions
2026-03-04T10:58:34.0865633Z Successfully set up CPython (3.12.12)
2026-03-04T10:58:34.0869596Z ##[endgroup]
2026-03-04T10:58:34.1799944Z [command]/opt/hostedtoolcache/Python/3.12.12/x64/bin/pip cache dir
2026-03-04T10:58:36.1771067Z /home/runner/.cache/pip
2026-03-04T10:58:36.4903104Z pip cache is not found
2026-03-04T10:58:36.5125626Z ##[group]Run python -m pip install --upgrade pip
2026-03-04T10:58:36.5126233Z [36;1mpython -m pip install --upgrade pip[0m
2026-03-04T10:58:36.5126662Z [36;1mpython -m pip install -r requirements.dev.lock.txt[0m
2026-03-04T10:58:36.5127064Z [36;1mpython -m pip install -e .[0m
2026-03-04T10:58:36.5185484Z shell: /usr/bin/bash -e {0}
2026-03-04T10:58:36.5185797Z env:
2026-03-04T10:58:36.5186096Z   pythonLocation: /opt/hostedtoolcache/Python/3.12.12/x64
2026-03-04T10:58:36.5186594Z   PKG_CONFIG_PATH: /opt/hostedtoolcache/Python/3.12.12/x64/lib/pkgconfig
2026-03-04T10:58:36.5187083Z   Python_ROOT_DIR: /opt/hostedtoolcache/Python/3.12.12/x64
2026-03-04T10:58:36.5187516Z   Python2_ROOT_DIR: /opt/hostedtoolcache/Python/3.12.12/x64
2026-03-04T10:58:36.5187916Z   Python3_ROOT_DIR: /opt/hostedtoolcache/Python/3.12.12/x64
2026-03-04T10:58:36.5188337Z   LD_LIBRARY_PATH: /opt/hostedtoolcache/Python/3.12.12/x64/lib
2026-03-04T10:58:36.5188706Z ##[endgroup]
2026-03-04T10:58:37.9908996Z Requirement already satisfied: pip in /opt/hostedtoolcache/Python/3.12.12/x64/lib/python3.12/site-packages (26.0.1)
2026-03-04T10:58:39.1225723Z Collecting build==1.3.0 (from -r requirements.dev.lock.txt (line 1))
2026-03-04T10:58:39.1794017Z   Downloading build-1.3.0-py3-none-any.whl.metadata (5.6 kB)
2026-03-04T10:58:39.5694997Z Collecting coverage==7.13.4 (from -r requirements.dev.lock.txt (line 2))
2026-03-04T10:58:39.5728405Z   Downloading coverage-7.13.4-cp312-cp312-manylinux1_x86_64.manylinux_2_28_x86_64.manylinux_2_5_x86_64.whl.metadata (8.5 kB)
2026-03-04T10:58:39.6617463Z Collecting mypy==1.19.1 (from -r requirements.dev.lock.txt (line 3))
2026-03-04T10:58:39.6664504Z   Downloading mypy-1.19.1-cp312-cp312-manylinux2014_x86_64.manylinux_2_17_x86_64.manylinux_2_28_x86_64.whl.metadata (2.2 kB)
2026-03-04T10:58:39.6939947Z Collecting pre-commit==3.7.0 (from -r requirements.dev.lock.txt (line 4))
2026-03-04T10:58:39.6975501Z   Downloading pre_commit-3.7.0-py2.py3-none-any.whl.metadata (1.3 kB)
2026-03-04T10:58:40.0428736Z Collecting ruff==0.15.1 (from -r requirements.dev.lock.txt (line 5))
2026-03-04T10:58:40.0461354Z   Downloading ruff-0.15.1-py3-none-manylinux_2_17_x86_64.manylinux2014_x86_64.whl.metadata (26 kB)
2026-03-04T10:58:40.0651041Z Collecting twine==6.1.0 (from -r requirements.dev.lock.txt (line 6))
2026-03-04T10:58:40.0688900Z   Downloading twine-6.1.0-py3-none-any.whl.metadata (3.7 kB)
2026-03-04T10:58:40.0940639Z Collecting packaging>=19.1 (from build==1.3.0->-r requirements.dev.lock.txt (line 1))
2026-03-04T10:58:40.0991790Z   Downloading packaging-26.0-py3-none-any.whl.metadata (3.3 kB)
2026-03-04T10:58:40.1125870Z Collecting pyproject_hooks (from build==1.3.0->-r requirements.dev.lock.txt (line 1))
2026-03-04T10:58:40.1156418Z   Downloading pyproject_hooks-1.2.0-py3-none-any.whl.metadata (1.3 kB)
2026-03-04T10:58:40.1336010Z Collecting typing_extensions>=4.6.0 (from mypy==1.19.1->-r requirements.dev.lock.txt (line 3))
2026-03-04T10:58:40.1368416Z   Downloading typing_extensions-4.15.0-py3-none-any.whl.metadata (3.3 kB)
2026-03-04T10:58:40.1474194Z Collecting mypy_extensions>=1.0.0 (from mypy==1.19.1->-r requirements.dev.lock.txt (line 3))
2026-03-04T10:58:40.1503148Z   Downloading mypy_extensions-1.1.0-py3-none-any.whl.metadata (1.1 kB)
2026-03-04T10:58:40.1631573Z Collecting pathspec>=0.9.0 (from mypy==1.19.1->-r requirements.dev.lock.txt (line 3))
2026-03-04T10:58:40.1663417Z   Downloading pathspec-1.0.4-py3-none-any.whl.metadata (13 kB)
2026-03-04T10:58:40.2710108Z Collecting librt>=0.6.2 (from mypy==1.19.1->-r requirements.dev.lock.txt (line 3))
2026-03-04T10:58:40.2742194Z   Downloading librt-0.8.1-cp312-cp312-manylinux2014_x86_64.manylinux_2_17_x86_64.manylinux_2_28_x86_64.whl.metadata (1.3 kB)
2026-03-04T10:58:40.2866059Z Collecting cfgv>=2.0.0 (from pre-commit==3.7.0->-r requirements.dev.lock.txt (line 4))
2026-03-04T10:58:40.2894118Z   Downloading cfgv-3.5.0-py2.py3-none-any.whl.metadata (8.9 kB)
2026-03-04T10:58:40.3255272Z Collecting identify>=1.0.0 (from pre-commit==3.7.0->-r requirements.dev.lock.txt (line 4))
2026-03-04T10:58:40.3289148Z   Downloading identify-2.6.17-py2.py3-none-any.whl.metadata (4.4 kB)
2026-03-04T10:58:40.3430000Z Collecting nodeenv>=0.11.1 (from pre-commit==3.7.0->-r requirements.dev.lock.txt (line 4))
2026-03-04T10:58:40.3460076Z   Downloading nodeenv-1.10.0-py2.py3-none-any.whl.metadata (24 kB)
2026-03-04T10:58:40.3875860Z Collecting pyyaml>=5.1 (from pre-commit==3.7.0->-r requirements.dev.lock.txt (line 4))
2026-03-04T10:58:40.3907937Z   Downloading pyyaml-6.0.3-cp312-cp312-manylinux2014_x86_64.manylinux_2_17_x86_64.manylinux_2_28_x86_64.whl.metadata (2.4 kB)
2026-03-04T10:58:40.4289349Z Collecting virtualenv>=20.10.0 (from pre-commit==3.7.0->-r requirements.dev.lock.txt (line 4))
2026-03-04T10:58:40.4321198Z   Downloading virtualenv-21.1.0-py3-none-any.whl.metadata (3.5 kB)
2026-03-04T10:58:40.4476362Z Collecting readme-renderer>=35.0 (from twine==6.1.0->-r requirements.dev.lock.txt (line 6))
2026-03-04T10:58:40.4506938Z   Downloading readme_renderer-44.0-py3-none-any.whl.metadata (2.8 kB)
2026-03-04T10:58:40.4718783Z Collecting requests>=2.20 (from twine==6.1.0->-r requirements.dev.lock.txt (line 6))
2026-03-04T10:58:40.4750977Z   Downloading requests-2.32.5-py3-none-any.whl.metadata (4.9 kB)
2026-03-04T10:58:40.4878789Z Collecting requests-toolbelt!=0.9.0,>=0.8.0 (from twine==6.1.0->-r requirements.dev.lock.txt (line 6))
2026-03-04T10:58:40.4915349Z   Downloading requests_toolbelt-1.0.0-py2.py3-none-any.whl.metadata (14 kB)
2026-03-04T10:58:40.5152220Z Collecting urllib3>=1.26.0 (from twine==6.1.0->-r requirements.dev.lock.txt (line 6))
2026-03-04T10:58:40.5183220Z   Downloading urllib3-2.6.3-py3-none-any.whl.metadata (6.9 kB)
2026-03-04T10:58:40.5475747Z Collecting keyring>=15.1 (from twine==6.1.0->-r requirements.dev.lock.txt (line 6))
2026-03-04T10:58:40.5512801Z   Downloading keyring-25.7.0-py3-none-any.whl.metadata (21 kB)
2026-03-04T10:58:40.5675517Z Collecting rfc3986>=1.4.0 (from twine==6.1.0->-r requirements.dev.lock.txt (line 6))
2026-03-04T10:58:40.5703612Z   Downloading rfc3986-2.0.0-py2.py3-none-any.whl.metadata (6.6 kB)
2026-03-04T10:58:40.6022385Z Collecting rich>=12.0.0 (from twine==6.1.0->-r requirements.dev.lock.txt (line 6))
2026-03-04T10:58:40.6052746Z   Downloading rich-14.3.3-py3-none-any.whl.metadata (18 kB)
2026-03-04T10:58:40.6193856Z Collecting id (from twine==6.1.0->-r requirements.dev.lock.txt (line 6))
2026-03-04T10:58:40.6223493Z   Downloading id-1.6.1-py3-none-any.whl.metadata (5.1 kB)
2026-03-04T10:58:40.6366783Z Collecting SecretStorage>=3.2 (from keyring>=15.1->twine==6.1.0->-r requirements.dev.lock.txt (line 6))
2026-03-04T10:58:40.6395354Z   Downloading secretstorage-3.5.0-py3-none-any.whl.metadata (4.0 kB)
2026-03-04T10:58:40.6510984Z Collecting jeepney>=0.4.2 (from keyring>=15.1->twine==6.1.0->-r requirements.dev.lock.txt (line 6))
2026-03-04T10:58:40.6539345Z   Downloading jeepney-0.9.0-py3-none-any.whl.metadata (1.2 kB)
2026-03-04T10:58:40.6661022Z Collecting jaraco.classes (from keyring>=15.1->twine==6.1.0->-r requirements.dev.lock.txt (line 6))
2026-03-04T10:58:40.6688037Z   Downloading jaraco.classes-3.4.0-py3-none-any.whl.metadata (2.6 kB)
2026-03-04T10:58:40.6858527Z Collecting jaraco.functools (from keyring>=15.1->twine==6.1.0->-r requirements.dev.lock.txt (line 6))
2026-03-04T10:58:40.6885823Z   Downloading jaraco_functools-4.4.0-py3-none-any.whl.metadata (3.0 kB)
2026-03-04T10:58:40.7027636Z Collecting jaraco.context (from keyring>=15.1->twine==6.1.0->-r requirements.dev.lock.txt (line 6))
2026-03-04T10:58:40.7056499Z   Downloading jaraco_context-6.1.0-py3-none-any.whl.metadata (4.3 kB)
2026-03-04T10:58:40.7474056Z Collecting nh3>=0.2.14 (from readme-renderer>=35.0->twine==6.1.0->-r requirements.dev.lock.txt (line 6))
2026-03-04T10:58:40.7504930Z   Downloading nh3-0.3.3-cp38-abi3-manylinux_2_17_x86_64.manylinux2014_x86_64.whl.metadata (2.0 kB)
2026-03-04T10:58:40.7645574Z Collecting docutils>=0.21.2 (from readme-renderer>=35.0->twine==6.1.0->-r requirements.dev.lock.txt (line 6))
2026-03-04T10:58:40.7674028Z   Downloading docutils-0.22.4-py3-none-any.whl.metadata (15 kB)
2026-03-04T10:58:40.7868989Z Collecting Pygments>=2.5.1 (from readme-renderer>=35.0->twine==6.1.0->-r requirements.dev.lock.txt (line 6))
2026-03-04T10:58:40.7901322Z   Downloading pygments-2.19.2-py3-none-any.whl.metadata (2.5 kB)
2026-03-04T10:58:40.8681594Z Collecting charset_normalizer<4,>=2 (from requests>=2.20->twine==6.1.0->-r requirements.dev.lock.txt (line 6))
2026-03-04T10:58:40.8714240Z   Downloading charset_normalizer-3.4.4-cp312-cp312-manylinux2014_x86_64.manylinux_2_17_x86_64.manylinux_2_28_x86_64.whl.metadata (37 kB)
2026-03-04T10:58:40.8870575Z Collecting idna<4,>=2.5 (from requests>=2.20->twine==6.1.0->-r requirements.dev.lock.txt (line 6))
2026-03-04T10:58:40.8898192Z   Downloading idna-3.11-py3-none-any.whl.metadata (8.4 kB)
2026-03-04T10:58:40.9119788Z Collecting certifi>=2017.4.17 (from requests>=2.20->twine==6.1.0->-r requirements.dev.lock.txt (line 6))
2026-03-04T10:58:40.9158182Z   Downloading certifi-2026.2.25-py3-none-any.whl.metadata (2.5 kB)
2026-03-04T10:58:40.9354687Z Collecting markdown-it-py>=2.2.0 (from rich>=12.0.0->twine==6.1.0->-r requirements.dev.lock.txt (line 6))
2026-03-04T10:58:40.9388617Z   Downloading markdown_it_py-4.0.0-py3-none-any.whl.metadata (7.3 kB)
2026-03-04T10:58:40.9536173Z Collecting mdurl~=0.1 (from markdown-it-py>=2.2.0->rich>=12.0.0->twine==6.1.0->-r requirements.dev.lock.txt (line 6))
2026-03-04T10:58:40.9564920Z   Downloading mdurl-0.1.2-py3-none-any.whl.metadata (1.6 kB)
2026-03-04T10:58:41.1845085Z Collecting cryptography>=2.0 (from SecretStorage>=3.2->keyring>=15.1->twine==6.1.0->-r requirements.dev.lock.txt (line 6))
2026-03-04T10:58:41.1877236Z   Downloading cryptography-46.0.5-cp311-abi3-manylinux_2_34_x86_64.whl.metadata (5.7 kB)
2026-03-04T10:58:41.2976165Z Collecting cffi>=2.0.0 (from cryptography>=2.0->SecretStorage>=3.2->keyring>=15.1->twine==6.1.0->-r requirements.dev.lock.txt (line 6))
2026-03-04T10:58:41.3007774Z   Downloading cffi-2.0.0-cp312-cp312-manylinux2014_x86_64.manylinux_2_17_x86_64.whl.metadata (2.6 kB)
2026-03-04T10:58:41.3131114Z Collecting pycparser (from cffi>=2.0.0->cryptography>=2.0->SecretStorage>=3.2->keyring>=15.1->twine==6.1.0->-r requirements.dev.lock.txt (line 6))
2026-03-04T10:58:41.3177474Z   Downloading pycparser-3.0-py3-none-any.whl.metadata (8.2 kB)
2026-03-04T10:58:41.3311936Z Collecting distlib<1,>=0.3.7 (from virtualenv>=20.10.0->pre-commit==3.7.0->-r requirements.dev.lock.txt (line 4))
2026-03-04T10:58:41.3338910Z   Downloading distlib-0.4.0-py2.py3-none-any.whl.metadata (5.2 kB)
2026-03-04T10:58:41.3512763Z Collecting filelock<4,>=3.24.2 (from virtualenv>=20.10.0->pre-commit==3.7.0->-r requirements.dev.lock.txt (line 4))
2026-03-04T10:58:41.3543614Z   Downloading filelock-3.25.0-py3-none-any.whl.metadata (2.0 kB)
2026-03-04T10:58:41.3710879Z Collecting platformdirs<5,>=3.9.1 (from virtualenv>=20.10.0->pre-commit==3.7.0->-r requirements.dev.lock.txt (line 4))
2026-03-04T10:58:41.3741231Z   Downloading platformdirs-4.9.2-py3-none-any.whl.metadata (4.7 kB)
2026-03-04T10:58:41.3845403Z Collecting python-discovery>=1 (from virtualenv>=20.10.0->pre-commit==3.7.0->-r requirements.dev.lock.txt (line 4))
2026-03-04T10:58:41.3873586Z   Downloading python_discovery-1.1.0-py3-none-any.whl.metadata (4.0 kB)
2026-03-04T10:58:41.4128572Z Collecting more-itertools (from jaraco.classes->keyring>=15.1->twine==6.1.0->-r requirements.dev.lock.txt (line 6))
2026-03-04T10:58:41.4160828Z   Downloading more_itertools-10.8.0-py3-none-any.whl.metadata (39 kB)
2026-03-04T10:58:41.4271034Z Downloading build-1.3.0-py3-none-any.whl (23 kB)
2026-03-04T10:58:41.4324071Z Downloading coverage-7.13.4-cp312-cp312-manylinux1_x86_64.manylinux_2_28_x86_64.manylinux_2_5_x86_64.whl (254 kB)
2026-03-04T10:58:41.4408680Z Downloading mypy-1.19.1-cp312-cp312-manylinux2014_x86_64.manylinux_2_17_x86_64.manylinux_2_28_x86_64.whl (13.6 MB)
2026-03-04T10:58:41.4999014Z    ━━━━━━━━━━━━━━━━━━━━━━━━━━━━━━━━━━━━━━━━ 13.6/13.6 MB 242.9 MB/s  0:00:00
2026-03-04T10:58:41.5031693Z Downloading pre_commit-3.7.0-py2.py3-none-any.whl (204 kB)
2026-03-04T10:58:41.5099326Z Downloading ruff-0.15.1-py3-none-manylinux_2_17_x86_64.manylinux2014_x86_64.whl (11.1 MB)
2026-03-04T10:58:41.5611490Z    ━━━━━━━━━━━━━━━━━━━━━━━━━━━━━━━━━━━━━━━━ 11.1/11.1 MB 227.8 MB/s  0:00:00
2026-03-04T10:58:41.5639857Z Downloading twine-6.1.0-py3-none-any.whl (40 kB)
2026-03-04T10:58:41.5694992Z Downloading cfgv-3.5.0-py2.py3-none-any.whl (7.4 kB)
2026-03-04T10:58:41.5746676Z Downloading identify-2.6.17-py2.py3-none-any.whl (99 kB)
2026-03-04T10:58:41.5808317Z Downloading keyring-25.7.0-py3-none-any.whl (39 kB)
2026-03-04T10:58:41.5866181Z Downloading jeepney-0.9.0-py3-none-any.whl (49 kB)
2026-03-04T10:58:41.5916689Z Downloading librt-0.8.1-cp312-cp312-manylinux2014_x86_64.manylinux_2_17_x86_64.manylinux_2_28_x86_64.whl (224 kB)
2026-03-04T10:58:41.5975833Z Downloading mypy_extensions-1.1.0-py3-none-any.whl (5.0 kB)
2026-03-04T10:58:41.6029063Z Downloading nodeenv-1.10.0-py2.py3-none-any.whl (23 kB)
2026-03-04T10:58:41.6081159Z Downloading packaging-26.0-py3-none-any.whl (74 kB)
2026-03-04T10:58:41.6131569Z Downloading pathspec-1.0.4-py3-none-any.whl (55 kB)
2026-03-04T10:58:41.6187282Z Downloading pyyaml-6.0.3-cp312-cp312-manylinux2014_x86_64.manylinux_2_17_x86_64.manylinux_2_28_x86_64.whl (807 kB)
2026-03-04T10:58:41.6278123Z    ━━━━━━━━━━━━━━━━━━━━━━━━━━━━━━━━━━━━━━━━ 807.9/807.9 kB 87.0 MB/s  0:00:00
2026-03-04T10:58:41.6308063Z Downloading readme_renderer-44.0-py3-none-any.whl (13 kB)
2026-03-04T10:58:41.6362373Z Downloading docutils-0.22.4-py3-none-any.whl (633 kB)
2026-03-04T10:58:41.6440758Z    ━━━━━━━━━━━━━━━━━━━━━━━━━━━━━━━━━━━━━━━━ 633.2/633.2 kB 82.1 MB/s  0:00:00
2026-03-04T10:58:41.6472739Z Downloading nh3-0.3.3-cp38-abi3-manylinux_2_17_x86_64.manylinux2014_x86_64.whl (811 kB)
2026-03-04T10:58:41.6548983Z    ━━━━━━━━━━━━━━━━━━━━━━━━━━━━━━━━━━━━━━━━ 811.5/811.5 kB 114.6 MB/s  0:00:00
2026-03-04T10:58:41.6577160Z Downloading pygments-2.19.2-py3-none-any.whl (1.2 MB)
2026-03-04T10:58:41.6667009Z    ━━━━━━━━━━━━━━━━━━━━━━━━━━━━━━━━━━━━━━━━ 1.2/1.2 MB 154.6 MB/s  0:00:00
2026-03-04T10:58:41.6696843Z Downloading requests-2.32.5-py3-none-any.whl (64 kB)
2026-03-04T10:58:41.6755916Z Downloading charset_normalizer-3.4.4-cp312-cp312-manylinux2014_x86_64.manylinux_2_17_x86_64.manylinux_2_28_x86_64.whl (153 kB)
2026-03-04T10:58:41.6814768Z Downloading idna-3.11-py3-none-any.whl (71 kB)
2026-03-04T10:58:41.6872367Z Downloading urllib3-2.6.3-py3-none-any.whl (131 kB)
2026-03-04T10:58:41.6928890Z Downloading certifi-2026.2.25-py3-none-any.whl (153 kB)
2026-03-04T10:58:41.7014902Z Downloading requests_toolbelt-1.0.0-py2.py3-none-any.whl (54 kB)
2026-03-04T10:58:41.7067743Z Downloading rfc3986-2.0.0-py2.py3-none-any.whl (31 kB)
2026-03-04T10:58:41.7119344Z Downloading rich-14.3.3-py3-none-any.whl (310 kB)
2026-03-04T10:58:41.7180436Z Downloading markdown_it_py-4.0.0-py3-none-any.whl (87 kB)
2026-03-04T10:58:41.7231995Z Downloading mdurl-0.1.2-py3-none-any.whl (10.0 kB)
2026-03-04T10:58:41.7283161Z Downloading secretstorage-3.5.0-py3-none-any.whl (15 kB)
2026-03-04T10:58:41.7336675Z Downloading cryptography-46.0.5-cp311-abi3-manylinux_2_34_x86_64.whl (4.5 MB)
2026-03-04T10:58:41.7600662Z    ━━━━━━━━━━━━━━━━━━━━━━━━━━━━━━━━━━━━━━━━ 4.5/4.5 MB 183.0 MB/s  0:00:00
2026-03-04T10:58:41.7634129Z Downloading cffi-2.0.0-cp312-cp312-manylinux2014_x86_64.manylinux_2_17_x86_64.whl (219 kB)
2026-03-04T10:58:41.7693881Z Downloading typing_extensions-4.15.0-py3-none-any.whl (44 kB)
2026-03-04T10:58:41.7746863Z Downloading virtualenv-21.1.0-py3-none-any.whl (5.8 MB)
2026-03-04T10:58:41.8018082Z    ━━━━━━━━━━━━━━━━━━━━━━━━━━━━━━━━━━━━━━━━ 5.8/5.8 MB 231.6 MB/s  0:00:00
2026-03-04T10:58:41.8052280Z Downloading distlib-0.4.0-py2.py3-none-any.whl (469 kB)
2026-03-04T10:58:41.8125922Z Downloading filelock-3.25.0-py3-none-any.whl (26 kB)
2026-03-04T10:58:41.8182859Z Downloading platformdirs-4.9.2-py3-none-any.whl (21 kB)
2026-03-04T10:58:41.8241587Z Downloading python_discovery-1.1.0-py3-none-any.whl (30 kB)
2026-03-04T10:58:41.8293027Z Downloading id-1.6.1-py3-none-any.whl (14 kB)
2026-03-04T10:58:41.8351772Z Downloading jaraco.classes-3.4.0-py3-none-any.whl (6.8 kB)
2026-03-04T10:58:41.8399849Z Downloading jaraco_context-6.1.0-py3-none-any.whl (7.1 kB)
2026-03-04T10:58:41.8449482Z Downloading jaraco_functools-4.4.0-py3-none-any.whl (10 kB)
2026-03-04T10:58:41.8501284Z Downloading more_itertools-10.8.0-py3-none-any.whl (69 kB)
2026-03-04T10:58:41.8557397Z Downloading pycparser-3.0-py3-none-any.whl (48 kB)
2026-03-04T10:58:41.8611619Z Downloading pyproject_hooks-1.2.0-py3-none-any.whl (10 kB)
2026-03-04T10:58:42.0133864Z Installing collected packages: distlib, urllib3, typing_extensions, ruff, rfc3986, pyyaml, pyproject_hooks, Pygments, pycparser, platformdirs, pathspec, packaging, nodeenv, nh3, mypy_extensions, more-itertools, mdurl, librt, jeepney, jaraco.context, idna, identify, filelock, docutils, coverage, charset_normalizer, cfgv, certifi, requests, readme-renderer, python-discovery, mypy, markdown-it-py, jaraco.functools, jaraco.classes, id, cffi, build, virtualenv, rich, requests-toolbelt, cryptography, SecretStorage, pre-commit, keyring, twine
2026-03-04T10:58:46.7322651Z 
2026-03-04T10:58:46.7369094Z Successfully installed Pygments-2.19.2 SecretStorage-3.5.0 build-1.3.0 certifi-2026.2.25 cffi-2.0.0 cfgv-3.5.0 charset_normalizer-3.4.4 coverage-7.13.4 cryptography-46.0.5 distlib-0.4.0 docutils-0.22.4 filelock-3.25.0 id-1.6.1 identify-2.6.17 idna-3.11 jaraco.classes-3.4.0 jaraco.context-6.1.0 jaraco.functools-4.4.0 jeepney-0.9.0 keyring-25.7.0 librt-0.8.1 markdown-it-py-4.0.0 mdurl-0.1.2 more-itertools-10.8.0 mypy-1.19.1 mypy_extensions-1.1.0 nh3-0.3.3 nodeenv-1.10.0 packaging-26.0 pathspec-1.0.4 platformdirs-4.9.2 pre-commit-3.7.0 pycparser-3.0 pyproject_hooks-1.2.0 python-discovery-1.1.0 pyyaml-6.0.3 readme-renderer-44.0 requests-2.32.5 requests-toolbelt-1.0.0 rfc3986-2.0.0 rich-14.3.3 ruff-0.15.1 twine-6.1.0 typing_extensions-4.15.0 urllib3-2.6.3 virtualenv-21.1.0
2026-03-04T10:58:47.5515862Z Obtaining file:///home/runner/work/integrator/integrator
2026-03-04T10:58:47.5534683Z   Installing build dependencies: started
2026-03-04T10:58:48.4521755Z   Installing build dependencies: finished with status 'done'
2026-03-04T10:58:48.4529150Z   Checking if build backend supports build_editable: started
2026-03-04T10:58:48.9112388Z   Checking if build backend supports build_editable: finished with status 'done'
2026-03-04T10:58:48.9122078Z   Getting requirements to build editable: started
2026-03-04T10:58:49.2925225Z   Getting requirements to build editable: finished with status 'done'
2026-03-04T10:58:49.2939591Z   Preparing editable metadata (pyproject.toml): started
2026-03-04T10:58:49.5077753Z   Preparing editable metadata (pyproject.toml): finished with status 'done'
2026-03-04T10:58:49.5129051Z Building wheels for collected packages: integrator
2026-03-04T10:58:49.5138251Z   Building editable for integrator (pyproject.toml): started
2026-03-04T10:58:49.7748328Z   Building editable for integrator (pyproject.toml): finished with status 'done'
2026-03-04T10:58:49.7757713Z   Created wheel for integrator: filename=integrator-0.2.0-0.editable-py3-none-any.whl size=5124 sha256=df5805ff146b8d748a19b8ce0aa8225edba7e2d23e754b661046e45df1dd9e69
2026-03-04T10:58:49.7762168Z   Stored in directory: /tmp/pip-ephem-wheel-cache-_1bju0qy/wheels/a0/3f/97/519243ea77556556ba9926e4f7f2811a7788e6390ca47ea538
2026-03-04T10:58:49.7784668Z Successfully built integrator
2026-03-04T10:58:49.8116480Z Installing collected packages: integrator
2026-03-04T10:58:49.8231031Z Successfully installed integrator-0.2.0
2026-03-04T10:58:49.8915828Z ##[group]Run python -m pre_commit run --hook-stage pre-commit --all-files
2026-03-04T10:58:49.8916528Z [36;1mpython -m pre_commit run --hook-stage pre-commit --all-files[0m
2026-03-04T10:58:49.8968137Z shell: /usr/bin/bash -e {0}
2026-03-04T10:58:49.8968363Z env:
2026-03-04T10:58:49.8968609Z   pythonLocation: /opt/hostedtoolcache/Python/3.12.12/x64
2026-03-04T10:58:49.8969023Z   PKG_CONFIG_PATH: /opt/hostedtoolcache/Python/3.12.12/x64/lib/pkgconfig
2026-03-04T10:58:49.8969440Z   Python_ROOT_DIR: /opt/hostedtoolcache/Python/3.12.12/x64
2026-03-04T10:58:49.8969815Z   Python2_ROOT_DIR: /opt/hostedtoolcache/Python/3.12.12/x64
2026-03-04T10:58:49.8970179Z   Python3_ROOT_DIR: /opt/hostedtoolcache/Python/3.12.12/x64
2026-03-04T10:58:49.8970892Z   LD_LIBRARY_PATH: /opt/hostedtoolcache/Python/3.12.12/x64/lib
2026-03-04T10:58:49.8971189Z ##[endgroup]
2026-03-04T10:58:50.5302578Z integrator guardrails....................................................Failed
2026-03-04T10:58:50.5305089Z - hook id: integrator-guardrails
2026-03-04T10:58:50.5305542Z - exit code: 1
2026-03-04T10:58:50.5305745Z 
2026-03-04T10:58:50.5305902Z ok=False errors=5 warnings=1
2026-03-04T10:58:50.5306283Z scanned_files=177
2026-03-04T10:58:50.5306815Z ERROR vault_root: missing: /home/runner/work/integrator/integrator/vault
2026-03-04T10:58:50.5307710Z ERROR vault_projects: missing: /home/runner/work/integrator/integrator/vault/Projects
2026-03-04T10:58:50.5308746Z ERROR localai_root: missing: /home/runner/work/integrator/integrator/LocalAI
2026-03-04T10:58:50.5309725Z ERROR algotrading_root: missing: /home/runner/work/integrator/integrator/vault/Projects/AlgoTrading
2026-03-04T10:58:50.5311097Z ERROR project_rules_index: missing: /home/runner/work/integrator/integrator/vault/Projects
2026-03-04T10:58:50.5312663Z WARN  localai_rules: /home/runner/work/integrator/integrator/LocalAI/assistant/.trae/rules/project_rules.md; /home/runner/work/integrator/integrator/LocalAI/assistant/README.md
2026-03-04T10:58:50.5313813Z 
2026-03-04T10:58:50.6013954Z integrator ruff..........................................................Passed
2026-03-04T10:58:54.5945372Z integrator mypy..........................................................Passed
2026-03-04T10:58:56.7113053Z integrator unittest......................................................Passed
2026-03-04T10:58:56.7307690Z ##[error]Process completed with exit code 1.
2026-03-04T10:58:56.7435377Z Post job cleanup.
2026-03-04T10:58:56.8444162Z [command]/usr/bin/git version
2026-03-04T10:58:56.8489665Z git version 2.53.0
2026-03-04T10:58:56.8540498Z Temporarily overriding HOME='/home/runner/work/_temp/e91b639a-abc3-42f5-a0a8-489888b371ae' before making global git config changes
2026-03-04T10:58:56.8542772Z Adding repository directory to the temporary git global config as a safe directory
2026-03-04T10:58:56.8549858Z [command]/usr/bin/git config --global --add safe.directory /home/runner/work/integrator/integrator
2026-03-04T10:58:56.8602640Z [command]/usr/bin/git config --local --name-only --get-regexp core\.sshCommand
2026-03-04T10:58:56.8642980Z [command]/usr/bin/git submodule foreach --recursive sh -c "git config --local --name-only --get-regexp 'core\.sshCommand' && git config --local --unset-all 'core.sshCommand' || :"
2026-03-04T10:58:56.8918648Z [command]/usr/bin/git config --local --name-only --get-regexp http\.https\:\/\/github\.com\/\.extraheader
2026-03-04T10:58:56.8945569Z http.https://github.com/.extraheader
2026-03-04T10:58:56.8960846Z [command]/usr/bin/git config --local --unset-all http.https://github.com/.extraheader
2026-03-04T10:58:56.9000068Z [command]/usr/bin/git submodule foreach --recursive sh -c "git config --local --name-only --get-regexp 'http\.https\:\/\/github\.com\/\.extraheader' && git config --local --unset-all 'http.https://github.com/.extraheader' || :"
2026-03-04T10:58:56.9275763Z [command]/usr/bin/git config --local --name-only --get-regexp ^includeIf\.gitdir:
2026-03-04T10:58:56.9315168Z [command]/usr/bin/git submodule foreach --recursive git config --local --show-origin --name-only --get-regexp remote.origin.url
2026-03-04T10:58:56.9703100Z Cleaning up orphan processes
