P0 Network Check AFTER - 20260220_104520
=== Host ===
DESKTOP-L7DPLE6
=== Date ===

20 февраля 2026 г. 10:45:20

=== Routes ===

ifIndex DestinationPrefix                              NextHop
------- -----------------                              -------                           
1       ::1/128                                        ::                                
4       0.0.0.0/0                                      192.168.31.1                      
18      0.0.0.0/1                                      0.0.0.0                           
18      10.179.64.211/32                               0.0.0.0                           
1       127.0.0.0/8                                    0.0.0.0                           
1       127.0.0.1/32                                   0.0.0.0                           
18      127.255.255.255/32                             0.0.0.0                           
1       127.255.255.255/32                             0.0.0.0                           
18      128.0.0.0/1                                    0.0.0.0                           
4       192.168.31.0/24                                0.0.0.0                           
4       192.168.31.124/32                              0.0.0.0                           
4       192.168.31.255/32                              0.0.0.0                           
1       224.0.0.0/4                                    0.0.0.0                           
18      224.0.0.0/4                                    0.0.0.0                           
4       224.0.0.0/4                                    0.0.0.0                           
1       255.255.255.255/32                             0.0.0.0                           
4       255.255.255.255/32                             0.0.0.0                           
18      255.255.255.255/32                             0.0.0.0                           
4       85.203.40.35/32                                192.168.31.1                      
4       fe80::/64                                      ::                                
18      fe80::/64                                      ::                                
18      fe80::6327:7f96:3627:beeb/128                  ::                                
4       fe80::b472:b379:3b9:1829/128                   ::                                
18      ff00::/8                                       ::                                
4       ff00::/8                                       ::                                
1       ff00::/8                                       ::                                

=== IP Interfaces ===

ifIndex InterfaceAlias                  AddressFamily NlMtu(Bytes) InterfaceMetric Dhcp
------- --------------                  ------------- ------------ --------------- ----  
18      wgo0                            IPv4                  1420               1 Disab…
18      wgo0                            IPv6                 65535               5 Disab…
4       Ethernet                        IPv6                  1500              35 Enabl…
4       Ethernet                        IPv4                  1500              35 Enabl…
1       Loopback Pseudo-Interface 1     IPv6            4294967295              75 Disab…
1       Loopback Pseudo-Interface 1     IPv4            4294967295              75 Disab…

=== IP Config ===

IPAddress         : fe80::b472:b379:3b9:1829%4
InterfaceIndex    : 4
InterfaceAlias    : Ethernet
AddressFamily     : IPv6
Type              : Unicast
PrefixLength      : 64
PrefixOrigin      : WellKnown
SuffixOrigin      : Link
AddressState      : Preferred
ValidLifetime     : Infinite ([TimeSpan]::MaxValue)
PreferredLifetime : Infinite ([TimeSpan]::MaxValue)
SkipAsSource      : False
PolicyStore       : ActiveStore

IPAddress         : fe80::6327:7f96:3627:beeb%18
InterfaceIndex    : 18
InterfaceAlias    : wgo0
AddressFamily     : IPv6
Type              : Unicast
PrefixLength      : 64
PrefixOrigin      : WellKnown
SuffixOrigin      : Link
AddressState      : Preferred
ValidLifetime     : Infinite ([TimeSpan]::MaxValue)
PreferredLifetime : Infinite ([TimeSpan]::MaxValue)
SkipAsSource      : False
PolicyStore       : ActiveStore

IPAddress         : ::1
InterfaceIndex    : 1
InterfaceAlias    : Loopback Pseudo-Interface 1
AddressFamily     : IPv6
Type              : Unicast
PrefixLength      : 128
PrefixOrigin      : WellKnown
SuffixOrigin      : WellKnown
AddressState      : Preferred
ValidLifetime     : Infinite ([TimeSpan]::MaxValue)
PreferredLifetime : Infinite ([TimeSpan]::MaxValue)
SkipAsSource      : False
PolicyStore       : ActiveStore

IPAddress         : 192.168.31.124
InterfaceIndex    : 4
InterfaceAlias    : Ethernet
AddressFamily     : IPv4
Type              : Unicast
PrefixLength      : 24
PrefixOrigin      : Dhcp
SuffixOrigin      : Dhcp
AddressState      : Preferred
ValidLifetime     : 11:58:11
PreferredLifetime : 11:58:11
SkipAsSource      : False
PolicyStore       : ActiveStore

IPAddress         : 10.179.64.211
InterfaceIndex    : 18
InterfaceAlias    : wgo0
AddressFamily     : IPv4
Type              : Unicast
PrefixLength      : 32
PrefixOrigin      : Manual
SuffixOrigin      : Manual
AddressState      : Preferred
ValidLifetime     : Infinite ([TimeSpan]::MaxValue)
PreferredLifetime : Infinite ([TimeSpan]::MaxValue)
SkipAsSource      : False
PolicyStore       : ActiveStore

IPAddress         : 127.0.0.1
InterfaceIndex    : 1
InterfaceAlias    : Loopback Pseudo-Interface 1
AddressFamily     : IPv4
Type              : Unicast
PrefixLength      : 8
PrefixOrigin      : WellKnown
SuffixOrigin      : WellKnown
AddressState      : Preferred
ValidLifetime     : Infinite ([TimeSpan]::MaxValue)
PreferredLifetime : Infinite ([TimeSpan]::MaxValue)
SkipAsSource      : False
PolicyStore       : ActiveStore

=== DNS Client Server Addresses ===

InterfaceAlias               Interface Address ServerAddresses
                             Index     Family
--------------               --------- ------- ---------------
wgo0                                18 IPv4    {8.8.8.8, 1.1.1.1}
wgo0                                18 IPv6    {}
Ethernet                             4 IPv4    {192.168.31.1}
Ethernet                             4 IPv6    {}
Loopback Pseudo-Interface 1          1 IPv4    {}
Loopback Pseudo-Interface 1          1 IPv6    {fec0:0:0:ffff::1, fec0:0:0:ffff::2, fec0…

=== DNS Suffix Search List ===

UseSuffixSearchList : False
SuffixSearchList    : {}
UseDevolution       : True
DevolutionLevel     : 0

=== DNS Resolve (ifconfig.me) ===

Name                                           Type   TTL   Section    IPAddress
----                                           ----   ---   -------    ---------
ifconfig.me                                    AAAA   107   Answer     2600:1901:0:b2bd::
ifconfig.me                                    A      21    Answer     34.160.111.145

=== IPv6 Interfaces ===

ifIndex InterfaceAlias                  AddressFamily NlMtu(Bytes) InterfaceMetric Dhcp
------- --------------                  ------------- ------------ --------------- ----  
4       Ethernet                        IPv6                  1500              35 Enabl…
18      wgo0                            IPv6                 65535               5 Disab…
1       Loopback Pseudo-Interface 1     IPv6            4294967295              75 Disab…

=== IPv6 Addresses ===

IPAddress         : fe80::b472:b379:3b9:1829%4
InterfaceIndex    : 4
InterfaceAlias    : Ethernet
AddressFamily     : IPv6
Type              : Unicast
PrefixLength      : 64
PrefixOrigin      : WellKnown
SuffixOrigin      : Link
AddressState      : Preferred
ValidLifetime     : Infinite ([TimeSpan]::MaxValue)
PreferredLifetime : Infinite ([TimeSpan]::MaxValue)
SkipAsSource      : False
PolicyStore       : ActiveStore

IPAddress         : fe80::6327:7f96:3627:beeb%18
InterfaceIndex    : 18
InterfaceAlias    : wgo0
AddressFamily     : IPv6
Type              : Unicast
PrefixLength      : 64
PrefixOrigin      : WellKnown
SuffixOrigin      : Link
AddressState      : Preferred
ValidLifetime     : Infinite ([TimeSpan]::MaxValue)
PreferredLifetime : Infinite ([TimeSpan]::MaxValue)
SkipAsSource      : False
PolicyStore       : ActiveStore

IPAddress         : ::1
InterfaceIndex    : 1
InterfaceAlias    : Loopback Pseudo-Interface 1
AddressFamily     : IPv6
Type              : Unicast
PrefixLength      : 128
PrefixOrigin      : WellKnown
SuffixOrigin      : WellKnown
AddressState      : Preferred
ValidLifetime     : Infinite ([TimeSpan]::MaxValue)
PreferredLifetime : Infinite ([TimeSpan]::MaxValue)
SkipAsSource      : False
PolicyStore       : ActiveStore

=== IP Forwarding ===

ifIndex InterfaceAlias              AddressFamily Forwarding
------- --------------              ------------- ----------
      4 Ethernet                             IPv6   Disabled
     18 wgo0                                 IPv6   Disabled
      1 Loopback Pseudo-Interface 1          IPv6   Disabled
      4 Ethernet                             IPv4   Disabled
     18 wgo0                                 IPv4   Disabled
      1 Loopback Pseudo-Interface 1          IPv4   Disabled

=== ICS Service ===

Status   Name               DisplayName
------   ----               -----------
Stopped  SharedAccess       Общий доступ к подключению к Интернет…

=== Netsh Routing ===

Инд     Мет         MTU          Состояние               Имя
---  ----------  ----------  ------------  ---------------------------
  1          75  4294967295  connected     Loopback Pseudo-Interface 1
 18           1        1420  connected     wgo0
  4          35        1500  connected     Ethernet


Публикация  Тип      Мет  Префикс                    Инд  Имя шлюза/интерфейса
-------  --------  ---  ------------------------  ---  ------------------------
Нет      Вручную   0    0.0.0.0/0                   4  192.168.31.1
Нет      Вручную   1    0.0.0.0/1                  18  wgo0
Нет      Система   256  10.179.64.211/32           18  wgo0
Нет      Вручную   1    85.203.40.35/32             4  192.168.31.1
Нет      Система   256  127.0.0.0/8                 1  Loopback Pseudo-Interface 1
Нет      Система   256  127.0.0.1/32                1  Loopback Pseudo-Interface 1
Нет      Система   256  127.255.255.255/32          1  Loopback Pseudo-Interface 1
Нет      Система   256  127.255.255.255/32         18  wgo0
Нет      Вручную   1    128.0.0.0/1                18  wgo0
Нет      Система   256  192.168.31.0/24             4  Ethernet
Нет      Система   256  192.168.31.124/32           4  Ethernet
Нет      Система   256  192.168.31.255/32           4  Ethernet
Нет      Система   256  224.0.0.0/4                 1  Loopback Pseudo-Interface 1
Нет      Система   256  224.0.0.0/4                 4  Ethernet
Нет      Система   256  224.0.0.0/4                18  wgo0
Нет      Система   256  255.255.255.255/32          1  Loopback Pseudo-Interface 1
Нет      Система   256  255.255.255.255/32          4  Ethernet
Нет      Система   256  255.255.255.255/32         18  wgo0

=== WinHTTP Proxy ===

Текущие параметры WinHTTP прокси.

    Прямой доступ (без прокси-сервера).

=== WinINET Proxy ===

ProxyEnable ProxyServer ProxyOverride
----------- ----------- -------------
          0             

=== Firewall Rules (P0) ===

Name                          : {7218925d-158c-47fc-b206-3e8f27d9abea}
DisplayName                   : P0-Block-DNS-UDP-Ethernet
Description                   : 
DisplayGroup                  : 
Group                         : 
Enabled                       : True
Profile                       : Any
Platform                      : {}
Direction                     : Outbound
Action                        : Block
EdgeTraversalPolicy           : Block
LooseSourceMapping            : False
LocalOnlyMapping              : False
Owner                         : 
PrimaryStatus                 : OK
Status                        : Правило было успешно проанализировано из хранилища. (65536)
EnforcementStatus             : NotApplicable
PolicyStoreSource             : PersistentStore
PolicyStoreSourceType         : Local
RemoteDynamicKeywordAddresses : 
PolicyAppId                   : 

Name                          : {24a65b2d-dcde-4265-ab15-4d2dfd8a0c54}
DisplayName                   : P0-Block-DNS-TCP-Ethernet
Description                   : 
DisplayGroup                  : 
Group                         : 
Enabled                       : True
Profile                       : Any
Platform                      : {}
Direction                     : Outbound
Action                        : Block
EdgeTraversalPolicy           : Block
LooseSourceMapping            : False
LocalOnlyMapping              : False
Owner                         : 
PrimaryStatus                 : OK
Status                        : Правило было успешно проанализировано из хранилища. (65536)
EnforcementStatus             : NotApplicable
PolicyStoreSource             : PersistentStore
PolicyStoreSourceType         : Local
RemoteDynamicKeywordAddresses : 
PolicyAppId                   : 

