START_RETRY
Auto-merging 00-Rules (Summary).md
Auto-merging KB/Architecture-Master-Plan.md
Auto-merging KB/Architecture-ProxyChain.md
Auto-merging KB/Hardware-Setup-UX310U.md
Auto-merging KB/Indexing-Status-Note.md
Auto-merging KB/Network-Audit.md
Auto-merging KB/Project-State-Traceability-Report.md
Auto-merging KB/Project-Structure.md
Auto-merging KB/Providers-Analysis.md
Auto-merging KB/Proxy-Config.md
Auto-merging KB/Runbook-P0-Network-After-Admin.md
Auto-merging KB/Runbook-P0-Network-After.md
Auto-merging KB/Runbook-P0-Network-Checks.md
Auto-merging KB/Tasks.md
Auto-merging KB/VPS-Config.md
Auto-merging KB/VPS-Selection-Guide.md
Auto-merging KB/Zapret-Audit.md
Merge made by the 'ort' strategy.
 00-Rules (Summary).md                |  9 ++---
 KB/Architecture-Master-Plan.md       |  7 ----
 KB/Architecture-ProxyChain.md        |  8 ++---
 KB/Indexing-Status-Note.md           | 14 +++-----
 KB/Runbook-P0-Network-After-Admin.md | 67 ++++++------------------------------
 KB/Runbook-P0-Network-After.md       |  2 +-
 KB/Runbook-P0-Network-Checks.md      |  2 +-
 KB/Tasks.md                          | 29 ++--------------
 8 files changed, 27 insertions(+), 111 deletions(-)
To https://github.com/egorKara/stealth-nexus.git
   fabd913..4991ca6  master -> master
4991ca62b8b40f086a06adacfc372c2d71846e30
